[INFO ] 2022-09-25 02:06:19.287-FE.LoginFeature-loginValidation - =========== TC: loginValidation started: ===========
[INFO ] 2022-09-25 02:06:26.520-FE.LoginFeature-loginValidation -  clicked on Logout
[INFO ] 2022-09-25 02:06:32.427-FE.LoginFeature-loginValidation - set username as: test8888@gmail.com
[INFO ] 2022-09-25 02:06:32.708-FE.LoginFeature-loginValidation - set password as: A1hS#!25
[INFO ] 2022-09-25 02:06:38.407-FE.LoginFeature-loginValidation - submitted login
[INFO ] 2022-09-25 02:06:41.206-FE.LoginFeature-loginValidation -  navigated to myAccount page
[INFO ] 2022-09-25 02:06:41.351-FE.LoginFeature-loginValidation - =========== TC: loginValidation passed  ===========
[INFO ] 2022-09-25 02:06:41.362-FE.LoginFeature-loginValidation - =========== TC: loginValidation started: ===========
[INFO ] 2022-09-25 02:06:49.162-FE.LoginFeature-loginValidation -  clicked on Logout
[INFO ] 2022-09-25 02:06:53.637-FE.LoginFeature-loginValidation - set username as: Araafat.abdo@gmail.com
[INFO ] 2022-09-25 02:06:53.954-FE.LoginFeature-loginValidation - set password as: $!@)(#%@@
[INFO ] 2022-09-25 02:06:57.122-FE.LoginFeature-loginValidation - submitted login
[INFO ] 2022-09-25 02:06:57.253-FE.LoginFeature-loginValidation - Can not navigate to myAccount page: User is not logged in
[INFO ] 2022-09-25 02:06:57.489-FE.LoginFeature-loginValidation - =========== TC: loginValidation passed  ===========
[INFO ] 2022-09-25 02:06:57.493-FE.LoginFeature-loginValidation - =========== TC: loginValidation started: ===========
[INFO ] 2022-09-25 02:07:02.192-FE.LoginFeature-loginValidation - set username as: nasr@gmail.com
[INFO ] 2022-09-25 02:07:02.580-FE.LoginFeature-loginValidation - set password as: 99999999999999999999999999999999999999
[INFO ] 2022-09-25 02:07:04.681-FE.LoginFeature-loginValidation - submitted login
[INFO ] 2022-09-25 02:07:04.823-FE.LoginFeature-loginValidation - Can not navigate to myAccount page: User is not logged in
[INFO ] 2022-09-25 02:07:05.074-FE.LoginFeature-loginValidation - =========== TC: loginValidation passed  ===========
[INFO ] 2022-09-25 02:07:05.082-FE.LoginFeature-loginValidation - =========== TC: loginValidation started: ===========
[INFO ] 2022-09-25 02:07:08.256-FE.LoginFeature-loginValidation - set username as: moagmail.com
[INFO ] 2022-09-25 02:07:08.505-FE.LoginFeature-loginValidation - set password as: guyg54@d
[INFO ] 2022-09-25 02:07:09.743-FE.LoginFeature-loginValidation - submitted login
[INFO ] 2022-09-25 02:07:09.870-FE.LoginFeature-loginValidation - Can not navigate to myAccount page: User is not logged in
[INFO ] 2022-09-25 02:07:10.060-FE.LoginFeature-loginValidation - =========== TC: loginValidation passed  ===========
[INFO ] 2022-09-25 02:07:10.060-FE.LoginFeature-loginValidation - =========== TC: loginValidation started: ===========
[INFO ] 2022-09-25 02:07:14.105-FE.LoginFeature-loginValidation - set username as: test8888@gmail.com
[INFO ] 2022-09-25 02:07:14.325-FE.LoginFeature-loginValidation - set password as: 
[INFO ] 2022-09-25 02:07:17.423-FE.LoginFeature-loginValidation - submitted login
[INFO ] 2022-09-25 02:07:17.538-FE.LoginFeature-loginValidation - Can not navigate to myAccount page: User is not logged in
[INFO ] 2022-09-25 02:07:17.704-FE.LoginFeature-loginValidation - =========== TC: loginValidation passed  ===========
[INFO ] 2022-09-25 02:07:17.704-FE.LoginFeature-loginValidation - =========== TC: loginValidation started: ===========
[INFO ] 2022-09-25 02:07:24.839-FE.LoginFeature-loginValidation - set username as: 
[INFO ] 2022-09-25 02:07:25.014-FE.LoginFeature-loginValidation - set password as: A1hS#!25
[INFO ] 2022-09-25 02:07:27.954-FE.LoginFeature-loginValidation - submitted login
[INFO ] 2022-09-25 02:07:28.099-FE.LoginFeature-loginValidation - Can not navigate to myAccount page: User is not logged in
[INFO ] 2022-09-25 02:07:28.337-FE.LoginFeature-loginValidation - =========== TC: loginValidation passed  ===========
[INFO ] 2022-09-25 02:07:28.341-FE.LoginFeature-loginValidation - =========== TC: loginValidation started: ===========
[INFO ] 2022-09-25 02:07:33.313-FE.LoginFeature-loginValidation - set username as: 
[INFO ] 2022-09-25 02:07:33.575-FE.LoginFeature-loginValidation - set password as: 
[INFO ] 2022-09-25 02:07:36.193-FE.LoginFeature-loginValidation - submitted login
[INFO ] 2022-09-25 02:07:36.321-FE.LoginFeature-loginValidation - Can not navigate to myAccount page: User is not logged in
[INFO ] 2022-09-25 02:07:36.548-FE.LoginFeature-loginValidation - =========== TC: loginValidation passed  ===========
