[INFO ] 2022-08-29 03:00:48.332-FE.LoginFeature-loginValidation - =========== TC: loginValidation started: ===========
[INFO ] 2022-08-29 03:00:54.746-FE.LoginFeature-loginValidation -  clicked on Logout
[INFO ] 2022-08-29 03:00:58.672-FE.LoginFeature-loginValidation - set username as: test8888@gmail.com
[INFO ] 2022-08-29 03:00:58.993-FE.LoginFeature-loginValidation - set password as: A1hS#!25
[INFO ] 2022-08-29 03:01:02.905-FE.LoginFeature-loginValidation - submitted login
[INFO ] 2022-08-29 03:01:04.751-FE.LoginFeature-loginValidation -  navigated to myAccount page
[INFO ] 2022-08-29 03:01:04.855-FE.LoginFeature-loginValidation - =========== TC: loginValidation passed  ===========
[INFO ] 2022-08-29 03:01:04.866-FE.LoginFeature-loginValidation - =========== TC: loginValidation started: ===========
[INFO ] 2022-08-29 03:01:08.136-FE.LoginFeature-loginValidation -  clicked on Logout
[INFO ] 2022-08-29 03:01:11.207-FE.LoginFeature-loginValidation - set username as: Araafat.abdo@gmail.com
[INFO ] 2022-08-29 03:01:11.438-FE.LoginFeature-loginValidation - set password as: $!@)(#%@@
[INFO ] 2022-08-29 03:01:13.641-FE.LoginFeature-loginValidation - submitted login
[INFO ] 2022-08-29 03:01:13.757-FE.LoginFeature-loginValidation - Can not navigate to myAccount page: User is not logged in
[INFO ] 2022-08-29 03:01:13.928-FE.LoginFeature-loginValidation - =========== TC: loginValidation passed  ===========
[INFO ] 2022-08-29 03:01:13.929-FE.LoginFeature-loginValidation - =========== TC: loginValidation started: ===========
[INFO ] 2022-08-29 03:01:16.784-FE.LoginFeature-loginValidation - set username as: nasr@gmail.com
[INFO ] 2022-08-29 03:01:17.122-FE.LoginFeature-loginValidation - set password as: 99999999999999999999999999999999999999
[INFO ] 2022-08-29 03:01:18.974-FE.LoginFeature-loginValidation - submitted login
[INFO ] 2022-08-29 03:01:19.070-FE.LoginFeature-loginValidation - Can not navigate to myAccount page: User is not logged in
[INFO ] 2022-08-29 03:01:19.200-FE.LoginFeature-loginValidation - =========== TC: loginValidation passed  ===========
[INFO ] 2022-08-29 03:01:19.208-FE.LoginFeature-loginValidation - =========== TC: loginValidation started: ===========
[INFO ] 2022-08-29 03:01:21.742-FE.LoginFeature-loginValidation - set username as: moagmail.com
[INFO ] 2022-08-29 03:01:21.897-FE.LoginFeature-loginValidation - set password as: guyg54@d
[INFO ] 2022-08-29 03:01:23.822-FE.LoginFeature-loginValidation - submitted login
[INFO ] 2022-08-29 03:01:23.903-FE.LoginFeature-loginValidation - Can not navigate to myAccount page: User is not logged in
[INFO ] 2022-08-29 03:01:24.078-FE.LoginFeature-loginValidation - =========== TC: loginValidation passed  ===========
[INFO ] 2022-08-29 03:01:24.078-FE.LoginFeature-loginValidation - =========== TC: loginValidation started: ===========
[INFO ] 2022-08-29 03:01:27.280-FE.LoginFeature-loginValidation - set username as: test8888@gmail.com
[INFO ] 2022-08-29 03:01:27.449-FE.LoginFeature-loginValidation - set password as: 
[INFO ] 2022-08-29 03:01:29.276-FE.LoginFeature-loginValidation - submitted login
[INFO ] 2022-08-29 03:01:29.378-FE.LoginFeature-loginValidation - Can not navigate to myAccount page: User is not logged in
[INFO ] 2022-08-29 03:01:29.467-FE.LoginFeature-loginValidation - =========== TC: loginValidation passed  ===========
[INFO ] 2022-08-29 03:01:29.467-FE.LoginFeature-loginValidation - =========== TC: loginValidation started: ===========
[INFO ] 2022-08-29 03:01:31.534-FE.LoginFeature-loginValidation - set username as: 
[INFO ] 2022-08-29 03:01:31.640-FE.LoginFeature-loginValidation - set password as: A1hS#!25
[INFO ] 2022-08-29 03:01:32.946-FE.LoginFeature-loginValidation - submitted login
[INFO ] 2022-08-29 03:01:33.039-FE.LoginFeature-loginValidation - Can not navigate to myAccount page: User is not logged in
[INFO ] 2022-08-29 03:01:33.215-FE.LoginFeature-loginValidation - =========== TC: loginValidation passed  ===========
[INFO ] 2022-08-29 03:01:33.215-FE.LoginFeature-loginValidation - =========== TC: loginValidation started: ===========
[INFO ] 2022-08-29 03:01:36.160-FE.LoginFeature-loginValidation - set username as: 
[INFO ] 2022-08-29 03:01:36.295-FE.LoginFeature-loginValidation - set password as: 
[INFO ] 2022-08-29 03:01:37.982-FE.LoginFeature-loginValidation - submitted login
[INFO ] 2022-08-29 03:01:38.087-FE.LoginFeature-loginValidation - Can not navigate to myAccount page: User is not logged in
[INFO ] 2022-08-29 03:01:38.271-FE.LoginFeature-loginValidation - =========== TC: loginValidation passed  ===========
