[INFO ] 2022-08-30 19:04:12.019-FE.LoginFeature-loginValidation - =========== TC: loginValidation started: ===========
[INFO ] 2022-08-30 19:04:42.187-FE.LoginFeature-loginValidation -  clicked on Logout
[INFO ] 2022-08-30 19:05:00.121-FE.LoginFeature-loginValidation - set username as: test8888@gmail.com
[INFO ] 2022-08-30 19:05:00.319-FE.LoginFeature-loginValidation - set password as: A1hS#!25
[INFO ] 2022-08-30 19:05:23.242-FE.LoginFeature-loginValidation - submitted login
[INFO ] 2022-08-30 19:05:33.330-FE.LoginFeature-loginValidation -  navigated to myAccount page
[INFO ] 2022-08-30 19:05:33.397-FE.LoginFeature-loginValidation - =========== TC: loginValidation passed  ===========
[INFO ] 2022-08-30 19:05:33.397-FE.LoginFeature-loginValidation - =========== TC: loginValidation started: ===========
[INFO ] 2022-08-30 19:05:49.272-FE.LoginFeature-loginValidation -  clicked on Logout
[INFO ] 2022-08-30 19:05:58.070-FE.LoginFeature-loginValidation - set username as: Araafat.abdo@gmail.com
[INFO ] 2022-08-30 19:05:58.173-FE.LoginFeature-loginValidation - set password as: $!@)(#%@@
[INFO ] 2022-08-30 19:06:01.539-FE.LoginFeature-loginValidation - submitted login
[INFO ] 2022-08-30 19:06:01.600-FE.LoginFeature-loginValidation - Can not navigate to myAccount page: User is not logged in
[INFO ] 2022-08-30 19:06:01.704-FE.LoginFeature-loginValidation - =========== TC: loginValidation passed  ===========
[INFO ] 2022-08-30 19:06:01.706-FE.LoginFeature-loginValidation - =========== TC: loginValidation started: ===========
[INFO ] 2022-08-30 19:06:08.987-FE.LoginFeature-loginValidation - set username as: nasr@gmail.com
[INFO ] 2022-08-30 19:06:09.115-FE.LoginFeature-loginValidation - set password as: 99999999999999999999999999999999999999
[INFO ] 2022-08-30 19:06:15.095-FE.LoginFeature-loginValidation - submitted login
[INFO ] 2022-08-30 19:06:15.154-FE.LoginFeature-loginValidation - Can not navigate to myAccount page: User is not logged in
[INFO ] 2022-08-30 19:06:15.242-FE.LoginFeature-loginValidation - =========== TC: loginValidation passed  ===========
[INFO ] 2022-08-30 19:06:15.244-FE.LoginFeature-loginValidation - =========== TC: loginValidation started: ===========
[INFO ] 2022-08-30 19:06:21.814-FE.LoginFeature-loginValidation - set username as: moagmail.com
[INFO ] 2022-08-30 19:06:21.915-FE.LoginFeature-loginValidation - set password as: guyg54@d
[INFO ] 2022-08-30 19:06:27.288-FE.LoginFeature-loginValidation - submitted login
[INFO ] 2022-08-30 19:06:27.360-FE.LoginFeature-loginValidation - Can not navigate to myAccount page: User is not logged in
[INFO ] 2022-08-30 19:06:27.462-FE.LoginFeature-loginValidation - =========== TC: loginValidation passed  ===========
[INFO ] 2022-08-30 19:06:27.464-FE.LoginFeature-loginValidation - =========== TC: loginValidation started: ===========
[INFO ] 2022-08-30 19:06:34.624-FE.LoginFeature-loginValidation - set username as: test8888@gmail.com
[INFO ] 2022-08-30 19:06:34.715-FE.LoginFeature-loginValidation - set password as: 
[INFO ] 2022-08-30 19:06:42.310-FE.LoginFeature-loginValidation - submitted login
[INFO ] 2022-08-30 19:06:42.370-FE.LoginFeature-loginValidation - Can not navigate to myAccount page: User is not logged in
[INFO ] 2022-08-30 19:06:42.469-FE.LoginFeature-loginValidation - =========== TC: loginValidation passed  ===========
[INFO ] 2022-08-30 19:06:42.471-FE.LoginFeature-loginValidation - =========== TC: loginValidation started: ===========
[INFO ] 2022-08-30 19:07:03.189-FE.LoginFeature-loginValidation - set username as: 
[INFO ] 2022-08-30 19:07:03.290-FE.LoginFeature-loginValidation - set password as: A1hS#!25
[INFO ] 2022-08-30 19:07:13.943-FE.LoginFeature-loginValidation - submitted login
[INFO ] 2022-08-30 19:07:14.013-FE.LoginFeature-loginValidation - Can not navigate to myAccount page: User is not logged in
[INFO ] 2022-08-30 19:07:14.097-FE.LoginFeature-loginValidation - =========== TC: loginValidation passed  ===========
[INFO ] 2022-08-30 19:07:14.100-FE.LoginFeature-loginValidation - =========== TC: loginValidation started: ===========
[INFO ] 2022-08-30 19:07:26.203-FE.LoginFeature-loginValidation - set username as: 
[INFO ] 2022-08-30 19:07:26.363-FE.LoginFeature-loginValidation - set password as: 
[INFO ] 2022-08-30 19:07:35.741-FE.LoginFeature-loginValidation - submitted login
[INFO ] 2022-08-30 19:07:35.820-FE.LoginFeature-loginValidation - Can not navigate to myAccount page: User is not logged in
[INFO ] 2022-08-30 19:07:35.912-FE.LoginFeature-loginValidation - =========== TC: loginValidation passed  ===========
