[INFO ] 2022-08-31 00:04:48.714-FE.LoginFeature-loginValidation - =========== TC: loginValidation started: ===========
[INFO ] 2022-08-31 00:05:01.459-FE.LoginFeature-loginValidation -  clicked on Logout
[INFO ] 2022-08-31 00:05:08.541-FE.LoginFeature-loginValidation - set username as: test8888@gmail.com
[INFO ] 2022-08-31 00:05:08.709-FE.LoginFeature-loginValidation - set password as: A1hS#!25
[INFO ] 2022-08-31 00:05:15.061-FE.LoginFeature-loginValidation - submitted login
[INFO ] 2022-08-31 00:05:17.382-FE.LoginFeature-loginValidation -  navigated to myAccount page
[INFO ] 2022-08-31 00:05:17.493-FE.LoginFeature-loginValidation - =========== TC: loginValidation passed  ===========
[INFO ] 2022-08-31 00:05:17.499-FE.LoginFeature-loginValidation - =========== TC: loginValidation started: ===========
[INFO ] 2022-08-31 00:05:22.952-FE.LoginFeature-loginValidation -  clicked on Logout
[INFO ] 2022-08-31 00:05:32.706-FE.LoginFeature-loginValidation - set username as: Araafat.abdo@gmail.com
[INFO ] 2022-08-31 00:05:32.886-FE.LoginFeature-loginValidation - set password as: $!@)(#%@@
[INFO ] 2022-08-31 00:05:38.204-FE.LoginFeature-loginValidation - submitted login
[INFO ] 2022-08-31 00:05:38.293-FE.LoginFeature-loginValidation - Can not navigate to myAccount page: User is not logged in
[INFO ] 2022-08-31 00:05:38.412-FE.LoginFeature-loginValidation - =========== TC: loginValidation passed  ===========
[INFO ] 2022-08-31 00:05:38.414-FE.LoginFeature-loginValidation - =========== TC: loginValidation started: ===========
[INFO ] 2022-08-31 00:05:45.390-FE.LoginFeature-loginValidation - set username as: nasr@gmail.com
[INFO ] 2022-08-31 00:05:45.613-FE.LoginFeature-loginValidation - set password as: 99999999999999999999999999999999999999
[INFO ] 2022-08-31 00:05:52.582-FE.LoginFeature-loginValidation - submitted login
[INFO ] 2022-08-31 00:05:52.672-FE.LoginFeature-loginValidation - Can not navigate to myAccount page: User is not logged in
[INFO ] 2022-08-31 00:05:52.803-FE.LoginFeature-loginValidation - =========== TC: loginValidation passed  ===========
[INFO ] 2022-08-31 00:05:52.804-FE.LoginFeature-loginValidation - =========== TC: loginValidation started: ===========
[INFO ] 2022-08-31 00:06:03.225-FE.LoginFeature-loginValidation - set username as: moagmail.com
[INFO ] 2022-08-31 00:06:03.425-FE.LoginFeature-loginValidation - set password as: guyg54@d
[INFO ] 2022-08-31 00:06:06.556-FE.LoginFeature-loginValidation - submitted login
[INFO ] 2022-08-31 00:06:06.680-FE.LoginFeature-loginValidation - Can not navigate to myAccount page: User is not logged in
[INFO ] 2022-08-31 00:06:06.862-FE.LoginFeature-loginValidation - =========== TC: loginValidation passed  ===========
[INFO ] 2022-08-31 00:06:06.864-FE.LoginFeature-loginValidation - =========== TC: loginValidation started: ===========
[INFO ] 2022-08-31 00:06:12.099-FE.LoginFeature-loginValidation - set username as: test8888@gmail.com
[INFO ] 2022-08-31 00:06:12.228-FE.LoginFeature-loginValidation - set password as: 
[INFO ] 2022-08-31 00:06:14.105-FE.LoginFeature-loginValidation - submitted login
[INFO ] 2022-08-31 00:06:14.170-FE.LoginFeature-loginValidation - Can not navigate to myAccount page: User is not logged in
[INFO ] 2022-08-31 00:06:14.305-FE.LoginFeature-loginValidation - =========== TC: loginValidation passed  ===========
[INFO ] 2022-08-31 00:06:14.308-FE.LoginFeature-loginValidation - =========== TC: loginValidation started: ===========
[INFO ] 2022-08-31 00:06:20.014-FE.LoginFeature-loginValidation - set username as: 
[INFO ] 2022-08-31 00:06:20.172-FE.LoginFeature-loginValidation - set password as: A1hS#!25
[INFO ] 2022-08-31 00:06:23.849-FE.LoginFeature-loginValidation - submitted login
[INFO ] 2022-08-31 00:06:23.941-FE.LoginFeature-loginValidation - Can not navigate to myAccount page: User is not logged in
[INFO ] 2022-08-31 00:06:24.054-FE.LoginFeature-loginValidation - =========== TC: loginValidation passed  ===========
[INFO ] 2022-08-31 00:06:24.056-FE.LoginFeature-loginValidation - =========== TC: loginValidation started: ===========
[INFO ] 2022-08-31 00:06:27.213-FE.LoginFeature-loginValidation - set username as: 
[INFO ] 2022-08-31 00:06:27.367-FE.LoginFeature-loginValidation - set password as: 
[INFO ] 2022-08-31 00:06:29.425-FE.LoginFeature-loginValidation - submitted login
[INFO ] 2022-08-31 00:06:29.506-FE.LoginFeature-loginValidation - Can not navigate to myAccount page: User is not logged in
[INFO ] 2022-08-31 00:06:29.648-FE.LoginFeature-loginValidation - =========== TC: loginValidation passed  ===========
[INFO ] 2022-08-31 00:08:50.034-FE.LoginFeature-loginValidation - =========== TC: loginValidation started: ===========
[INFO ] 2022-08-31 00:09:04.784-FE.LoginFeature-loginValidation -  clicked on Logout
[INFO ] 2022-08-31 00:09:15.164-FE.LoginFeature-loginValidation - set username as: test8888@gmail.com
[INFO ] 2022-08-31 00:09:15.484-FE.LoginFeature-loginValidation - set password as: A1hS#!25
[INFO ] 2022-08-31 00:09:22.815-FE.LoginFeature-loginValidation - submitted login
[INFO ] 2022-08-31 00:09:26.935-FE.LoginFeature-loginValidation -  navigated to myAccount page
[INFO ] 2022-08-31 00:09:27.114-FE.LoginFeature-loginValidation - =========== TC: loginValidation passed  ===========
[INFO ] 2022-08-31 00:09:27.130-FE.LoginFeature-loginValidation - =========== TC: loginValidation started: ===========
[INFO ] 2022-08-31 00:09:45.799-FE.LoginFeature-loginValidation -  clicked on Logout
[INFO ] 2022-08-31 00:09:58.949-FE.LoginFeature-loginValidation - set username as: Araafat.abdo@gmail.com
[INFO ] 2022-08-31 00:09:59.298-FE.LoginFeature-loginValidation - set password as: $!@)(#%@@
[INFO ] 2022-08-31 00:10:08.209-FE.LoginFeature-loginValidation - submitted login
[INFO ] 2022-08-31 00:10:08.369-FE.LoginFeature-loginValidation - Can not navigate to myAccount page: User is not logged in
[INFO ] 2022-08-31 00:10:08.617-FE.LoginFeature-loginValidation - =========== TC: loginValidation passed  ===========
[INFO ] 2022-08-31 00:10:08.625-FE.LoginFeature-loginValidation - =========== TC: loginValidation started: ===========
[INFO ] 2022-08-31 00:11:59.485-FE.LoginFeature-loginValidation - set username as: nasr@gmail.com
[INFO ] 2022-08-31 00:11:59.863-FE.LoginFeature-loginValidation - set password as: 99999999999999999999999999999999999999
[INFO ] 2022-08-31 00:12:04.707-FE.LoginFeature-loginValidation - submitted login
[INFO ] 2022-08-31 00:12:04.883-FE.LoginFeature-loginValidation - Can not navigate to myAccount page: User is not logged in
[INFO ] 2022-08-31 00:12:05.150-FE.LoginFeature-loginValidation - =========== TC: loginValidation passed  ===========
[INFO ] 2022-08-31 00:12:05.153-FE.LoginFeature-loginValidation - =========== TC: loginValidation started: ===========
[INFO ] 2022-08-31 00:12:10.262-FE.LoginFeature-loginValidation - set username as: moagmail.com
[INFO ] 2022-08-31 00:12:10.518-FE.LoginFeature-loginValidation - set password as: guyg54@d
[INFO ] 2022-08-31 00:12:13.575-FE.LoginFeature-loginValidation - submitted login
[INFO ] 2022-08-31 00:12:13.714-FE.LoginFeature-loginValidation - Can not navigate to myAccount page: User is not logged in
[INFO ] 2022-08-31 00:12:13.988-FE.LoginFeature-loginValidation - =========== TC: loginValidation passed  ===========
[INFO ] 2022-08-31 00:12:13.994-FE.LoginFeature-loginValidation - =========== TC: loginValidation started: ===========
[INFO ] 2022-08-31 00:12:19.933-FE.LoginFeature-loginValidation - set username as: test8888@gmail.com
[INFO ] 2022-08-31 00:12:20.164-FE.LoginFeature-loginValidation - set password as: 
[INFO ] 2022-08-31 00:12:26.325-FE.LoginFeature-loginValidation - submitted login
[INFO ] 2022-08-31 00:12:26.443-FE.LoginFeature-loginValidation - Can not navigate to myAccount page: User is not logged in
[INFO ] 2022-08-31 00:12:26.653-FE.LoginFeature-loginValidation - =========== TC: loginValidation passed  ===========
[INFO ] 2022-08-31 00:12:26.653-FE.LoginFeature-loginValidation - =========== TC: loginValidation started: ===========
[INFO ] 2022-08-31 00:12:42.463-FE.LoginFeature-loginValidation - set username as: 
[INFO ] 2022-08-31 00:12:42.770-FE.LoginFeature-loginValidation - set password as: A1hS#!25
[INFO ] 2022-08-31 00:12:51.111-FE.LoginFeature-loginValidation - submitted login
[INFO ] 2022-08-31 00:12:51.239-FE.LoginFeature-loginValidation - Can not navigate to myAccount page: User is not logged in
[INFO ] 2022-08-31 00:12:51.455-FE.LoginFeature-loginValidation - =========== TC: loginValidation passed  ===========
[INFO ] 2022-08-31 00:12:51.458-FE.LoginFeature-loginValidation - =========== TC: loginValidation started: ===========
[INFO ] 2022-08-31 00:12:59.064-FE.LoginFeature-loginValidation - set username as: 
[INFO ] 2022-08-31 00:12:59.267-FE.LoginFeature-loginValidation - set password as: 
[INFO ] 2022-08-31 00:13:08.501-FE.LoginFeature-loginValidation - submitted login
[INFO ] 2022-08-31 00:13:08.635-FE.LoginFeature-loginValidation - Can not navigate to myAccount page: User is not logged in
[INFO ] 2022-08-31 00:13:08.859-FE.LoginFeature-loginValidation - =========== TC: loginValidation passed  ===========
[INFO ] 2022-08-31 00:23:07.945-FE.LoginFeature-loginValidation - =========== TC: loginValidation started: ===========
[ERROR] 2022-08-31 00:23:09.240-FE.LoginFeature-loginValidation - ===========TC: loginValidation failed  ===========
[WARN ] 2022-08-31 00:23:09.588-FE.LoginFeature-loginValidation - Captured a screenshot: C:\projects\E2E_Demo_Project/screenshots/failedTCs/loginValidation.png
[INFO ] 2022-08-31 00:23:09.594-FE.LoginFeature-loginValidation - =========== TC: loginValidation started: ===========
[ERROR] 2022-08-31 00:23:10.791-FE.LoginFeature-loginValidation - ===========TC: loginValidation failed  ===========
[WARN ] 2022-08-31 00:23:11.087-FE.LoginFeature-loginValidation - Captured a screenshot: C:\projects\E2E_Demo_Project/screenshots/failedTCs/loginValidation.png
[INFO ] 2022-08-31 00:23:11.094-FE.LoginFeature-loginValidation - =========== TC: loginValidation started: ===========
[ERROR] 2022-08-31 00:23:12.292-FE.LoginFeature-loginValidation - ===========TC: loginValidation failed  ===========
[WARN ] 2022-08-31 00:23:12.604-FE.LoginFeature-loginValidation - Captured a screenshot: C:\projects\E2E_Demo_Project/screenshots/failedTCs/loginValidation.png
[INFO ] 2022-08-31 00:23:12.609-FE.LoginFeature-loginValidation - =========== TC: loginValidation started: ===========
[ERROR] 2022-08-31 00:23:13.793-FE.LoginFeature-loginValidation - ===========TC: loginValidation failed  ===========
[WARN ] 2022-08-31 00:23:14.158-FE.LoginFeature-loginValidation - Captured a screenshot: C:\projects\E2E_Demo_Project/screenshots/failedTCs/loginValidation.png
[INFO ] 2022-08-31 00:23:14.161-FE.LoginFeature-loginValidation - =========== TC: loginValidation started: ===========
[ERROR] 2022-08-31 00:23:15.418-FE.LoginFeature-loginValidation - ===========TC: loginValidation failed  ===========
[WARN ] 2022-08-31 00:23:15.691-FE.LoginFeature-loginValidation - Captured a screenshot: C:\projects\E2E_Demo_Project/screenshots/failedTCs/loginValidation.png
[INFO ] 2022-08-31 00:23:15.698-FE.LoginFeature-loginValidation - =========== TC: loginValidation started: ===========
[ERROR] 2022-08-31 00:23:17.012-FE.LoginFeature-loginValidation - ===========TC: loginValidation failed  ===========
[WARN ] 2022-08-31 00:23:17.382-FE.LoginFeature-loginValidation - Captured a screenshot: C:\projects\E2E_Demo_Project/screenshots/failedTCs/loginValidation.png
[INFO ] 2022-08-31 00:23:17.389-FE.LoginFeature-loginValidation - =========== TC: loginValidation started: ===========
[ERROR] 2022-08-31 00:23:18.657-FE.LoginFeature-loginValidation - ===========TC: loginValidation failed  ===========
[WARN ] 2022-08-31 00:23:19.065-FE.LoginFeature-loginValidation - Captured a screenshot: C:\projects\E2E_Demo_Project/screenshots/failedTCs/loginValidation.png
[INFO ] 2022-08-31 00:25:17.178-FE.LoginFeature-loginValidation - =========== TC: loginValidation started: ===========
[INFO ] 2022-08-31 00:25:29.601-FE.LoginFeature-loginValidation -  clicked on Logout
[INFO ] 2022-08-31 00:25:42.358-FE.LoginFeature-loginValidation - set username as: test8888@gmail.com
[INFO ] 2022-08-31 00:25:42.748-FE.LoginFeature-loginValidation - set password as: A1hS#!25
[INFO ] 2022-08-31 00:25:57.757-FE.LoginFeature-loginValidation - submitted login
[INFO ] 2022-08-31 00:25:58.387-FE.LoginFeature-loginValidation -  navigated to myAccount page
[ERROR] 2022-08-31 00:26:08.463-FE.LoginFeature-loginValidation - ===========TC: loginValidation failed  ===========
[WARN ] 2022-08-31 00:26:09.077-FE.LoginFeature-loginValidation - Captured a screenshot: C:\projects\E2E_Demo_Project/screenshots/failedTCs/loginValidation.png
[INFO ] 2022-08-31 00:26:09.092-FE.LoginFeature-loginValidation - =========== TC: loginValidation started: ===========
[INFO ] 2022-08-31 00:32:59.582-FE.LoginFeature-loginValidation - =========== TC: loginValidation started: ===========
[INFO ] 2022-08-31 00:42:13.409-FE.LoginFeature-loginValidation - =========== TC: loginValidation started: ===========
[INFO ] 2022-08-31 00:42:26.017-FE.LoginFeature-loginValidation -  clicked on Logout
[INFO ] 2022-08-31 00:42:34.995-FE.LoginFeature-loginValidation - set username as: test8888@gmail.com
[INFO ] 2022-08-31 00:42:35.235-FE.LoginFeature-loginValidation - set password as: A1hS#!25
[INFO ] 2022-08-31 00:42:35.753-FE.LoginFeature-loginValidation - submitted login
[INFO ] 2022-08-31 00:42:55.154-FE.LoginFeature-loginValidation -  navigated to myAccount page
[INFO ] 2022-08-31 00:42:55.328-FE.LoginFeature-loginValidation - =========== TC: loginValidation passed  ===========
[INFO ] 2022-08-31 00:42:55.328-FE.LoginFeature-loginValidation - =========== TC: loginValidation started: ===========
[INFO ] 2022-08-31 00:43:09.487-FE.LoginFeature-loginValidation -  clicked on Logout
[INFO ] 2022-08-31 00:43:19.814-FE.LoginFeature-loginValidation - set username as: Araafat.abdo@gmail.com
[INFO ] 2022-08-31 00:43:20.137-FE.LoginFeature-loginValidation - set password as: $!@)(#%@@
[INFO ] 2022-08-31 00:43:29.796-FE.LoginFeature-loginValidation - submitted login
[INFO ] 2022-08-31 00:43:30.026-FE.LoginFeature-loginValidation - Can not navigate to myAccount page: User is not logged in
[INFO ] 2022-08-31 00:43:30.295-FE.LoginFeature-loginValidation - =========== TC: loginValidation passed  ===========
[INFO ] 2022-08-31 00:43:30.300-FE.LoginFeature-loginValidation - =========== TC: loginValidation started: ===========
[INFO ] 2022-08-31 00:43:40.294-FE.LoginFeature-loginValidation - set username as: nasr@gmail.com
[INFO ] 2022-08-31 00:43:40.677-FE.LoginFeature-loginValidation - set password as: 99999999999999999999999999999999999999
[INFO ] 2022-08-31 00:43:48.385-FE.LoginFeature-loginValidation - submitted login
[INFO ] 2022-08-31 00:43:48.562-FE.LoginFeature-loginValidation - Can not navigate to myAccount page: User is not logged in
[INFO ] 2022-08-31 00:43:48.795-FE.LoginFeature-loginValidation - =========== TC: loginValidation passed  ===========
[INFO ] 2022-08-31 00:43:48.795-FE.LoginFeature-loginValidation - =========== TC: loginValidation started: ===========
