#
# There is insufficient memory for the Java Runtime Environment to continue.
# Native memory allocation (malloc) failed to allocate 32744 bytes for ChunkPool::allocate
# Possible reasons:
#   The system is out of physical RAM or swap space
#   The process is running with CompressedOops enabled, and the Java Heap may be blocking the growth of the native heap
# Possible solutions:
#   Reduce memory load on the system
#   Increase physical memory or swap space
#   Check if swap backing store is full
#   Decrease Java heap size (-Xmx/-Xms)
#   Decrease number of Java threads
#   Decrease Java thread stack sizes (-Xss)
#   Set larger code cache with -XX:ReservedCodeCacheSize=
#   JVM is running with Unscaled Compressed Oops mode in which the Java heap is
#     placed in the first 4GB address space. The Java Heap base address is the
#     maximum limit for the native heap growth. Please use -XX:HeapBaseMinAddress
#     to set the Java Heap base and to place the Java Heap above 4GB virtual address.
# This output file may be truncated or incomplete.
#
#  Out of Memory Error (arena.cpp:78), pid=19420, tid=5272
#
# JRE version: Java(TM) SE Runtime Environment (17.0+35) (build 17+35-LTS-2724)
# Java VM: Java HotSpot(TM) 64-Bit Server VM (17+35-LTS-2724, mixed mode, sharing, tiered, compressed oops, compressed class ptrs, g1 gc, windows-amd64)
# No core dump will be written. Minidumps are not enabled by default on client versions of Windows
#

---------------  S U M M A R Y ------------

Command Line: -ea -Didea.test.cyclic.buffer.size=1048576 -javaagent:C:\Program Files\JetBrains\IntelliJ IDEA Community Edition 2021.2.3\lib\idea_rt.jar=64175:C:\Program Files\JetBrains\IntelliJ IDEA Community Edition 2021.2.3\bin -Dfile.encoding=UTF-8 com.intellij.rt.testng.RemoteTestNGStarter -usedefaultlisteners false -socket64174 @w@C:\Users\BluRay\AppData\Local\Temp\idea_working_dirs_testng1.tmp -temp C:\Users\BluRay\AppData\Local\Temp\idea_testng1.tmp

Host: Intel(R) Core(TM) i5-1035G1 CPU @ 1.00GHz, 8 cores, 7G,  Windows 10 , 64 bit Build 22000 (10.0.22000.708)
Time: Sat Jul 23 17:34:38 2022 Egypt Standard Time elapsed time: 1.535822 seconds (0d 0h 0m 1s)

---------------  T H R E A D  ---------------

Current thread (0x000001f34339c540):  JavaThread "C2 CompilerThread0" daemon [_thread_in_native, id=5272, stack(0x00000084c1100000,0x00000084c1200000)]


Current CompileTask:
C2:   1535 1731   !   4       java.net.URL::<init> (543 bytes)

Stack: [0x00000084c1100000,0x00000084c1200000]
Native frames: (J=compiled Java code, j=interpreted, Vv=VM code, C=native code)
V  [jvm.dll+0x66f8ea]
V  [jvm.dll+0x7ce224]
V  [jvm.dll+0x7cf9ce]
V  [jvm.dll+0x7d0033]
V  [jvm.dll+0x242bb5]
V  [jvm.dll+0xaa2a0]
V  [jvm.dll+0xaa5ec]
V  [jvm.dll+0x5fc880]
V  [jvm.dll+0x5fca16]
V  [jvm.dll+0x5fca16]
V  [jvm.dll+0x6025d7]
V  [jvm.dll+0x603452]
V  [jvm.dll+0x6019b4]
V  [jvm.dll+0x215b18]
V  [jvm.dll+0x2150c1]
V  [jvm.dll+0x1a168d]
V  [jvm.dll+0x2248f8]
V  [jvm.dll+0x222a5c]
V  [jvm.dll+0x78422b]
V  [jvm.dll+0x77e7ea]
V  [jvm.dll+0x66e715]
C  [ucrtbase.dll+0x26c0c]
C  [KERNEL32.DLL+0x154e0]
C  [ntdll.dll+0x485b]


---------------  P R O C E S S  ---------------

Threads class SMR info:
_java_thread_list=0x000001f344d7e100, length=19, elements={
0x000001f3254078b0, 0x000001f343374dc0, 0x000001f343375680, 0x000001f3433871a0,
0x000001f343387a60, 0x000001f34338a330, 0x000001f34338abf0, 0x000001f34339c540,
0x000001f3433bde60, 0x000001f3433c2780, 0x000001f34335e620, 0x000001f343f2b850,
0x000001f343e62500, 0x000001f343f4f8b0, 0x000001f344be2370, 0x000001f344bde460,
0x000001f344bdf5d0, 0x000001f344bdfeb0, 0x000001f344d7e800
}

Java Threads: ( => current thread )
  0x000001f3254078b0 JavaThread "main" [_thread_blocked, id=15264, stack(0x00000084c0400000,0x00000084c0500000)]
  0x000001f343374dc0 JavaThread "Reference Handler" daemon [_thread_blocked, id=2388, stack(0x00000084c0b00000,0x00000084c0c00000)]
  0x000001f343375680 JavaThread "Finalizer" daemon [_thread_blocked, id=18212, stack(0x00000084c0c00000,0x00000084c0d00000)]
  0x000001f3433871a0 JavaThread "Signal Dispatcher" daemon [_thread_blocked, id=448, stack(0x00000084c0d00000,0x00000084c0e00000)]
  0x000001f343387a60 JavaThread "Attach Listener" daemon [_thread_blocked, id=5516, stack(0x00000084c0e00000,0x00000084c0f00000)]
  0x000001f34338a330 JavaThread "Service Thread" daemon [_thread_blocked, id=2792, stack(0x00000084c0f00000,0x00000084c1000000)]
  0x000001f34338abf0 JavaThread "Monitor Deflation Thread" daemon [_thread_blocked, id=1596, stack(0x00000084c1000000,0x00000084c1100000)]
=>0x000001f34339c540 JavaThread "C2 CompilerThread0" daemon [_thread_in_native, id=5272, stack(0x00000084c1100000,0x00000084c1200000)]
  0x000001f3433bde60 JavaThread "C1 CompilerThread0" daemon [_thread_in_native, id=9604, stack(0x00000084c1200000,0x00000084c1300000)]
  0x000001f3433c2780 JavaThread "Sweeper thread" daemon [_thread_blocked, id=21676, stack(0x00000084c1300000,0x00000084c1400000)]
  0x000001f34335e620 JavaThread "Common-Cleaner" daemon [_thread_blocked, id=13280, stack(0x00000084c1400000,0x00000084c1500000)]
  0x000001f343f2b850 JavaThread "Monitor Ctrl-Break" daemon [_thread_in_native, id=21548, stack(0x00000084c1500000,0x00000084c1600000)]
  0x000001f343e62500 JavaThread "Notification Thread" daemon [_thread_blocked, id=10516, stack(0x00000084c1600000,0x00000084c1700000)]
  0x000001f343f4f8b0 JavaThread "C2 CompilerThread1" daemon [_thread_in_native, id=18588, stack(0x00000084c1800000,0x00000084c1900000)]
  0x000001f344be2370 JavaThread "ForkJoinPool.commonPool-worker-1" daemon [_thread_blocked, id=13888, stack(0x00000084c1f00000,0x00000084c2000000)]
  0x000001f344bde460 JavaThread "ForkJoinPool.commonPool-worker-2" daemon [_thread_blocked, id=11960, stack(0x00000084c2000000,0x00000084c2100000)]
  0x000001f344bdf5d0 JavaThread "ForkJoinPool.commonPool-worker-4" daemon [_thread_blocked, id=4132, stack(0x00000084c2100000,0x00000084c2200000)]
  0x000001f344bdfeb0 JavaThread "ForkJoinPool.commonPool-worker-3" daemon [_thread_blocked, id=11540, stack(0x00000084c2200000,0x00000084c2300000)]
  0x000001f344d7e800 JavaThread "TestNG-test=Regression-1" [_thread_in_vm, id=13060, stack(0x00000084c2300000,0x00000084c2400000)]

Other Threads:
  0x000001f34336f510 VMThread "VM Thread" [stack: 0x00000084c0a00000,0x00000084c0b00000] [id=22224]
  0x000001f32545f390 WatcherThread [stack: 0x00000084c1700000,0x00000084c1800000] [id=8084]
  0x000001f325445440 GCTaskThread "GC Thread#0" [stack: 0x00000084c0500000,0x00000084c0600000] [id=16772]
  0x000001f344aaaa80 GCTaskThread "GC Thread#1" [stack: 0x00000084c1900000,0x00000084c1a00000] [id=20940]
  0x000001f344a8e6a0 GCTaskThread "GC Thread#2" [stack: 0x00000084c1a00000,0x00000084c1b00000] [id=17660]
  0x000001f3449e9b50 GCTaskThread "GC Thread#3" [stack: 0x00000084c1b00000,0x00000084c1c00000] [id=19800]
  0x000001f344a02490 GCTaskThread "GC Thread#4" [stack: 0x00000084c1c00000,0x00000084c1d00000] [id=13020]
  0x000001f344a03b70 GCTaskThread "GC Thread#5" [stack: 0x00000084c1d00000,0x00000084c1e00000] [id=11300]
  0x000001f344a08650 GCTaskThread "GC Thread#6" [stack: 0x00000084c1e00000,0x00000084c1f00000] [id=13268]
  0x000001f325455a50 ConcurrentGCThread "G1 Main Marker" [stack: 0x00000084c0600000,0x00000084c0700000] [id=11984]
  0x000001f325456270 ConcurrentGCThread "G1 Conc#0" [stack: 0x00000084c0700000,0x00000084c0800000] [id=14896]
  0x000001f3254ce880 ConcurrentGCThread "G1 Refine#0" [stack: 0x00000084c0800000,0x00000084c0900000] [id=10624]
  0x000001f34322d290 ConcurrentGCThread "G1 Service" [stack: 0x00000084c0900000,0x00000084c0a00000] [id=9720]

Threads with active compile tasks:
C2 CompilerThread0     1579 1731   !   4       java.net.URL::<init> (543 bytes)
C2 CompilerThread1     1579 1682       4       jdk.internal.org.objectweb.asm.Frame::execute (2305 bytes)

VM state: not at safepoint (normal execution)

VM Mutex/Monitor currently owned by a thread: None

Heap address: 0x0000000083a00000, size: 1990 MB, Compressed Oops mode: 32-bit

CDS archive(s) mapped at: [0x0000000800000000-0x0000000800bc0000-0x0000000800bc0000), size 12320768, SharedBaseAddress: 0x0000000800000000, ArchiveRelocationMode: 0.
Compressed class space mapped at: 0x0000000800c00000-0x0000000840c00000, reserved size: 1073741824
Narrow klass base: 0x0000000800000000, Narrow klass shift: 0, Narrow klass range: 0x100000000

GC Precious Log:
 CPUs: 8 total, 8 available
 Memory: 7959M
 Large Page Support: Disabled
 NUMA Support: Disabled
 Compressed Oops: Enabled (32-bit)
 Heap Region Size: 1M
 Heap Min Capacity: 8M
 Heap Initial Capacity: 126M
 Heap Max Capacity: 1990M
 Pre-touch: Disabled
 Parallel Workers: 8
 Concurrent Workers: 2
 Concurrent Refinement Workers: 8
 Periodic GC: Disabled

Heap:
 garbage-first heap   total 129024K, used 32175K [0x0000000083a00000, 0x0000000100000000)
  region size 1024K, 29 young (29696K), 3 survivors (3072K)
 Metaspace       used 10435K, committed 10688K, reserved 1064960K
  class space    used 1219K, committed 1344K, reserved 1048576K

Heap Regions: E=young(eden), S=young(survivor), O=old, HS=humongous(starts), HC=humongous(continues), CS=collection set, F=free, OA=open archive, CA=closed archive, TAMS=top-at-mark-start (previous, next)
|   0|0x0000000083a00000, 0x0000000083b00000, 0x0000000083b00000|100%| O|  |TAMS 0x0000000083a00000, 0x0000000083a00000| Untracked 
|   1|0x0000000083b00000, 0x0000000083c00000, 0x0000000083c00000|100%| O|  |TAMS 0x0000000083b00000, 0x0000000083b00000| Untracked 
|   2|0x0000000083c00000, 0x0000000083d00000, 0x0000000083d00000|100%| O|  |TAMS 0x0000000083c00000, 0x0000000083c00000| Untracked 
|   3|0x0000000083d00000, 0x0000000083d6be00, 0x0000000083e00000| 42%| O|  |TAMS 0x0000000083d00000, 0x0000000083d00000| Untracked 
|   4|0x0000000083e00000, 0x0000000083e00000, 0x0000000083f00000|  0%| F|  |TAMS 0x0000000083e00000, 0x0000000083e00000| Untracked 
|   5|0x0000000083f00000, 0x0000000083f00000, 0x0000000084000000|  0%| F|  |TAMS 0x0000000083f00000, 0x0000000083f00000| Untracked 
|   6|0x0000000084000000, 0x0000000084000000, 0x0000000084100000|  0%| F|  |TAMS 0x0000000084000000, 0x0000000084000000| Untracked 
|   7|0x0000000084100000, 0x0000000084100000, 0x0000000084200000|  0%| F|  |TAMS 0x0000000084100000, 0x0000000084100000| Untracked 
|   8|0x0000000084200000, 0x0000000084200000, 0x0000000084300000|  0%| F|  |TAMS 0x0000000084200000, 0x0000000084200000| Untracked 
|   9|0x0000000084300000, 0x0000000084300000, 0x0000000084400000|  0%| F|  |TAMS 0x0000000084300000, 0x0000000084300000| Untracked 
|  10|0x0000000084400000, 0x0000000084400000, 0x0000000084500000|  0%| F|  |TAMS 0x0000000084400000, 0x0000000084400000| Untracked 
|  11|0x0000000084500000, 0x0000000084500000, 0x0000000084600000|  0%| F|  |TAMS 0x0000000084500000, 0x0000000084500000| Untracked 
|  12|0x0000000084600000, 0x0000000084600000, 0x0000000084700000|  0%| F|  |TAMS 0x0000000084600000, 0x0000000084600000| Untracked 
|  13|0x0000000084700000, 0x0000000084700000, 0x0000000084800000|  0%| F|  |TAMS 0x0000000084700000, 0x0000000084700000| Untracked 
|  14|0x0000000084800000, 0x0000000084800000, 0x0000000084900000|  0%| F|  |TAMS 0x0000000084800000, 0x0000000084800000| Untracked 
|  15|0x0000000084900000, 0x0000000084900000, 0x0000000084a00000|  0%| F|  |TAMS 0x0000000084900000, 0x0000000084900000| Untracked 
|  16|0x0000000084a00000, 0x0000000084a00000, 0x0000000084b00000|  0%| F|  |TAMS 0x0000000084a00000, 0x0000000084a00000| Untracked 
|  17|0x0000000084b00000, 0x0000000084b00000, 0x0000000084c00000|  0%| F|  |TAMS 0x0000000084b00000, 0x0000000084b00000| Untracked 
|  18|0x0000000084c00000, 0x0000000084c00000, 0x0000000084d00000|  0%| F|  |TAMS 0x0000000084c00000, 0x0000000084c00000| Untracked 
|  19|0x0000000084d00000, 0x0000000084d00000, 0x0000000084e00000|  0%| F|  |TAMS 0x0000000084d00000, 0x0000000084d00000| Untracked 
|  20|0x0000000084e00000, 0x0000000084e00000, 0x0000000084f00000|  0%| F|  |TAMS 0x0000000084e00000, 0x0000000084e00000| Untracked 
|  21|0x0000000084f00000, 0x0000000084f00000, 0x0000000085000000|  0%| F|  |TAMS 0x0000000084f00000, 0x0000000084f00000| Untracked 
|  22|0x0000000085000000, 0x0000000085000000, 0x0000000085100000|  0%| F|  |TAMS 0x0000000085000000, 0x0000000085000000| Untracked 
|  23|0x0000000085100000, 0x0000000085100000, 0x0000000085200000|  0%| F|  |TAMS 0x0000000085100000, 0x0000000085100000| Untracked 
|  24|0x0000000085200000, 0x0000000085200000, 0x0000000085300000|  0%| F|  |TAMS 0x0000000085200000, 0x0000000085200000| Untracked 
|  25|0x0000000085300000, 0x0000000085300000, 0x0000000085400000|  0%| F|  |TAMS 0x0000000085300000, 0x0000000085300000| Untracked 
|  26|0x0000000085400000, 0x0000000085400000, 0x0000000085500000|  0%| F|  |TAMS 0x0000000085400000, 0x0000000085400000| Untracked 
|  27|0x0000000085500000, 0x0000000085500000, 0x0000000085600000|  0%| F|  |TAMS 0x0000000085500000, 0x0000000085500000| Untracked 
|  28|0x0000000085600000, 0x0000000085600000, 0x0000000085700000|  0%| F|  |TAMS 0x0000000085600000, 0x0000000085600000| Untracked 
|  29|0x0000000085700000, 0x0000000085700000, 0x0000000085800000|  0%| F|  |TAMS 0x0000000085700000, 0x0000000085700000| Untracked 
|  30|0x0000000085800000, 0x0000000085800000, 0x0000000085900000|  0%| F|  |TAMS 0x0000000085800000, 0x0000000085800000| Untracked 
|  31|0x0000000085900000, 0x0000000085900000, 0x0000000085a00000|  0%| F|  |TAMS 0x0000000085900000, 0x0000000085900000| Untracked 
|  32|0x0000000085a00000, 0x0000000085a00000, 0x0000000085b00000|  0%| F|  |TAMS 0x0000000085a00000, 0x0000000085a00000| Untracked 
|  33|0x0000000085b00000, 0x0000000085b00000, 0x0000000085c00000|  0%| F|  |TAMS 0x0000000085b00000, 0x0000000085b00000| Untracked 
|  34|0x0000000085c00000, 0x0000000085c00000, 0x0000000085d00000|  0%| F|  |TAMS 0x0000000085c00000, 0x0000000085c00000| Untracked 
|  35|0x0000000085d00000, 0x0000000085d00000, 0x0000000085e00000|  0%| F|  |TAMS 0x0000000085d00000, 0x0000000085d00000| Untracked 
|  36|0x0000000085e00000, 0x0000000085e00000, 0x0000000085f00000|  0%| F|  |TAMS 0x0000000085e00000, 0x0000000085e00000| Untracked 
|  37|0x0000000085f00000, 0x0000000085f00000, 0x0000000086000000|  0%| F|  |TAMS 0x0000000085f00000, 0x0000000085f00000| Untracked 
|  38|0x0000000086000000, 0x0000000086000000, 0x0000000086100000|  0%| F|  |TAMS 0x0000000086000000, 0x0000000086000000| Untracked 
|  39|0x0000000086100000, 0x0000000086100000, 0x0000000086200000|  0%| F|  |TAMS 0x0000000086100000, 0x0000000086100000| Untracked 
|  40|0x0000000086200000, 0x0000000086200000, 0x0000000086300000|  0%| F|  |TAMS 0x0000000086200000, 0x0000000086200000| Untracked 
|  41|0x0000000086300000, 0x0000000086300000, 0x0000000086400000|  0%| F|  |TAMS 0x0000000086300000, 0x0000000086300000| Untracked 
|  42|0x0000000086400000, 0x0000000086400000, 0x0000000086500000|  0%| F|  |TAMS 0x0000000086400000, 0x0000000086400000| Untracked 
|  43|0x0000000086500000, 0x0000000086500000, 0x0000000086600000|  0%| F|  |TAMS 0x0000000086500000, 0x0000000086500000| Untracked 
|  44|0x0000000086600000, 0x0000000086600000, 0x0000000086700000|  0%| F|  |TAMS 0x0000000086600000, 0x0000000086600000| Untracked 
|  45|0x0000000086700000, 0x0000000086700000, 0x0000000086800000|  0%| F|  |TAMS 0x0000000086700000, 0x0000000086700000| Untracked 
|  46|0x0000000086800000, 0x0000000086800000, 0x0000000086900000|  0%| F|  |TAMS 0x0000000086800000, 0x0000000086800000| Untracked 
|  47|0x0000000086900000, 0x0000000086900000, 0x0000000086a00000|  0%| F|  |TAMS 0x0000000086900000, 0x0000000086900000| Untracked 
|  48|0x0000000086a00000, 0x0000000086a00000, 0x0000000086b00000|  0%| F|  |TAMS 0x0000000086a00000, 0x0000000086a00000| Untracked 
|  49|0x0000000086b00000, 0x0000000086b00000, 0x0000000086c00000|  0%| F|  |TAMS 0x0000000086b00000, 0x0000000086b00000| Untracked 
|  50|0x0000000086c00000, 0x0000000086c00000, 0x0000000086d00000|  0%| F|  |TAMS 0x0000000086c00000, 0x0000000086c00000| Untracked 
|  51|0x0000000086d00000, 0x0000000086d00000, 0x0000000086e00000|  0%| F|  |TAMS 0x0000000086d00000, 0x0000000086d00000| Untracked 
|  52|0x0000000086e00000, 0x0000000086e00000, 0x0000000086f00000|  0%| F|  |TAMS 0x0000000086e00000, 0x0000000086e00000| Untracked 
|  53|0x0000000086f00000, 0x0000000086f00000, 0x0000000087000000|  0%| F|  |TAMS 0x0000000086f00000, 0x0000000086f00000| Untracked 
|  54|0x0000000087000000, 0x0000000087000000, 0x0000000087100000|  0%| F|  |TAMS 0x0000000087000000, 0x0000000087000000| Untracked 
|  55|0x0000000087100000, 0x0000000087100000, 0x0000000087200000|  0%| F|  |TAMS 0x0000000087100000, 0x0000000087100000| Untracked 
|  56|0x0000000087200000, 0x0000000087200000, 0x0000000087300000|  0%| F|  |TAMS 0x0000000087200000, 0x0000000087200000| Untracked 
|  57|0x0000000087300000, 0x0000000087300000, 0x0000000087400000|  0%| F|  |TAMS 0x0000000087300000, 0x0000000087300000| Untracked 
|  58|0x0000000087400000, 0x0000000087400000, 0x0000000087500000|  0%| F|  |TAMS 0x0000000087400000, 0x0000000087400000| Untracked 
|  59|0x0000000087500000, 0x0000000087500000, 0x0000000087600000|  0%| F|  |TAMS 0x0000000087500000, 0x0000000087500000| Untracked 
|  60|0x0000000087600000, 0x0000000087600000, 0x0000000087700000|  0%| F|  |TAMS 0x0000000087600000, 0x0000000087600000| Untracked 
|  61|0x0000000087700000, 0x0000000087700000, 0x0000000087800000|  0%| F|  |TAMS 0x0000000087700000, 0x0000000087700000| Untracked 
|  62|0x0000000087800000, 0x0000000087800000, 0x0000000087900000|  0%| F|  |TAMS 0x0000000087800000, 0x0000000087800000| Untracked 
|  63|0x0000000087900000, 0x0000000087900000, 0x0000000087a00000|  0%| F|  |TAMS 0x0000000087900000, 0x0000000087900000| Untracked 
|  64|0x0000000087a00000, 0x0000000087a00000, 0x0000000087b00000|  0%| F|  |TAMS 0x0000000087a00000, 0x0000000087a00000| Untracked 
|  65|0x0000000087b00000, 0x0000000087b00000, 0x0000000087c00000|  0%| F|  |TAMS 0x0000000087b00000, 0x0000000087b00000| Untracked 
|  66|0x0000000087c00000, 0x0000000087c00000, 0x0000000087d00000|  0%| F|  |TAMS 0x0000000087c00000, 0x0000000087c00000| Untracked 
|  67|0x0000000087d00000, 0x0000000087d00000, 0x0000000087e00000|  0%| F|  |TAMS 0x0000000087d00000, 0x0000000087d00000| Untracked 
|  68|0x0000000087e00000, 0x0000000087e00000, 0x0000000087f00000|  0%| F|  |TAMS 0x0000000087e00000, 0x0000000087e00000| Untracked 
|  69|0x0000000087f00000, 0x0000000087f00000, 0x0000000088000000|  0%| F|  |TAMS 0x0000000087f00000, 0x0000000087f00000| Untracked 
|  70|0x0000000088000000, 0x0000000088000000, 0x0000000088100000|  0%| F|  |TAMS 0x0000000088000000, 0x0000000088000000| Untracked 
|  71|0x0000000088100000, 0x0000000088100000, 0x0000000088200000|  0%| F|  |TAMS 0x0000000088100000, 0x0000000088100000| Untracked 
|  72|0x0000000088200000, 0x0000000088200000, 0x0000000088300000|  0%| F|  |TAMS 0x0000000088200000, 0x0000000088200000| Untracked 
|  73|0x0000000088300000, 0x0000000088300000, 0x0000000088400000|  0%| F|  |TAMS 0x0000000088300000, 0x0000000088300000| Untracked 
|  74|0x0000000088400000, 0x0000000088400000, 0x0000000088500000|  0%| F|  |TAMS 0x0000000088400000, 0x0000000088400000| Untracked 
|  75|0x0000000088500000, 0x0000000088500000, 0x0000000088600000|  0%| F|  |TAMS 0x0000000088500000, 0x0000000088500000| Untracked 
|  76|0x0000000088600000, 0x0000000088600000, 0x0000000088700000|  0%| F|  |TAMS 0x0000000088600000, 0x0000000088600000| Untracked 
|  77|0x0000000088700000, 0x0000000088700000, 0x0000000088800000|  0%| F|  |TAMS 0x0000000088700000, 0x0000000088700000| Untracked 
|  78|0x0000000088800000, 0x0000000088800000, 0x0000000088900000|  0%| F|  |TAMS 0x0000000088800000, 0x0000000088800000| Untracked 
|  79|0x0000000088900000, 0x0000000088900000, 0x0000000088a00000|  0%| F|  |TAMS 0x0000000088900000, 0x0000000088900000| Untracked 
|  80|0x0000000088a00000, 0x0000000088a00000, 0x0000000088b00000|  0%| F|  |TAMS 0x0000000088a00000, 0x0000000088a00000| Untracked 
|  81|0x0000000088b00000, 0x0000000088b00000, 0x0000000088c00000|  0%| F|  |TAMS 0x0000000088b00000, 0x0000000088b00000| Untracked 
|  82|0x0000000088c00000, 0x0000000088c00000, 0x0000000088d00000|  0%| F|  |TAMS 0x0000000088c00000, 0x0000000088c00000| Untracked 
|  83|0x0000000088d00000, 0x0000000088d00000, 0x0000000088e00000|  0%| F|  |TAMS 0x0000000088d00000, 0x0000000088d00000| Untracked 
|  84|0x0000000088e00000, 0x0000000088e00000, 0x0000000088f00000|  0%| F|  |TAMS 0x0000000088e00000, 0x0000000088e00000| Untracked 
|  85|0x0000000088f00000, 0x0000000088f00000, 0x0000000089000000|  0%| F|  |TAMS 0x0000000088f00000, 0x0000000088f00000| Untracked 
|  86|0x0000000089000000, 0x0000000089000000, 0x0000000089100000|  0%| F|  |TAMS 0x0000000089000000, 0x0000000089000000| Untracked 
|  87|0x0000000089100000, 0x0000000089100000, 0x0000000089200000|  0%| F|  |TAMS 0x0000000089100000, 0x0000000089100000| Untracked 
|  88|0x0000000089200000, 0x0000000089200000, 0x0000000089300000|  0%| F|  |TAMS 0x0000000089200000, 0x0000000089200000| Untracked 
|  89|0x0000000089300000, 0x0000000089300000, 0x0000000089400000|  0%| F|  |TAMS 0x0000000089300000, 0x0000000089300000| Untracked 
|  90|0x0000000089400000, 0x0000000089400000, 0x0000000089500000|  0%| F|  |TAMS 0x0000000089400000, 0x0000000089400000| Untracked 
|  91|0x0000000089500000, 0x0000000089500000, 0x0000000089600000|  0%| F|  |TAMS 0x0000000089500000, 0x0000000089500000| Untracked 
|  92|0x0000000089600000, 0x0000000089600000, 0x0000000089700000|  0%| F|  |TAMS 0x0000000089600000, 0x0000000089600000| Untracked 
|  93|0x0000000089700000, 0x0000000089700000, 0x0000000089800000|  0%| F|  |TAMS 0x0000000089700000, 0x0000000089700000| Untracked 
|  94|0x0000000089800000, 0x0000000089800000, 0x0000000089900000|  0%| F|  |TAMS 0x0000000089800000, 0x0000000089800000| Untracked 
|  95|0x0000000089900000, 0x0000000089900000, 0x0000000089a00000|  0%| F|  |TAMS 0x0000000089900000, 0x0000000089900000| Untracked 
|  96|0x0000000089a00000, 0x0000000089a00000, 0x0000000089b00000|  0%| F|  |TAMS 0x0000000089a00000, 0x0000000089a00000| Untracked 
|  97|0x0000000089b00000, 0x0000000089b97818, 0x0000000089c00000| 59%| E|  |TAMS 0x0000000089b00000, 0x0000000089b00000| Complete 
|  98|0x0000000089c00000, 0x0000000089d00000, 0x0000000089d00000|100%| E|CS|TAMS 0x0000000089c00000, 0x0000000089c00000| Complete 
|  99|0x0000000089d00000, 0x0000000089e00000, 0x0000000089e00000|100%| E|CS|TAMS 0x0000000089d00000, 0x0000000089d00000| Complete 
| 100|0x0000000089e00000, 0x0000000089f00000, 0x0000000089f00000|100%| S|CS|TAMS 0x0000000089e00000, 0x0000000089e00000| Complete 
| 101|0x0000000089f00000, 0x000000008a000000, 0x000000008a000000|100%| S|CS|TAMS 0x0000000089f00000, 0x0000000089f00000| Complete 
| 102|0x000000008a000000, 0x000000008a100000, 0x000000008a100000|100%| S|CS|TAMS 0x000000008a000000, 0x000000008a000000| Complete 
| 103|0x000000008a100000, 0x000000008a200000, 0x000000008a200000|100%| E|CS|TAMS 0x000000008a100000, 0x000000008a100000| Complete 
| 104|0x000000008a200000, 0x000000008a300000, 0x000000008a300000|100%| E|CS|TAMS 0x000000008a200000, 0x000000008a200000| Complete 
| 105|0x000000008a300000, 0x000000008a400000, 0x000000008a400000|100%| E|CS|TAMS 0x000000008a300000, 0x000000008a300000| Complete 
| 106|0x000000008a400000, 0x000000008a500000, 0x000000008a500000|100%| E|CS|TAMS 0x000000008a400000, 0x000000008a400000| Complete 
| 107|0x000000008a500000, 0x000000008a600000, 0x000000008a600000|100%| E|CS|TAMS 0x000000008a500000, 0x000000008a500000| Complete 
| 108|0x000000008a600000, 0x000000008a700000, 0x000000008a700000|100%| E|CS|TAMS 0x000000008a600000, 0x000000008a600000| Complete 
| 109|0x000000008a700000, 0x000000008a800000, 0x000000008a800000|100%| E|CS|TAMS 0x000000008a700000, 0x000000008a700000| Complete 
| 110|0x000000008a800000, 0x000000008a900000, 0x000000008a900000|100%| E|CS|TAMS 0x000000008a800000, 0x000000008a800000| Complete 
| 111|0x000000008a900000, 0x000000008aa00000, 0x000000008aa00000|100%| E|CS|TAMS 0x000000008a900000, 0x000000008a900000| Complete 
| 112|0x000000008aa00000, 0x000000008ab00000, 0x000000008ab00000|100%| E|CS|TAMS 0x000000008aa00000, 0x000000008aa00000| Complete 
| 113|0x000000008ab00000, 0x000000008ac00000, 0x000000008ac00000|100%| E|CS|TAMS 0x000000008ab00000, 0x000000008ab00000| Complete 
| 114|0x000000008ac00000, 0x000000008ad00000, 0x000000008ad00000|100%| E|CS|TAMS 0x000000008ac00000, 0x000000008ac00000| Complete 
| 115|0x000000008ad00000, 0x000000008ae00000, 0x000000008ae00000|100%| E|CS|TAMS 0x000000008ad00000, 0x000000008ad00000| Complete 
| 116|0x000000008ae00000, 0x000000008af00000, 0x000000008af00000|100%| E|CS|TAMS 0x000000008ae00000, 0x000000008ae00000| Complete 
| 117|0x000000008af00000, 0x000000008b000000, 0x000000008b000000|100%| E|CS|TAMS 0x000000008af00000, 0x000000008af00000| Complete 
| 118|0x000000008b000000, 0x000000008b100000, 0x000000008b100000|100%| E|CS|TAMS 0x000000008b000000, 0x000000008b000000| Complete 
| 119|0x000000008b100000, 0x000000008b200000, 0x000000008b200000|100%| E|CS|TAMS 0x000000008b100000, 0x000000008b100000| Complete 
| 120|0x000000008b200000, 0x000000008b300000, 0x000000008b300000|100%| E|CS|TAMS 0x000000008b200000, 0x000000008b200000| Complete 
| 121|0x000000008b300000, 0x000000008b400000, 0x000000008b400000|100%| E|CS|TAMS 0x000000008b300000, 0x000000008b300000| Complete 
| 122|0x000000008b400000, 0x000000008b500000, 0x000000008b500000|100%| E|CS|TAMS 0x000000008b400000, 0x000000008b400000| Complete 
| 123|0x000000008b500000, 0x000000008b600000, 0x000000008b600000|100%| E|CS|TAMS 0x000000008b500000, 0x000000008b500000| Complete 
| 124|0x000000008b600000, 0x000000008b700000, 0x000000008b700000|100%| E|CS|TAMS 0x000000008b600000, 0x000000008b600000| Complete 
| 125|0x000000008b700000, 0x000000008b800000, 0x000000008b800000|100%| E|CS|TAMS 0x000000008b700000, 0x000000008b700000| Complete 

Card table byte_map: [0x000001f33c330000,0x000001f33c720000] _byte_map_base: 0x000001f33bf13000

Marking Bits (Prev, Next): (CMBitMap*) 0x000001f325445860, (CMBitMap*) 0x000001f3254458a0
 Prev Bits: [0x000001f33cb10000, 0x000001f33ea28000)
 Next Bits: [0x000001f33ea30000, 0x000001f340948000)

Polling page: 0x000001f3233c0000

Metaspace:

Usage:
  Non-class:      9.02 MB used.
      Class:      1.20 MB used.
       Both:     10.22 MB used.

Virtual space:
  Non-class space:       16.00 MB reserved,       9.19 MB ( 57%) committed,  2 nodes.
      Class space:        1.00 GB reserved,       1.31 MB ( <1%) committed,  1 nodes.
             Both:        1.02 GB reserved,      10.50 MB (  1%) committed. 

Chunk freelists:
   Non-Class:  2.73 MB
       Class:  2.64 MB
        Both:  5.37 MB

MaxMetaspaceSize: unlimited
CompressedClassSpaceSize: 1.00 GB
Initial GC threshold: 21.00 MB
Current GC threshold: 21.00 MB
CDS: on
MetaspaceReclaimPolicy: balanced
 - commit_granule_bytes: 65536.
 - commit_granule_words: 8192.
 - virtual_space_node_default_size: 1048576.
 - enlarge_chunks_in_place: 1.
 - new_chunks_are_fully_committed: 0.
 - uncommit_free_chunks: 1.
 - use_allocation_guard: 0.
 - handle_deallocations: 1.


Internal statistics:

num_allocs_failed_limit: 0.
num_arena_births: 242.
num_arena_deaths: 0.
num_vsnodes_births: 3.
num_vsnodes_deaths: 0.
num_space_committed: 168.
num_space_uncommitted: 0.
num_chunks_returned_to_freelist: 0.
num_chunks_taken_from_freelist: 502.
num_chunk_merges: 0.
num_chunk_splits: 328.
num_chunks_enlarged: 224.
num_purges: 0.
num_inconsistent_stats: 0.

CodeHeap 'non-profiled nmethods': size=120000Kb used=658Kb max_used=658Kb free=119341Kb
 bounds [0x000001f3346d0000, 0x000001f334940000, 0x000001f33bc00000]
CodeHeap 'profiled nmethods': size=120000Kb used=3353Kb max_used=3353Kb free=116646Kb
 bounds [0x000001f32d1a0000, 0x000001f32d4f0000, 0x000001f3346d0000]
CodeHeap 'non-nmethods': size=5760Kb used=1223Kb max_used=1227Kb free=4536Kb
 bounds [0x000001f32cc00000, 0x000001f32ce70000, 0x000001f32d1a0000]
 total_blobs=2280 nmethods=1769 adapters=423
 compilation: enabled
              stopped_count=0, restarted_count=0
 full_count=0

Compilation events (20 events):
Event: 1.525 Thread 0x000001f3433bde60 1741       3       java.lang.Integer::<init> (10 bytes)
Event: 1.525 Thread 0x000001f3433bde60 nmethod 1741 0x000001f32d4d8690 code [0x000001f32d4d8840, 0x000001f32d4d8a18]
Event: 1.527 Thread 0x000001f3433bde60 1742       1       java.time.temporal.ValueRange::getMinimum (5 bytes)
Event: 1.527 Thread 0x000001f3433bde60 nmethod 1742 0x000001f334772e90 code [0x000001f334773020, 0x000001f3347730f8]
Event: 1.527 Thread 0x000001f3433bde60 1743       1       java.time.temporal.ValueRange::getMaximum (5 bytes)
Event: 1.527 Thread 0x000001f3433bde60 nmethod 1743 0x000001f334773190 code [0x000001f334773320, 0x000001f3347733f8]
Event: 1.527 Thread 0x000001f3433bde60 1749       3       java.time.temporal.ValueRange::isValidValue (24 bytes)
Event: 1.527 Thread 0x000001f3433bde60 nmethod 1749 0x000001f32d4d8b10 code [0x000001f32d4d8ca0, 0x000001f32d4d8e78]
Event: 1.527 Thread 0x000001f3433bde60 1744       1       java.time.temporal.ChronoField::range (5 bytes)
Event: 1.528 Thread 0x000001f3433bde60 nmethod 1744 0x000001f334773490 code [0x000001f334773620, 0x000001f3347736f8]
Event: 1.528 Thread 0x000001f3433bde60 1745       1       java.time.ZoneOffset::getTotalSeconds (5 bytes)
Event: 1.528 Thread 0x000001f3433bde60 nmethod 1745 0x000001f334773790 code [0x000001f334773920, 0x000001f3347739f8]
Event: 1.528 Thread 0x000001f3433bde60 1748       3       java.time.temporal.ChronoField::checkValidValue (10 bytes)
Event: 1.528 Thread 0x000001f3433bde60 nmethod 1748 0x000001f32d4d8f10 code [0x000001f32d4d90c0, 0x000001f32d4d9228]
Event: 1.528 Thread 0x000001f3433bde60 1746       1       java.time.zone.ZoneOffsetTransition::getOffsetAfter (5 bytes)
Event: 1.528 Thread 0x000001f3433bde60 nmethod 1746 0x000001f334773a90 code [0x000001f334773c20, 0x000001f334773cf8]
Event: 1.528 Thread 0x000001f3433bde60 1747       1       java.time.zone.ZoneOffsetTransition::getOffsetBefore (5 bytes)
Event: 1.528 Thread 0x000001f3433bde60 nmethod 1747 0x000001f334773d90 code [0x000001f334773f20, 0x000001f334773ff8]
Event: 1.528 Thread 0x000001f3433bde60 1750       3       java.time.temporal.ValueRange::checkValidValue (24 bytes)
Event: 1.528 Thread 0x000001f3433bde60 nmethod 1750 0x000001f32d4d9310 code [0x000001f32d4d94e0, 0x000001f32d4d9818]

GC Heap History (2 events):
Event: 0.826 GC heap before
{Heap before GC invocations=0 (full 0):
 garbage-first heap   total 129024K, used 22528K [0x0000000083a00000, 0x0000000100000000)
  region size 1024K, 23 young (23552K), 0 survivors (0K)
 Metaspace       used 4858K, committed 5056K, reserved 1056768K
  class space    used 525K, committed 640K, reserved 1048576K
}
Event: 0.832 GC heap after
{Heap after GC invocations=1 (full 0):
 garbage-first heap   total 129024K, used 6575K [0x0000000083a00000, 0x0000000100000000)
  region size 1024K, 3 young (3072K), 3 survivors (3072K)
 Metaspace       used 4858K, committed 5056K, reserved 1056768K
  class space    used 525K, committed 640K, reserved 1048576K
}

Deoptimization events (20 events):
Event: 1.365 Thread 0x000001f3254078b0 Uncommon trap: trap_request=0xffffffde fr.pc=0x000001f33473a074 relative=0x0000000000000834
Event: 1.365 Thread 0x000001f3254078b0 Uncommon trap: reason=class_check action=maybe_recompile pc=0x000001f33473a074 method=java.util.regex.Pattern$Start.match(Ljava/util/regex/Matcher;ILjava/lang/CharSequence;)Z @ 44 c2
Event: 1.365 Thread 0x000001f3254078b0 DEOPT PACKING pc=0x000001f33473a074 sp=0x00000084c04fe400
Event: 1.365 Thread 0x000001f3254078b0 DEOPT UNPACKING pc=0x000001f32cc55c23 sp=0x00000084c04fe370 mode 2
Event: 1.512 Thread 0x000001f344d7e800 Uncommon trap: trap_request=0xffffffde fr.pc=0x000001f334735f10 relative=0x0000000000000330
Event: 1.512 Thread 0x000001f344d7e800 Uncommon trap: reason=class_check action=maybe_recompile pc=0x000001f334735f10 method=java.util.regex.Pattern$GroupHead.match(Ljava/util/regex/Matcher;ILjava/lang/CharSequence;)Z @ 28 c2
Event: 1.512 Thread 0x000001f344d7e800 DEOPT PACKING pc=0x000001f334735f10 sp=0x00000084c23fced0
Event: 1.512 Thread 0x000001f344d7e800 DEOPT UNPACKING pc=0x000001f32cc55c23 sp=0x00000084c23fce78 mode 2
Event: 1.512 Thread 0x000001f344d7e800 Uncommon trap: trap_request=0xffffffde fr.pc=0x000001f3347330e0 relative=0x00000000000005c0
Event: 1.512 Thread 0x000001f344d7e800 Uncommon trap: reason=class_check action=maybe_recompile pc=0x000001f3347330e0 method=java.util.regex.Pattern$BmpCharPropertyGreedy.match(Ljava/util/regex/Matcher;ILjava/lang/CharSequence;)Z @ 26 c2
Event: 1.512 Thread 0x000001f344d7e800 DEOPT PACKING pc=0x000001f3347330e0 sp=0x00000084c23fce20
Event: 1.512 Thread 0x000001f344d7e800 DEOPT UNPACKING pc=0x000001f32cc55c23 sp=0x00000084c23fcdf8 mode 2
Event: 1.512 Thread 0x000001f344d7e800 Uncommon trap: trap_request=0xffffffde fr.pc=0x000001f334735f10 relative=0x0000000000000330
Event: 1.512 Thread 0x000001f344d7e800 Uncommon trap: reason=class_check action=maybe_recompile pc=0x000001f334735f10 method=java.util.regex.Pattern$GroupHead.match(Ljava/util/regex/Matcher;ILjava/lang/CharSequence;)Z @ 28 c2
Event: 1.512 Thread 0x000001f344d7e800 DEOPT PACKING pc=0x000001f334735f10 sp=0x00000084c23fcca0
Event: 1.512 Thread 0x000001f344d7e800 DEOPT UNPACKING pc=0x000001f32cc55c23 sp=0x00000084c23fcc48 mode 2
Event: 1.512 Thread 0x000001f344d7e800 Uncommon trap: trap_request=0xffffffde fr.pc=0x000001f3347330e0 relative=0x00000000000005c0
Event: 1.512 Thread 0x000001f344d7e800 Uncommon trap: reason=class_check action=maybe_recompile pc=0x000001f3347330e0 method=java.util.regex.Pattern$BmpCharPropertyGreedy.match(Ljava/util/regex/Matcher;ILjava/lang/CharSequence;)Z @ 26 c2
Event: 1.512 Thread 0x000001f344d7e800 DEOPT PACKING pc=0x000001f3347330e0 sp=0x00000084c23fcbf0
Event: 1.512 Thread 0x000001f344d7e800 DEOPT UNPACKING pc=0x000001f32cc55c23 sp=0x00000084c23fcbc8 mode 2

Classes unloaded (0 events):
No events

Classes redefined (0 events):
No events

Internal exceptions (20 events):
Event: 1.130 Thread 0x000001f3254078b0 Exception <a 'java/lang/NoSuchMethodError'{0x000000008ad423d0}: 'int java.lang.invoke.DirectMethodHandle$Holder.invokeVirtual(java.lang.Object, java.lang.Object)'> (0x000000008ad423d0) 
thrown [t:\workspace\open\src\hotspot\share\interpreter\linkResolver.cpp, line 766]
Event: 1.143 Thread 0x000001f3254078b0 Exception <a 'java/lang/NoSuchMethodError'{0x000000008adad858}: 'java.lang.Object java.lang.invoke.DirectMethodHandle$Holder.invokeSpecial(java.lang.Object, java.lang.Object, java.lang.Object, int, java.lang.Object)'> (0x000000008adad858) 
thrown [t:\workspace\open\src\hotspot\share\interpreter\linkResolver.cpp, line 766]
Event: 1.168 Thread 0x000001f3254078b0 Exception <a 'java/lang/NoSuchMethodError'{0x000000008ab3ffb8}: 'int java.lang.invoke.DirectMethodHandle$Holder.invokeStaticInit(java.lang.Object, java.lang.Object, java.lang.Object)'> (0x000000008ab3ffb8) 
thrown [t:\workspace\open\src\hotspot\share\interpreter\linkResolver.cpp, line 766]
Event: 1.229 Thread 0x000001f3254078b0 Exception <a 'java/lang/NoSuchMethodError'{0x000000008aac5dd8}: 'java.lang.Object java.lang.invoke.DirectMethodHandle$Holder.invokeSpecial(java.lang.Object, java.lang.Object, java.lang.Object, java.lang.Object, java.lang.Object, java.lang.Object, java.lang.Object, java.lang.Object, java.lang.Object, java.lang.Object)'> (0x000000008aac5dd8) 
thrown [t:\workspace\open\src\hotspot\share\interpreter\linkResolver.cpp, line 766]
Event: 1.230 Thread 0x000001f3254078b0 Exception <a 'java/lang/NoSuchMethodError'{0x000000008aad0b80}: 'java.lang.Object java.lang.invoke.DirectMethodHandle$Holder.newInvokeSpecial(java.lang.Object, java.lang.Object, java.lang.Object, java.lang.Object, java.lang.Object, java.lang.Object, java.lang.Object, java.lang.Object, java.lang.Object)'> (0x000000008aad0b80) 
thrown [t:\workspace\open\src\hotspot\share\interpreter\linkResolver.cpp, line 766]
Event: 1.230 Thread 0x000001f3254078b0 Exception <a 'java/lang/NoSuchMethodError'{0x000000008aad5ed0}: 'java.lang.Object java.lang.invoke.Invokers$Holder.linkToTargetMethod(java.lang.Object, java.lang.Object, java.lang.Object, java.lang.Object, java.lang.Object, java.lang.Object, java.lang.Object, java.lang.Object, java.lang.Object)'> (0x000000008aad5ed0) 
thrown [t:\workspace\open\src\hotspot\share\interpreter\linkResolver.cpp, line 766]
Event: 1.240 Thread 0x000001f3254078b0 Exception <a 'java/lang/NoSuchMethodError'{0x000000008a91ca08}: 'java.lang.Object java.lang.invoke.DirectMethodHandle$Holder.newInvokeSpecial(java.lang.Object, java.lang.Object, java.lang.Object, java.lang.Object, java.lang.Object, java.lang.Object, java.lang.Object)'> (0x000000008a91ca08) 
thrown [t:\workspace\open\src\hotspot\share\interpreter\linkResolver.cpp, line 766]
Event: 1.241 Thread 0x000001f3254078b0 Exception <a 'java/lang/NoSuchMethodError'{0x000000008a921670}: 'java.lang.Object java.lang.invoke.Invokers$Holder.linkToTargetMethod(java.lang.Object, java.lang.Object, java.lang.Object, java.lang.Object, java.lang.Object, java.lang.Object, java.lang.Object)'> (0x000000008a921670) 
thrown [t:\workspace\open\src\hotspot\share\interpreter\linkResolver.cpp, line 766]
Event: 1.242 Thread 0x000001f3254078b0 Exception <a 'java/lang/NoSuchMethodError'{0x000000008a92b6e0}: 'void java.lang.invoke.DirectMethodHandle$Holder.invokeStatic(java.lang.Object, java.lang.Object, java.lang.Object, java.lang.Object)'> (0x000000008a92b6e0) 
thrown [t:\workspace\open\src\hotspot\share\interpreter\linkResolver.cpp, line 766]
Event: 1.279 Thread 0x000001f3254078b0 Exception <a 'java/lang/IncompatibleClassChangeError'{0x000000008a840768}: Found class java.lang.Object, but interface was expected> (0x000000008a840768) 
thrown [t:\workspace\open\src\hotspot\share\interpreter\linkResolver.cpp, line 833]
Event: 1.297 Thread 0x000001f3254078b0 Exception <a 'java/lang/NoSuchMethodError'{0x000000008a8b8528}: 'java.lang.Object java.lang.invoke.Invokers$Holder.linkToTargetMethod(java.lang.Object, long, java.lang.Object)'> (0x000000008a8b8528) 
thrown [t:\workspace\open\src\hotspot\share\interpreter\linkResolver.cpp, line 766]
Event: 1.298 Thread 0x000001f3254078b0 Exception <a 'java/lang/NoSuchMethodError'{0x000000008a8c2a98}: 'java.lang.Object java.lang.invoke.DirectMethodHandle$Holder.newInvokeSpecial(java.lang.Object, java.lang.Object, int, java.lang.Object, java.lang.Object)'> (0x000000008a8c2a98) 
thrown [t:\workspace\open\src\hotspot\share\interpreter\linkResolver.cpp, line 766]
Event: 1.311 Thread 0x000001f3254078b0 Exception <a 'java/lang/NoSuchMethodError'{0x000000008a73cbe8}: 'int java.lang.invoke.DirectMethodHandle$Holder.invokeSpecial(java.lang.Object, java.lang.Object, java.lang.Object)'> (0x000000008a73cbe8) 
thrown [t:\workspace\open\src\hotspot\share\interpreter\linkResolver.cpp, line 766]
Event: 1.313 Thread 0x000001f3254078b0 Exception <a 'java/lang/NoSuchMethodError'{0x000000008a74bde0}: 'java.lang.Object java.lang.invoke.DirectMethodHandle$Holder.newInvokeSpecial(java.lang.Object, int, java.lang.Object)'> (0x000000008a74bde0) 
thrown [t:\workspace\open\src\hotspot\share\interpreter\linkResolver.cpp, line 766]
Event: 1.323 Thread 0x000001f3254078b0 Exception <a 'java/lang/NoSuchMethodError'{0x000000008a7918b0}: 'java.lang.Object java.lang.invoke.DirectMethodHandle$Holder.invokeStatic(java.lang.Object, java.lang.Object, java.lang.Object, int, java.lang.Object, java.lang.Object)'> (0x000000008a7918b0) 
thrown [t:\workspace\open\src\hotspot\share\interpreter\linkResolver.cpp, line 766]
Event: 1.324 Thread 0x000001f3254078b0 Exception <a 'java/lang/NoSuchMethodError'{0x000000008a7999b8}: 'java.lang.Object java.lang.invoke.DirectMethodHandle$Holder.newInvokeSpecial(java.lang.Object, java.lang.Object, java.lang.Object, int, java.lang.Object)'> (0x000000008a7999b8) 
thrown [t:\workspace\open\src\hotspot\share\interpreter\linkResolver.cpp, line 766]
Event: 1.324 Thread 0x000001f3254078b0 Exception <a 'java/lang/NoSuchMethodError'{0x000000008a7a1388}: 'java.lang.Object java.lang.invoke.Invokers$Holder.linkToTargetMethod(java.lang.Object, java.lang.Object, int, java.lang.Object, java.lang.Object)'> (0x000000008a7a1388) 
thrown [t:\workspace\open\src\hotspot\share\interpreter\linkResolver.cpp, line 766]
Event: 1.333 Thread 0x000001f3254078b0 Exception <a 'java/lang/NoSuchMethodError'{0x000000008a639388}: 'java.lang.Object java.lang.invoke.DirectMethodHandle$Holder.newInvokeSpecial(java.lang.Object, java.lang.Object, java.lang.Object, java.lang.Object, java.lang.Object)'> (0x000000008a639388) 
thrown [t:\workspace\open\src\hotspot\share\interpreter\linkResolver.cpp, line 766]
Event: 1.373 Thread 0x000001f3254078b0 Exception <a 'java/lang/NoSuchMethodError'{0x000000008a5e4da0}: 'void java.lang.invoke.DirectMethodHandle$Holder.invokeStatic(java.lang.Object, java.lang.Object, java.lang.Object)'> (0x000000008a5e4da0) 
thrown [t:\workspace\open\src\hotspot\share\interpreter\linkResolver.cpp, line 766]
Event: 1.495 Thread 0x000001f344d7e800 Exception <a 'java/lang/NoSuchMethodError'{0x000000008a1d4f38}: 'void java.lang.invoke.DirectMethodHandle$Holder.invokeStaticInit(java.lang.Object, java.lang.Object)'> (0x000000008a1d4f38) 
thrown [t:\workspace\open\src\hotspot\share\interpreter\linkResolver.cpp, line 766]

VM Operations (20 events):
Event: 0.756 Executing VM operation: HandshakeAllThreads
Event: 0.756 Executing VM operation: HandshakeAllThreads done
Event: 0.826 Executing VM operation: G1CollectForAllocation
Event: 0.832 Executing VM operation: G1CollectForAllocation done
Event: 0.966 Executing VM operation: HandshakeAllThreads
Event: 0.966 Executing VM operation: HandshakeAllThreads done
Event: 0.984 Executing VM operation: HandshakeAllThreads
Event: 0.984 Executing VM operation: HandshakeAllThreads done
Event: 1.305 Executing VM operation: ICBufferFull
Event: 1.305 Executing VM operation: ICBufferFull done
Event: 1.316 Executing VM operation: HandshakeAllThreads
Event: 1.316 Executing VM operation: HandshakeAllThreads done
Event: 1.357 Executing VM operation: HandshakeAllThreads
Event: 1.357 Executing VM operation: HandshakeAllThreads done
Event: 1.360 Executing VM operation: HandshakeAllThreads
Event: 1.360 Executing VM operation: HandshakeAllThreads done
Event: 1.362 Executing VM operation: HandshakeAllThreads
Event: 1.362 Executing VM operation: HandshakeAllThreads done
Event: 1.439 Executing VM operation: HandshakeAllThreads
Event: 1.439 Executing VM operation: HandshakeAllThreads done

Events (20 events):
Event: 1.525 loading class java/time/zone/ZoneOffsetTransition done
Event: 1.527 loading class java/time/ZonedDateTime
Event: 1.528 loading class java/time/chrono/ChronoZonedDateTime
Event: 1.529 loading class java/time/chrono/ChronoZonedDateTime done
Event: 1.529 loading class java/time/ZonedDateTime done
Event: 1.529 loading class java/util/logging/LogRecord$CallerFinder
Event: 1.529 loading class java/util/logging/LogRecord$CallerFinder done
Event: 1.530 loading class java/lang/StackWalker$Option
Event: 1.530 loading class java/lang/StackWalker$Option done
Event: 1.530 loading class java/lang/StackStreamFactory
Event: 1.531 loading class java/lang/StackStreamFactory done
Event: 1.531 loading class java/lang/StackWalker$ExtendedOption
Event: 1.531 loading class java/lang/StackWalker$ExtendedOption done
Event: 1.531 loading class java/lang/StackStreamFactory$StackFrameTraverser
Event: 1.531 loading class java/lang/StackStreamFactory$StackFrameTraverser done
Event: 1.531 loading class java/lang/StackStreamFactory$WalkerState
Event: 1.532 loading class java/lang/StackStreamFactory$WalkerState done
Event: 1.532 loading class java/lang/StackStreamFactory$1
Event: 1.532 loading class java/lang/StackStreamFactory$1 done
Event: 1.532 loading class java/lang/StackStreamFactory$StackFrameTraverser$StackFrameBuffer


Dynamic libraries:
0x00007ff75c320000 - 0x00007ff75c330000 	C:\Program Files\Java\jdk-17\bin\java.exe
0x00007ffdf1440000 - 0x00007ffdf1649000 	C:\WINDOWS\SYSTEM32\ntdll.dll
0x00007ffdefe50000 - 0x00007ffdeff0d000 	C:\WINDOWS\System32\KERNEL32.DLL
0x00007ffdeea40000 - 0x00007ffdeedb9000 	C:\WINDOWS\System32\KERNELBASE.dll
0x00007ffdee920000 - 0x00007ffdeea31000 	C:\WINDOWS\System32\ucrtbase.dll
0x00007ffddf1e0000 - 0x00007ffddf1f8000 	C:\Program Files\Java\jdk-17\bin\jli.dll
0x00007ffdefd20000 - 0x00007ffdefdce000 	C:\WINDOWS\System32\ADVAPI32.dll
0x00007ffdefa80000 - 0x00007ffdefb23000 	C:\WINDOWS\System32\msvcrt.dll
0x00007ffdef970000 - 0x00007ffdefa0e000 	C:\WINDOWS\System32\sechost.dll
0x00007ffde7320000 - 0x00007ffde733a000 	C:\Program Files\Java\jdk-17\bin\VCRUNTIME140.dll
0x00007ffdf0f10000 - 0x00007ffdf1030000 	C:\WINDOWS\System32\RPCRT4.dll
0x00007ffdefb60000 - 0x00007ffdefd0c000 	C:\WINDOWS\System32\USER32.dll
0x00007ffddb940000 - 0x00007ffddbbe5000 	C:\WINDOWS\WinSxS\amd64_microsoft.windows.common-controls_6595b64144ccf1df_6.0.22000.120_none_9d947278b86cc467\COMCTL32.dll
0x00007ffdef0c0000 - 0x00007ffdef0e6000 	C:\WINDOWS\System32\win32u.dll
0x00007ffdef850000 - 0x00007ffdef879000 	C:\WINDOWS\System32\GDI32.dll
0x00007ffdef1b0000 - 0x00007ffdef2c2000 	C:\WINDOWS\System32\gdi32full.dll
0x00007ffdeedc0000 - 0x00007ffdeee5d000 	C:\WINDOWS\System32\msvcp_win.dll
0x00007ffde6480000 - 0x00007ffde648a000 	C:\WINDOWS\SYSTEM32\VERSION.dll
0x00007ffdf10e0000 - 0x00007ffdf1111000 	C:\WINDOWS\System32\IMM32.DLL
0x00007ffdeac10000 - 0x00007ffdeac1c000 	C:\Program Files\Java\jdk-17\bin\vcruntime140_1.dll
0x00007ffddd8f0000 - 0x00007ffddd97d000 	C:\Program Files\Java\jdk-17\bin\msvcp140.dll
0x00007ffd902c0000 - 0x00007ffd90e7e000 	C:\Program Files\Java\jdk-17\bin\server\jvm.dll
0x00007ffdefb30000 - 0x00007ffdefb38000 	C:\WINDOWS\System32\PSAPI.DLL
0x00007ffde7170000 - 0x00007ffde71a3000 	C:\WINDOWS\SYSTEM32\WINMM.dll
0x00007ffdd7540000 - 0x00007ffdd7549000 	C:\WINDOWS\SYSTEM32\WSOCK32.dll
0x00007ffdf1180000 - 0x00007ffdf11ef000 	C:\WINDOWS\System32\WS2_32.dll
0x00007ffdedb10000 - 0x00007ffdedb28000 	C:\WINDOWS\SYSTEM32\kernel.appcore.dll
0x00007ffdea430000 - 0x00007ffdea43a000 	C:\Program Files\Java\jdk-17\bin\jimage.dll
0x00007ffdec3b0000 - 0x00007ffdec5d1000 	C:\WINDOWS\SYSTEM32\DBGHELP.DLL
0x00007ffddad20000 - 0x00007ffddad51000 	C:\WINDOWS\SYSTEM32\dbgcore.DLL
0x00007ffdef040000 - 0x00007ffdef0bf000 	C:\WINDOWS\System32\bcryptPrimitives.dll
0x00007ffddc2f0000 - 0x00007ffddc2fe000 	C:\Program Files\Java\jdk-17\bin\instrument.dll
0x00007ffddec80000 - 0x00007ffddeca5000 	C:\Program Files\Java\jdk-17\bin\java.dll
0x00007ffdd96a0000 - 0x00007ffdd9776000 	C:\Program Files\Java\jdk-17\bin\svml.dll
0x00007ffdf02d0000 - 0x00007ffdf0a88000 	C:\WINDOWS\System32\SHELL32.dll
0x00007ffdeca50000 - 0x00007ffded2b7000 	C:\WINDOWS\SYSTEM32\windows.storage.dll
0x00007ffdef2d0000 - 0x00007ffdef649000 	C:\WINDOWS\System32\combase.dll
0x00007ffdec8e0000 - 0x00007ffdeca46000 	C:\WINDOWS\SYSTEM32\wintypes.dll
0x00007ffdf1260000 - 0x00007ffdf134a000 	C:\WINDOWS\System32\SHCORE.dll
0x00007ffdf0270000 - 0x00007ffdf02cd000 	C:\WINDOWS\System32\shlwapi.dll
0x00007ffdee850000 - 0x00007ffdee871000 	C:\WINDOWS\SYSTEM32\profapi.dll
0x00007ffdde8c0000 - 0x00007ffdde8d8000 	C:\Program Files\Java\jdk-17\bin\zip.dll
0x00007ffddec60000 - 0x00007ffddec79000 	C:\Program Files\Java\jdk-17\bin\net.dll
0x00007ffde7da0000 - 0x00007ffde7eac000 	C:\WINDOWS\SYSTEM32\WINHTTP.dll
0x00007ffdedf40000 - 0x00007ffdedfa7000 	C:\WINDOWS\system32\mswsock.dll
0x00007ffddec40000 - 0x00007ffddec55000 	C:\Program Files\Java\jdk-17\bin\nio.dll
0x00007ffddc2d0000 - 0x00007ffddc2ea000 	C:\Program Files\JetBrains\IntelliJ IDEA Community Edition 2021.2.3\bin\breakgen64.dll
0x00007ffdddf90000 - 0x00007ffdddfa0000 	C:\Program Files\Java\jdk-17\bin\verify.dll
0x00007ffdee190000 - 0x00007ffdee1a8000 	C:\WINDOWS\SYSTEM32\CRYPTSP.dll
0x00007ffdeda70000 - 0x00007ffdedaa5000 	C:\WINDOWS\system32\rsaenh.dll
0x00007ffdee030000 - 0x00007ffdee059000 	C:\WINDOWS\SYSTEM32\USERENV.dll
0x00007ffdee300000 - 0x00007ffdee327000 	C:\WINDOWS\SYSTEM32\bcrypt.dll
0x00007ffdee180000 - 0x00007ffdee18c000 	C:\WINDOWS\SYSTEM32\CRYPTBASE.dll
0x00007ffded580000 - 0x00007ffded5ad000 	C:\WINDOWS\SYSTEM32\IPHLPAPI.DLL
0x00007ffdefd10000 - 0x00007ffdefd19000 	C:\WINDOWS\System32\NSI.dll
0x00007ffde8270000 - 0x00007ffde8289000 	C:\WINDOWS\SYSTEM32\dhcpcsvc6.DLL
0x00007ffde85b0000 - 0x00007ffde85ce000 	C:\WINDOWS\SYSTEM32\dhcpcsvc.DLL
0x00007ffded5f0000 - 0x00007ffded6d8000 	C:\WINDOWS\SYSTEM32\DNSAPI.dll

dbghelp: loaded successfully - version: 4.0.5 - missing functions: none
symbol engine: initialized successfully - sym options: 0x614 - pdb path: .;C:\Program Files\Java\jdk-17\bin;C:\WINDOWS\SYSTEM32;C:\WINDOWS\WinSxS\amd64_microsoft.windows.common-controls_6595b64144ccf1df_6.0.22000.120_none_9d947278b86cc467;C:\Program Files\Java\jdk-17\bin\server;C:\Program Files\JetBrains\IntelliJ IDEA Community Edition 2021.2.3\bin

VM Arguments:
jvm_args: -ea -Didea.test.cyclic.buffer.size=1048576 -javaagent:C:\Program Files\JetBrains\IntelliJ IDEA Community Edition 2021.2.3\lib\idea_rt.jar=64175:C:\Program Files\JetBrains\IntelliJ IDEA Community Edition 2021.2.3\bin -Dfile.encoding=UTF-8 
java_command: com.intellij.rt.testng.RemoteTestNGStarter -usedefaultlisteners false -socket64174 @w@C:\Users\BluRay\AppData\Local\Temp\idea_working_dirs_testng1.tmp -temp C:\Users\BluRay\AppData\Local\Temp\idea_testng1.tmp
java_class_path (initial): C:\Program Files\JetBrains\IntelliJ IDEA Community Edition 2021.2.3\lib\idea_rt.jar;C:\Program Files\JetBrains\IntelliJ IDEA Community Edition 2021.2.3\plugins\testng\lib\testng-rt.jar;C:\projects\E2E_Project_Grid\target\test-classes;C:\projects\E2E_Project_Grid\target\classes;C:\Users\BluRay\.m2\repository\org\seleniumhq\selenium\selenium-java\4.2.2\selenium-java-4.2.2.jar;C:\Users\BluRay\.m2\repository\org\seleniumhq\selenium\selenium-api\4.2.2\selenium-api-4.2.2.jar;C:\Users\BluRay\.m2\repository\org\seleniumhq\selenium\selenium-devtools-v100\4.2.2\selenium-devtools-v100-4.2.2.jar;C:\Users\BluRay\.m2\repository\org\seleniumhq\selenium\selenium-devtools-v101\4.2.2\selenium-devtools-v101-4.2.2.jar;C:\Users\BluRay\.m2\repository\org\seleniumhq\selenium\selenium-devtools-v102\4.2.2\selenium-devtools-v102-4.2.2.jar;C:\Users\BluRay\.m2\repository\org\seleniumhq\selenium\selenium-devtools-v85\4.2.2\selenium-devtools-v85-4.2.2.jar;C:\Users\BluRay\.m2\repository\org\seleniumhq\selenium\selenium-edge-driver\4.2.2\selenium-edge-driver-4.2.2.jar;C:\Users\BluRay\.m2\repository\org\seleniumhq\selenium\selenium-firefox-driver\4.2.2\selenium-firefox-driver-4.2.2.jar;C:\Users\BluRay\.m2\repository\org\seleniumhq\selenium\selenium-ie-driver\4.2.2\selenium-ie-driver-4.2.2.jar;C:\Users\BluRay\.m2\repository\org\seleniumhq\selenium\selenium-opera-driver\4.2.2\selenium-opera-driver-4.2.2.jar;C:\Users\BluRay\.m2\repository\org\seleniumhq\selenium\selenium-safari-driver\4.2.2\selenium-safari-driver-4.2.2.jar;C:\Users\BluRay\.m2\repository\org\seleniumhq\selenium\selenium-support\4.2.2\selenium-support-4.2.2.jar;C:\Users\BluRay\.m2\repository\org\seleniumhq\selenium\selenium-chrome-driver\4.3.0\selenium-chrome-driver-4.3.0.jar;C:\Users\BluRay\.m2\repository\com\google\auto\service\auto-service-annotations\1.0.1\auto-service-annotations-1.0.1.jar;C:\Users\BluRay\.m2\repository\com\google\auto\service\auto-service\1.0.1\auto-service-1.0.1.jar;C:\Users\BluRay\.m
Launcher Type: SUN_STANDARD

[Global flags]
     intx CICompilerCount                          = 4                                         {product} {ergonomic}
     uint ConcGCThreads                            = 2                                         {product} {ergonomic}
     uint G1ConcRefinementThreads                  = 8                                         {product} {ergonomic}
   size_t G1HeapRegionSize                         = 1048576                                   {product} {ergonomic}
    uintx GCDrainStackTargetSize                   = 64                                        {product} {ergonomic}
   size_t InitialHeapSize                          = 132120576                                 {product} {ergonomic}
   size_t MarkStackSize                            = 4194304                                   {product} {ergonomic}
   size_t MaxHeapSize                              = 2086666240                                {product} {ergonomic}
   size_t MaxNewSize                               = 1251999744                                {product} {ergonomic}
   size_t MinHeapDeltaBytes                        = 1048576                                   {product} {ergonomic}
   size_t MinHeapSize                              = 8388608                                   {product} {ergonomic}
    uintx NonNMethodCodeHeapSize                   = 5839372                                {pd product} {ergonomic}
    uintx NonProfiledCodeHeapSize                  = 122909434                              {pd product} {ergonomic}
    uintx ProfiledCodeHeapSize                     = 122909434                              {pd product} {ergonomic}
    uintx ReservedCodeCacheSize                    = 251658240                              {pd product} {ergonomic}
     bool SegmentedCodeCache                       = true                                      {product} {ergonomic}
   size_t SoftMaxHeapSize                          = 2086666240                             {manageable} {ergonomic}
     bool UseCompressedClassPointers               = true                           {product lp64_product} {ergonomic}
     bool UseCompressedOops                        = true                           {product lp64_product} {ergonomic}
     bool UseG1GC                                  = true                                      {product} {ergonomic}
     bool UseLargePagesIndividualAllocation        = false                                  {pd product} {ergonomic}

Logging:
Log output configuration:
 #0: stdout all=warning uptime,level,tags
 #1: stderr all=off uptime,level,tags

Environment Variables:
JAVA_HOME=C:\Program Files\Java\jdk-17
PATH=C:\Program Files\Common Files\Oracle\Java\javapath;C:\Program Files (x86)\ActiveState Komodo Edit 12\;C:\Program Files (x86)\Common Files\Oracle\Java\javapath;C:\Windows\system32;C:\Windows;C:\Windows\System32\Wbem;C:\Windows\System32\WindowsPowerShell\v1.0\;C:\Windows\System32\OpenSSH\;C:\Program Files (x86)\NVIDIA Corporation\PhysX\Common;C:\Program Files\NVIDIA Corporation\NVIDIA NvDLISR;C:\Program Files\Java\jdk-17\bin;C:\Program Files\Microsoft SQL Server\Client SDK\ODBC\170\Tools\Binn\;C:\Program Files (x86)\Microsoft SQL Server\150\Tools\Binn\;C:\Program Files\Microsoft SQL Server\150\Tools\Binn\;C:\Program Files\Microsoft SQL Server\150\DTS\Binn\;C:\Program Files (x86)\Microsoft SQL Server\150\DTS\Binn\;C:\Program Files\Azure Data Studio\bin;C:\Program Files\Git\cmd;C:\Program Files\dotnet\;%SystemRoot%\system32;%SystemRoot%;%SystemRoot%\System32\Wbem;%SYSTEMROOT%\System32\WindowsPowerShell\v1.0\;%SYSTEMROOT%\System32\OpenSSH\;C:\Users\BluRay\AppData\Local\Microsoft\WindowsApps;C:\Users\BluRay\AppData\Local\Programs\Microsoft VS Code\bin;C:\src\flutter\bin;C:\dart-sdk\bin;C:\Users\BluRay\AppData\Local\GitHubDesktop\bin;C:\Program Files\Java\jre1.8.0_271\jdk-16.0.2\bin;C:\Program Files\JetBrains\IntelliJ IDEA Community Edition 2021.2.3\bin;;C:\Program Files\Azure Data Studio\bin;C:\Work\apache-maven-3.8.6\bin;
USERNAME=BluRay
OS=Windows_NT
PROCESSOR_IDENTIFIER=Intel64 Family 6 Model 126 Stepping 5, GenuineIntel



---------------  S Y S T E M  ---------------

OS:
 Windows 10 , 64 bit Build 22000 (10.0.22000.708)
OS uptime: 3 days 14:52 hours

CPU: total 8 (initial active 8) (4 cores per cpu, 2 threads per core) family 6 model 126 stepping 5 microcode 0xb0, cx8, cmov, fxsr, ht, mmx, 3dnowpref, sse, sse2, sse3, ssse3, sse4.1, sse4.2, popcnt, lzcnt, tsc, tscinvbit, avx, avx2, aes, erms, clmul, bmi1, bmi2, adx, avx512f, avx512dq, avx512cd, avx512bw, avx512vl, sha, fma, vzeroupper, avx512_vpopcntdq, avx512_vpclmulqdq, avx512_vaes, avx512_vnni, clflush, clflushopt, avx512_vbmi2, avx512_vbmi

Memory: 4k page, system-wide physical 7959M (501M free)
TotalPageFile size 13959M (AvailPageFile size 5M)
current process WorkingSet (physical memory assigned to process): 107M, peak: 107M
current process commit charge ("private bytes"): 247M, peak: 248M

vm_info: Java HotSpot(TM) 64-Bit Server VM (17+35-LTS-2724) for windows-amd64 JRE (17+35-LTS-2724), built on Aug  5 2021 23:28:28 by "mach5one" with MS VC++ 16.8 (VS2019)

END.
