2022-08-07 02:08:26.714 [main] INFO  testBase.TestBase - URL opened
2022-08-07 02:08:31.127 [main] INFO  testBase.TestBase - Navigated to LoginPage
2022-08-07 02:08:36.026 [main] INFO  testBase.TestBase - logged in using: test8888@gmail.com
2022-08-07 02:10:48.594 [main] INFO  testBase.TestBase - URL opened
2022-08-07 02:10:55.045 [main] INFO  testBase.TestBase - Navigated to LoginPage
2022-08-07 02:11:01.981 [main] INFO  testBase.TestBase - logged in using: test8888@gmail.com
2022-08-07 02:11:08.622 [main] INFO  testBase.TestBase - navigated to summer dresses page
2022-08-07 02:14:41.591 [main] INFO  testBase.TestBase - URL opened
2022-08-07 02:14:47.792 [main] INFO  testBase.TestBase - Navigated to LoginPage
2022-08-07 02:14:53.966 [main] INFO  testBase.TestBase - logged in using: test8888@gmail.com
2022-08-07 02:14:58.051 [main] INFO  testBase.TestBase - navigated to summer dresses page
2022-08-07 02:16:32.418 [main] INFO  testBase.TestBase - URL opened
2022-08-07 02:16:35.999 [main] INFO  testBase.TestBase - Navigated to LoginPage
2022-08-07 02:16:43.963 [main] INFO  testBase.TestBase - logged in using: test8888@gmail.com
2022-08-07 02:16:49.005 [main] INFO  testBase.TestBase - navigated to summer dresses page
2022-08-07 02:17:34.557 [main] INFO  testBase.TestBase - URL opened
2022-08-07 02:17:38.028 [main] INFO  testBase.TestBase - Navigated to LoginPage
2022-08-07 02:17:41.731 [main] INFO  testBase.TestBase - logged in using: test8888@gmail.com
2022-08-07 02:17:46.239 [main] INFO  testBase.TestBase - navigated to summer dresses page
2022-08-07 04:34:43.132 [main] INFO  testBase.TestBase - URL opened
2022-08-07 04:34:45.425 [main] INFO  testBase.TestBase - Navigated to LoginPage
2022-08-07 04:34:47.967 [main] INFO  testBase.TestBase - logged in using: test8888@gmail.com
2022-08-07 04:34:51.068 [main] INFO  testBase.TestBase - navigated to summer dresses page
2022-08-07 04:37:50.385 [main] INFO  testBase.TestBase - URL opened
2022-08-07 04:37:52.722 [main] INFO  testBase.TestBase - Navigated to LoginPage
2022-08-07 04:37:57.094 [main] INFO  testBase.TestBase - logged in using: test8888@gmail.com
2022-08-07 04:38:00.216 [main] INFO  testBase.TestBase - navigated to summer dresses page
2022-08-07 04:38:54.770 [main] INFO  testBase.TestBase - URL opened
2022-08-07 04:38:58.143 [main] INFO  testBase.TestBase - Navigated to LoginPage
2022-08-07 04:39:00.579 [main] INFO  testBase.TestBase - logged in using: test8888@gmail.com
2022-08-07 04:39:03.366 [main] INFO  testBase.TestBase - navigated to summer dresses page
2022-08-07 04:40:20.550 [main] INFO  testBase.TestBase - URL opened
2022-08-07 04:40:23.083 [main] INFO  testBase.TestBase - Navigated to LoginPage
2022-08-07 04:40:25.875 [main] INFO  testBase.TestBase - logged in using: test8888@gmail.com
2022-08-07 04:40:28.925 [main] INFO  testBase.TestBase - navigated to summer dresses page
2022-08-07 04:51:07.832 [main] INFO  testBase.TestBase - URL opened
2022-08-07 04:51:10.952 [main] INFO  testBase.TestBase - Navigated to LoginPage
2022-08-07 04:51:14.850 [main] INFO  testBase.TestBase - logged in using: test8888@gmail.com
2022-08-07 04:51:17.933 [main] INFO  testBase.TestBase - navigated to summer dresses page
2022-08-07 04:51:18.397 [main] INFO  testBase.TestBase - Products sorted by Price Asc.
2022-08-07 04:56:51.780 [main] INFO  testBase.TestBase - URL opened
2022-08-07 04:56:53.997 [main] INFO  testBase.TestBase - Navigated to LoginPage
2022-08-07 04:56:58.122 [main] INFO  testBase.TestBase - logged in using: test8888@gmail.com
2022-08-07 04:57:01.654 [main] INFO  testBase.TestBase - navigated to summer dresses page
2022-08-07 04:57:02.150 [main] INFO  testBase.TestBase - Products sorted by Price Asc.
2022-08-07 05:00:04.231 [main] INFO  testBase.TestBase - URL opened
2022-08-07 05:00:08.101 [main] INFO  testBase.TestBase - Navigated to LoginPage
2022-08-07 05:00:11.491 [main] INFO  testBase.TestBase - logged in using: test8888@gmail.com
2022-08-07 05:00:15.601 [main] INFO  testBase.TestBase - navigated to summer dresses page
2022-08-07 05:00:15.996 [main] INFO  testBase.TestBase - Products sorted by Price Asc.
2022-08-07 05:02:24.316 [main] INFO  testBase.TestBase - URL opened
2022-08-07 05:02:28.440 [main] INFO  testBase.TestBase - Navigated to LoginPage
2022-08-07 05:02:32.215 [main] INFO  testBase.TestBase - logged in using: test8888@gmail.com
2022-08-07 05:02:37.059 [main] INFO  testBase.TestBase - navigated to summer dresses page
2022-08-07 05:02:37.479 [main] INFO  testBase.TestBase - Products sorted by Price Asc.
2022-08-07 05:03:53.718 [main] INFO  testBase.TestBase - URL opened
2022-08-07 05:03:57.577 [main] INFO  testBase.TestBase - Navigated to LoginPage
2022-08-07 05:04:00.846 [main] INFO  testBase.TestBase - logged in using: test8888@gmail.com
2022-08-07 05:04:04.073 [main] INFO  testBase.TestBase - navigated to summer dresses page
2022-08-07 05:04:04.536 [main] INFO  testBase.TestBase - Products sorted by Price Asc.
2022-08-07 05:05:13.191 [main] INFO  testBase.TestBase - URL opened
2022-08-07 05:05:15.461 [main] INFO  testBase.TestBase - Navigated to LoginPage
2022-08-07 05:05:18.562 [main] INFO  testBase.TestBase - logged in using: test8888@gmail.com
2022-08-07 05:05:21.588 [main] INFO  testBase.TestBase - navigated to summer dresses page
2022-08-07 05:05:22.046 [main] INFO  testBase.TestBase - Products sorted by Price Asc.
2022-08-07 05:10:12.193 [main] INFO  testBase.TestBase - URL opened
2022-08-07 05:10:14.236 [main] INFO  testBase.TestBase - Navigated to LoginPage
2022-08-07 05:10:16.666 [main] INFO  testBase.TestBase - logged in using: test8888@gmail.com
2022-08-07 05:10:19.868 [main] INFO  testBase.TestBase - navigated to summer dresses page
2022-08-07 05:10:20.421 [main] INFO  testBase.TestBase - Products sorted by Price Asc.
2022-08-07 05:10:21.798 [main] INFO  testBase.TestBase - Products sorted by Price desc.
2022-08-07 05:12:31.660 [main] INFO  testBase.TestBase - URL opened
2022-08-07 05:12:33.826 [main] INFO  testBase.TestBase - Navigated to LoginPage
2022-08-07 05:12:37.085 [main] INFO  testBase.TestBase - logged in using: test8888@gmail.com
2022-08-07 05:12:39.898 [main] INFO  testBase.TestBase - navigated to summer dresses page
2022-08-07 05:12:40.383 [main] INFO  testBase.TestBase - Products sorted by Price Asc.
2022-08-07 05:13:28.816 [main] INFO  testBase.TestBase - URL opened
2022-08-07 05:13:32.062 [main] INFO  testBase.TestBase - Navigated to LoginPage
2022-08-07 05:13:35.048 [main] INFO  testBase.TestBase - logged in using: test8888@gmail.com
2022-08-07 05:13:38.179 [main] INFO  testBase.TestBase - navigated to summer dresses page
2022-08-07 05:13:38.605 [main] INFO  testBase.TestBase - Products sorted by Price Asc.
2022-08-07 05:13:41.032 [main] INFO  testBase.TestBase - Products sorted by Price desc.
