2022-08-17 01:59:02.301 [main] INFO  testBase.TestBase - URL opened
2022-08-17 01:59:08.022 [main] INFO  testBase.TestBase - Navigated to LoginPage
2022-08-17 01:59:22.966 [main] INFO  testBase.TestBase - logged in using: test8888@gmail.com
2022-08-17 01:59:34.955 [main] INFO  testBase.TestBase - navigated to summer dresses page
2022-08-17 02:18:07.541 [main] INFO  testBase.TestBase - URL opened
2022-08-17 02:18:18.782 [main] INFO  testBase.TestBase - Navigated to LoginPage
2022-08-17 02:18:27.320 [main] INFO  testBase.TestBase - logged in using: test8888@gmail.com
2022-08-17 02:18:36.592 [main] INFO  testBase.TestBase - navigated to summer dresses page
2022-08-17 02:32:57.944 [main] INFO  testBase.TestBase - URL opened
2022-08-17 02:33:07.095 [main] INFO  testBase.TestBase - Navigated to LoginPage
2022-08-17 02:33:14.262 [main] INFO  testBase.TestBase - logged in using: test8888@gmail.com
2022-08-17 02:33:20.043 [main] INFO  testBase.TestBase - navigated to summer dresses page
2022-08-17 02:33:57.564 [main] INFO  testBase.TestBase - URL opened
2022-08-17 02:33:59.918 [main] INFO  testBase.TestBase - Navigated to LoginPage
2022-08-17 02:34:02.657 [main] INFO  testBase.TestBase - logged in using: test8888@gmail.com
2022-08-17 02:34:09.921 [main] INFO  testBase.TestBase - navigated to summer dresses page
2022-08-17 02:36:23.431 [main] INFO  testBase.TestBase - URL opened
2022-08-17 02:36:31.337 [main] INFO  testBase.TestBase - Navigated to LoginPage
2022-08-17 02:36:38.573 [main] INFO  testBase.TestBase - logged in using: test8888@gmail.com
2022-08-17 02:36:44.327 [main] INFO  testBase.TestBase - navigated to summer dresses page
2022-08-17 15:19:47.419 [main] INFO  testBase.TestBase - URL opened
2022-08-17 15:27:16.764 [main] INFO  testBase.TestBase - URL opened
2022-08-17 15:37:34.429 [main] INFO  testBase.TestBase - URL opened
2022-08-17 15:40:12.558 [main] INFO  testBase.TestBase - URL opened
2022-08-17 15:44:41.587 [main] INFO  testBase.TestBase - URL opened
2022-08-17 15:52:09.857 [main] INFO  testBase.TestBase - URL opened
2022-08-17 15:54:50.572 [main] INFO  testBase.TestBase - URL opened
2022-08-17 15:56:40.154 [main] INFO  testBase.TestBase - URL opened
2022-08-17 15:58:04.531 [main] INFO  testBase.TestBase - URL opened
2022-08-17 16:02:36.390 [main] INFO  testBase.TestBase - URL opened
2022-08-17 16:31:24.279 [main] INFO  testBase.TestBase - URL opened
2022-08-17 16:36:51.167 [main] INFO  testBase.TestBase - URL opened
2022-08-17 16:47:31.627 [main] INFO  testBase.TestBase - URL opened
2022-08-17 16:49:35.673 [main] INFO  testBase.TestBase - URL opened
2022-08-17 17:06:15.223 [main] INFO  testBase.TestBase - URL opened
2022-08-17 17:26:49.477 [main] INFO  testBase.TestBase - URL opened
2022-08-17 17:29:27.876 [main] INFO  testBase.TestBase - URL opened
2022-08-17 17:32:21.786 [main] INFO  testBase.TestBase - URL opened
2022-08-17 17:34:58.156 [main] INFO  testBase.TestBase - URL opened
2022-08-17 17:36:29.276 [main] INFO  testBase.TestBase - URL opened
2022-08-17 17:40:24.940 [main] INFO  testBase.TestBase - URL opened
2022-08-17 17:53:22.435 [main] INFO  testBase.TestBase - URL opened
2022-08-17 17:54:44.202 [main] INFO  testBase.TestBase - URL opened
2022-08-17 17:56:42.851 [main] INFO  testBase.TestBase - URL opened
2022-08-17 17:58:21.298 [main] INFO  testBase.TestBase - URL opened
2022-08-17 18:11:00.601 [main] INFO  testBase.TestBase - URL opened
2022-08-17 18:13:20.640 [main] INFO  testBase.TestBase - URL opened
2022-08-17 18:19:31.654 [main] INFO  testBase.TestBase - URL opened
2022-08-17 18:30:31.938 [main] INFO  testBase.TestBase - URL opened
2022-08-17 18:36:30.741 [main] INFO  testBase.TestBase - URL opened
2022-08-17 18:44:10.240 [main] INFO  testBase.TestBase - URL opened
2022-08-17 18:48:03.709 [main] INFO  testBase.TestBase - URL opened
2022-08-17 18:52:32.010 [main] INFO  testBase.TestBase - URL opened
2022-08-17 18:54:22.747 [main] INFO  testBase.TestBase - URL opened
2022-08-17 19:02:20.325 [TestNG-test=Regression-2] INFO  testBase.TestBase - URL opened
2022-08-17 19:02:20.482 [TestNG-test=Regression-1] INFO  testBase.TestBase - URL opened
2022-08-17 19:02:39.421 [TestNG-test=Regression-1] INFO  testBase.TestBase - URL opened
2022-08-17 19:03:04.292 [TestNG-test=Regression-1] INFO  testBase.TestBase - navigated to LoginPage
2022-08-17 19:03:04.500 [TestNG-test=Regression-1] INFO  testBase.TestBase - entered a new email to create an account 
2022-08-17 19:03:35.598 [TestNG-test=Regression-1] INFO  testBase.TestBase - navigated to login page
2022-08-17 19:03:35.739 [TestNG-test=Regression-1] INFO  testBase.TestBase - entered an username
2022-08-17 19:03:35.886 [TestNG-test=Regression-1] INFO  testBase.TestBase - entered a password
2022-08-17 19:03:50.476 [TestNG-test=Regression-1] INFO  testBase.TestBase - submitted login
2022-08-17 19:03:50.650 [TestNG-test=Regression-1] INFO  testBase.TestBase - logged in successfully with valid data
2022-08-17 19:04:23.027 [TestNG-test=Regression-1] INFO  testBase.TestBase - navigated to login page
2022-08-17 19:04:23.188 [TestNG-test=Regression-1] INFO  testBase.TestBase - entered an username
2022-08-17 19:04:23.334 [TestNG-test=Regression-1] INFO  testBase.TestBase - entered a password
2022-08-17 19:04:34.403 [TestNG-test=Regression-1] INFO  testBase.TestBase - submitted login
2022-08-17 19:04:34.555 [TestNG-test=Regression-1] INFO  testBase.TestBase - can not log in using invalid data
2022-08-17 19:04:48.762 [TestNG-test=Regression-1] INFO  testBase.TestBase - navigated to login page
2022-08-17 19:04:48.922 [TestNG-test=Regression-1] INFO  testBase.TestBase - entered an username
2022-08-17 19:04:49.107 [TestNG-test=Regression-1] INFO  testBase.TestBase - entered a password
2022-08-17 19:04:55.948 [TestNG-test=Regression-1] INFO  testBase.TestBase - submitted login
2022-08-17 19:04:56.088 [TestNG-test=Regression-1] INFO  testBase.TestBase - can not log in using invalid data
2022-08-17 19:05:06.295 [TestNG-test=Regression-1] INFO  testBase.TestBase - navigated to login page
2022-08-17 19:05:06.429 [TestNG-test=Regression-1] INFO  testBase.TestBase - entered an username
2022-08-17 19:05:06.571 [TestNG-test=Regression-1] INFO  testBase.TestBase - entered a password
2022-08-17 19:05:12.572 [TestNG-test=Regression-1] INFO  testBase.TestBase - submitted login
2022-08-17 19:05:12.693 [TestNG-test=Regression-1] INFO  testBase.TestBase - can not log in using invalid data
2022-08-17 19:05:21.091 [TestNG-test=Regression-1] INFO  testBase.TestBase - navigated to login page
2022-08-17 19:05:21.187 [TestNG-test=Regression-1] INFO  testBase.TestBase - entered an username
2022-08-17 19:05:21.270 [TestNG-test=Regression-1] INFO  testBase.TestBase - entered a password
2022-08-17 19:05:29.009 [TestNG-test=Regression-1] INFO  testBase.TestBase - submitted login
2022-08-17 19:05:29.151 [TestNG-test=Regression-1] INFO  testBase.TestBase - can not log in using invalid data
2022-08-17 19:05:37.390 [TestNG-test=Regression-1] INFO  testBase.TestBase - navigated to login page
2022-08-17 19:05:37.528 [TestNG-test=Regression-1] INFO  testBase.TestBase - entered an username
2022-08-17 19:05:37.692 [TestNG-test=Regression-1] INFO  testBase.TestBase - entered a password
2022-08-17 19:05:47.681 [TestNG-test=Regression-1] INFO  testBase.TestBase - submitted login
2022-08-17 19:05:47.843 [TestNG-test=Regression-1] INFO  testBase.TestBase - can not log in using invalid data
2022-08-17 19:06:07.372 [TestNG-test=Regression-1] INFO  testBase.TestBase - navigated to login page
2022-08-17 19:06:07.542 [TestNG-test=Regression-1] INFO  testBase.TestBase - entered an username
2022-08-17 19:06:07.667 [TestNG-test=Regression-1] INFO  testBase.TestBase - entered a password
2022-08-17 19:06:19.047 [TestNG-test=Regression-1] INFO  testBase.TestBase - submitted login
2022-08-17 19:06:19.212 [TestNG-test=Regression-1] INFO  testBase.TestBase - can not log in using invalid data
2022-08-17 19:06:40.954 [main] INFO  testBase.TestBase - URL opened
2022-08-17 19:06:42.187 [TestNG-test=Regression-1] INFO  testBase.TestBase - entered an new random email
2022-08-17 19:07:12.085 [TestNG-test=Regression-1] INFO  testBase.TestBase - entered an new random email
2022-08-17 19:07:36.904 [TestNG-test=Regression-1] INFO  testBase.TestBase - entered an new random email
2022-08-17 19:08:02.504 [TestNG-test=Regression-1] INFO  testBase.TestBase - entered an new random email
2022-08-17 19:08:09.026 [TestNG-test=Regression-1] INFO  testBase.TestBase - Navigated to signup page
2022-08-17 19:08:10.829 [TestNG-test=Regression-1] INFO  testBase.TestBase - entered invalid personal data
2022-08-17 19:08:43.585 [main] INFO  testBase.TestBase - URL opened
2022-08-17 19:08:46.477 [main] INFO  testBase.TestBase - URL opened
2022-08-17 19:08:58.756 [main] INFO  testBase.TestBase - navigated to LoginPage
2022-08-17 19:08:58.973 [main] INFO  testBase.TestBase - entered a new email to create an account 
2022-08-17 19:09:05.363 [main] INFO  testBase.TestBase - navigated to signupPage
2022-08-17 19:09:07.519 [main] INFO  testBase.TestBase - entered personal data 
2022-08-17 19:09:09.362 [main] INFO  testBase.TestBase - entered address and contact data
2022-08-17 19:09:15.079 [main] INFO  testBase.TestBase - Account created successfully
2022-08-17 19:09:29.426 [main] INFO  testBase.TestBase - navigated to login page
2022-08-17 19:09:29.564 [main] INFO  testBase.TestBase - entered an username
2022-08-17 19:09:29.764 [main] INFO  testBase.TestBase - entered a password
2022-08-17 19:09:35.105 [main] INFO  testBase.TestBase - submitted login
2022-08-17 19:09:35.283 [main] INFO  testBase.TestBase - can not log in using invalid data
