2022-08-05 01:48:25.226 [TestNG-test=Regression-1] INFO  testBase.TestBase - URL opened
2022-08-05 01:48:27.512 [TestNG-test=Regression-1] INFO  testBase.TestBase - navigated to LoginPage
2022-08-05 01:48:27.545 [TestNG-test=Regression-1] INFO  testBase.TestBase - entered a new email to create an account 
2022-08-05 01:48:30.417 [TestNG-test=Regression-1] INFO  testBase.TestBase - navigated to signupPage
2022-08-05 01:48:32.128 [TestNG-test=Regression-1] INFO  testBase.TestBase - entered personal data 
2022-08-05 01:48:33.088 [TestNG-test=Regression-1] INFO  testBase.TestBase - entered address and contact data
2022-08-05 01:48:38.184 [TestNG-test=Regression-1] INFO  testBase.TestBase - Account created successfully
2022-08-05 01:48:40.733 [TestNG-test=Regression-1] INFO  testBase.TestBase - URL opened
2022-08-05 01:48:45.471 [TestNG-test=Regression-1] INFO  testBase.TestBase - navigated to login page
2022-08-05 01:48:45.517 [TestNG-test=Regression-1] INFO  testBase.TestBase - entered an username
2022-08-05 01:48:45.555 [TestNG-test=Regression-1] INFO  testBase.TestBase - entered a password
2022-08-05 01:48:48.125 [TestNG-test=Regression-1] INFO  testBase.TestBase - submitted login
2022-08-05 01:48:48.161 [TestNG-test=Regression-1] INFO  testBase.TestBase - logged in successfully with valid data
2022-08-05 01:48:50.320 [TestNG-test=Regression-1] INFO  testBase.TestBase - URL opened
2022-08-05 01:48:56.943 [TestNG-test=Regression-1] INFO  testBase.TestBase - navigated to login page
2022-08-05 01:48:56.982 [TestNG-test=Regression-1] INFO  testBase.TestBase - entered an username
2022-08-05 01:48:57.015 [TestNG-test=Regression-1] INFO  testBase.TestBase - entered a password
2022-08-05 01:48:58.050 [TestNG-test=Regression-1] INFO  testBase.TestBase - submitted login
2022-08-05 01:48:58.112 [TestNG-test=Regression-1] INFO  testBase.TestBase - can not log in using invalid data
2022-08-05 01:49:02.599 [TestNG-test=Regression-1] INFO  testBase.TestBase - URL opened
2022-08-05 01:49:06.123 [TestNG-test=Regression-1] INFO  testBase.TestBase - navigated to login page
2022-08-05 01:49:06.154 [TestNG-test=Regression-1] INFO  testBase.TestBase - entered an username
2022-08-05 01:49:06.208 [TestNG-test=Regression-1] INFO  testBase.TestBase - entered a password
2022-08-05 01:49:07.433 [TestNG-test=Regression-1] INFO  testBase.TestBase - submitted login
2022-08-05 01:49:07.479 [TestNG-test=Regression-1] INFO  testBase.TestBase - can not log in using invalid data
2022-08-05 01:49:16.691 [TestNG-test=Regression-1] INFO  testBase.TestBase - URL opened
2022-08-05 01:49:19.889 [TestNG-test=Regression-1] INFO  testBase.TestBase - navigated to login page
2022-08-05 01:49:19.916 [TestNG-test=Regression-1] INFO  testBase.TestBase - entered an username
2022-08-05 01:49:19.940 [TestNG-test=Regression-1] INFO  testBase.TestBase - entered a password
2022-08-05 01:49:25.190 [TestNG-test=Regression-1] INFO  testBase.TestBase - submitted login
2022-08-05 01:49:30.832 [TestNG-test=Regression-1] INFO  testBase.TestBase - URL opened
2022-08-05 01:49:36.110 [TestNG-test=Regression-1] INFO  testBase.TestBase - navigated to login page
2022-08-05 01:49:36.832 [TestNG-test=Regression-1] INFO  testBase.TestBase - entered an username
2022-08-05 01:49:36.862 [TestNG-test=Regression-1] INFO  testBase.TestBase - entered a password
2022-08-05 01:49:40.450 [TestNG-test=Regression-1] INFO  testBase.TestBase - submitted login
2022-08-05 01:49:40.501 [TestNG-test=Regression-1] INFO  testBase.TestBase - can not log in using invalid data
2022-08-05 01:49:47.654 [TestNG-test=Regression-1] INFO  testBase.TestBase - URL opened
2022-08-05 01:49:47.978 [TestNG-test=Regression-1] INFO  testBase.TestBase - navigated to login page
2022-08-05 01:50:06.027 [TestNG-test=Regression-1] INFO  testBase.TestBase - URL opened
2022-08-05 01:50:09.511 [TestNG-test=Regression-1] INFO  testBase.TestBase - navigated to login page
2022-08-05 01:50:09.532 [TestNG-test=Regression-1] INFO  testBase.TestBase - entered an username
2022-08-05 01:50:09.547 [TestNG-test=Regression-1] INFO  testBase.TestBase - entered a password
2022-08-05 01:50:12.935 [TestNG-test=Regression-1] INFO  testBase.TestBase - submitted login
2022-08-05 01:50:12.979 [TestNG-test=Regression-1] INFO  testBase.TestBase - can not log in using invalid data
2022-08-05 01:50:21.502 [TestNG-test=Regression-1] INFO  testBase.TestBase - URL opened
2022-08-05 01:50:29.017 [TestNG-test=Regression-1] INFO  testBase.TestBase - entered an new random email
2022-08-05 01:50:34.637 [TestNG-test=Regression-1] INFO  testBase.TestBase - Navigated to signup page
2022-08-05 01:50:35.789 [TestNG-test=Regression-1] INFO  testBase.TestBase - entered invalid personal data
2022-08-05 01:50:49.905 [TestNG-test=Regression-1] INFO  testBase.TestBase - URL opened
2022-08-05 01:50:56.009 [TestNG-test=Regression-1] INFO  testBase.TestBase - entered an new random email
2022-08-05 01:51:14.979 [TestNG-test=Regression-1] INFO  testBase.TestBase - URL opened
2022-08-05 01:51:22.222 [TestNG-test=Regression-1] INFO  testBase.TestBase - entered an new random email
2022-08-05 01:51:25.935 [TestNG-test=Regression-1] INFO  testBase.TestBase - Navigated to signup page
2022-08-05 01:51:27.069 [TestNG-test=Regression-1] INFO  testBase.TestBase - entered invalid personal data
2022-08-05 01:51:41.031 [TestNG-test=Regression-1] INFO  testBase.TestBase - URL opened
2022-08-05 01:51:49.968 [TestNG-test=Regression-1] INFO  testBase.TestBase - entered an new random email
2022-08-05 01:51:53.949 [TestNG-test=Regression-1] INFO  testBase.TestBase - Navigated to signup page
2022-08-05 01:51:55.594 [TestNG-test=Regression-1] INFO  testBase.TestBase - entered invalid personal data
2022-08-05 01:52:03.465 [TestNG-test=Regression-2] INFO  testBase.TestBase - URL opened
2022-08-05 01:52:08.761 [TestNG-test=Regression-2] INFO  testBase.TestBase - navigated to LoginPage
2022-08-05 01:52:12.725 [TestNG-test=Regression-2] INFO  testBase.TestBase - Entered a registered email
2022-08-05 01:52:17.835 [TestNG-test=Regression-2] INFO  testBase.TestBase - submitted account creation
2022-08-05 01:52:30.312 [TestNG-test=Regression-2] INFO  testBase.TestBase - URL opened
2022-08-05 01:52:35.580 [TestNG-test=Regression-2] INFO  testBase.TestBase - navigated to login page
2022-08-05 01:52:39.184 [TestNG-test=Regression-2] INFO  testBase.TestBase - entered an email
2022-08-05 01:52:39.207 [TestNG-test=Regression-2] INFO  testBase.TestBase - entered an Password
2022-08-05 01:52:44.450 [TestNG-test=Regression-2] INFO  testBase.TestBase - Clicked on submit
2022-08-05 01:52:45.298 [TestNG-test=Regression-2] INFO  testBase.TestBase - user logged in successfully
2022-08-05 01:56:48.776 [TestNG-test=Regression-1] INFO  testBase.TestBase - URL opened
2022-08-05 01:56:54.447 [TestNG-test=Regression-1] INFO  testBase.TestBase - navigated to LoginPage
2022-08-05 01:56:54.495 [TestNG-test=Regression-1] INFO  testBase.TestBase - entered a new email to create an account 
2022-08-05 01:56:58.038 [TestNG-test=Regression-1] INFO  testBase.TestBase - navigated to signupPage
2022-08-05 01:56:59.787 [TestNG-test=Regression-1] INFO  testBase.TestBase - entered personal data 
2022-08-05 01:57:00.777 [TestNG-test=Regression-1] INFO  testBase.TestBase - entered address and contact data
2022-08-05 01:57:06.801 [TestNG-test=Regression-1] INFO  testBase.TestBase - Account created successfully
2022-08-05 01:57:10.742 [TestNG-test=Regression-1] INFO  testBase.TestBase - URL opened
2022-08-05 01:57:19.096 [TestNG-test=Regression-1] INFO  testBase.TestBase - navigated to login page
2022-08-05 01:57:20.297 [TestNG-test=Regression-1] INFO  testBase.TestBase - entered an username
2022-08-05 01:57:20.328 [TestNG-test=Regression-1] INFO  testBase.TestBase - entered a password
2022-08-05 01:57:25.604 [TestNG-test=Regression-1] INFO  testBase.TestBase - submitted login
2022-08-05 01:57:28.541 [TestNG-test=Regression-1] INFO  testBase.TestBase - logged in successfully with valid data
2022-08-05 01:57:36.740 [TestNG-test=Regression-1] INFO  testBase.TestBase - URL opened
2022-08-05 01:57:54.009 [TestNG-test=Regression-1] INFO  testBase.TestBase - URL opened
2022-08-05 01:58:06.294 [TestNG-test=Regression-1] INFO  testBase.TestBase - navigated to login page
2022-08-05 01:58:06.319 [TestNG-test=Regression-1] INFO  testBase.TestBase - entered an username
2022-08-05 01:58:06.370 [TestNG-test=Regression-1] INFO  testBase.TestBase - entered a password
2022-08-05 01:58:09.240 [TestNG-test=Regression-1] INFO  testBase.TestBase - submitted login
2022-08-05 01:58:09.303 [TestNG-test=Regression-1] INFO  testBase.TestBase - can not log in using invalid data
