2022-08-27 02:20:09.853 [TestNG-test=Regression-2] INFO  testBase.TestBase - navigated to LoginPage
2022-08-27 02:20:10.116 [TestNG-test=Regression-2] INFO  testBase.TestBase - entered a new email to create an account 
2022-08-27 02:20:13.361 [TestNG-test=Regression-2] INFO  testBase.TestBase - navigated to signupPage
2022-08-27 02:20:14.871 [TestNG-test=Regression-2] INFO  testBase.TestBase - entered personal data 
2022-08-27 02:20:16.508 [TestNG-test=Regression-2] INFO  testBase.TestBase - entered address and contact data
2022-08-27 02:20:21.257 [TestNG-test=Regression-2] INFO  testBase.TestBase - Account created successfully
2022-08-27 02:20:37.893 [TestNG-test=Regression-2] INFO  testBase.TestBase - navigated to login page
2022-08-27 02:20:38.034 [TestNG-test=Regression-2] INFO  testBase.TestBase - entered an username
2022-08-27 02:20:38.194 [TestNG-test=Regression-2] INFO  testBase.TestBase - entered a password
2022-08-27 02:20:46.235 [TestNG-test=Regression-2] INFO  testBase.TestBase - submitted login
2022-08-27 02:20:50.418 [TestNG-test=Regression-2] INFO  testBase.TestBase - logged in successfully with valid data
2022-08-27 02:21:05.261 [TestNG-test=Regression-2] INFO  testBase.TestBase - navigated to login page
2022-08-27 02:21:05.413 [TestNG-test=Regression-2] INFO  testBase.TestBase - entered an username
2022-08-27 02:21:05.599 [TestNG-test=Regression-2] INFO  testBase.TestBase - entered a password
2022-08-27 02:21:09.706 [TestNG-test=Regression-2] INFO  testBase.TestBase - submitted login
2022-08-27 02:21:09.915 [TestNG-test=Regression-2] INFO  testBase.TestBase - can not log in using invalid data
2022-08-27 02:21:13.207 [TestNG-test=Regression-2] INFO  testBase.TestBase - navigated to login page
2022-08-27 02:21:13.318 [TestNG-test=Regression-2] INFO  testBase.TestBase - entered an username
2022-08-27 02:21:13.473 [TestNG-test=Regression-2] INFO  testBase.TestBase - entered a password
2022-08-27 02:21:15.361 [TestNG-test=Regression-2] INFO  testBase.TestBase - submitted login
2022-08-27 02:21:15.524 [TestNG-test=Regression-2] INFO  testBase.TestBase - can not log in using invalid data
2022-08-27 02:21:18.418 [TestNG-test=Regression-2] INFO  testBase.TestBase - navigated to login page
2022-08-27 02:21:18.525 [TestNG-test=Regression-2] INFO  testBase.TestBase - entered an username
2022-08-27 02:21:18.607 [TestNG-test=Regression-2] INFO  testBase.TestBase - entered a password
2022-08-27 02:21:21.103 [TestNG-test=Regression-2] INFO  testBase.TestBase - submitted login
2022-08-27 02:21:21.216 [TestNG-test=Regression-2] INFO  testBase.TestBase - can not log in using invalid data
2022-08-27 02:21:23.341 [TestNG-test=Regression-2] INFO  testBase.TestBase - navigated to login page
2022-08-27 02:21:23.442 [TestNG-test=Regression-2] INFO  testBase.TestBase - entered an username
2022-08-27 02:21:23.536 [TestNG-test=Regression-2] INFO  testBase.TestBase - entered a password
2022-08-27 02:21:24.942 [TestNG-test=Regression-2] INFO  testBase.TestBase - submitted login
2022-08-27 02:21:25.072 [TestNG-test=Regression-2] INFO  testBase.TestBase - can not log in using invalid data
2022-08-27 02:21:27.053 [TestNG-test=Regression-2] INFO  testBase.TestBase - navigated to login page
2022-08-27 02:21:27.145 [TestNG-test=Regression-2] INFO  testBase.TestBase - entered an username
2022-08-27 02:21:27.258 [TestNG-test=Regression-2] INFO  testBase.TestBase - entered a password
2022-08-27 02:21:29.895 [TestNG-test=Regression-2] INFO  testBase.TestBase - submitted login
2022-08-27 02:21:30.030 [TestNG-test=Regression-2] INFO  testBase.TestBase - can not log in using invalid data
2022-08-27 02:21:31.955 [TestNG-test=Regression-2] INFO  testBase.TestBase - navigated to login page
2022-08-27 02:21:32.064 [TestNG-test=Regression-2] INFO  testBase.TestBase - entered an username
2022-08-27 02:21:32.194 [TestNG-test=Regression-2] INFO  testBase.TestBase - entered a password
2022-08-27 02:21:33.472 [TestNG-test=Regression-2] INFO  testBase.TestBase - submitted login
2022-08-27 02:21:33.603 [TestNG-test=Regression-2] INFO  testBase.TestBase - can not log in using invalid data
2022-08-27 02:21:37.158 [TestNG-test=Regression-2] INFO  testBase.TestBase - entered an new random email
2022-08-27 02:21:40.452 [TestNG-test=Regression-2] INFO  testBase.TestBase - Navigated to signup page
2022-08-27 02:21:41.565 [TestNG-test=Regression-2] INFO  testBase.TestBase - entered invalid personal data
2022-08-27 02:21:43.718 [TestNG-test=Regression-2] INFO  testBase.TestBase - all expected messages have been verified
2022-08-27 02:21:47.747 [TestNG-test=Regression-2] INFO  testBase.TestBase - entered an new random email
2022-08-27 02:21:52.035 [TestNG-test=Regression-2] INFO  testBase.TestBase - Navigated to signup page
2022-08-27 02:21:53.344 [TestNG-test=Regression-2] INFO  testBase.TestBase - entered invalid personal data
2022-08-27 02:21:55.903 [TestNG-test=Regression-2] INFO  testBase.TestBase - all expected messages have been verified
2022-08-27 02:21:59.112 [TestNG-test=Regression-2] INFO  testBase.TestBase - entered an new random email
2022-08-27 02:22:02.492 [TestNG-test=Regression-2] INFO  testBase.TestBase - Navigated to signup page
2022-08-27 02:22:03.958 [TestNG-test=Regression-2] INFO  testBase.TestBase - entered invalid personal data
2022-08-27 02:22:05.298 [TestNG-test=Regression-2] INFO  testBase.TestBase - all expected messages have been verified
2022-08-27 02:22:08.157 [TestNG-test=Regression-2] INFO  testBase.TestBase - entered an new random email
2022-08-27 02:22:12.357 [TestNG-test=Regression-2] INFO  testBase.TestBase - Navigated to signup page
2022-08-27 02:22:13.712 [TestNG-test=Regression-2] INFO  testBase.TestBase - entered invalid personal data
2022-08-27 02:22:16.518 [TestNG-test=Regression-2] INFO  testBase.TestBase - all expected messages have been verified
2022-08-27 02:22:19.788 [TestNG-test=Regression-4] INFO  testBase.TestBase - navigated to login page
2022-08-27 02:22:22.370 [TestNG-test=Regression-4] INFO  testBase.TestBase - Login submitted
2022-08-27 02:22:23.658 [TestNG-test=Regression-4] INFO  testBase.TestBase - user logged in successfully
2022-08-27 02:22:29.971 [TestNG-test=Regression-4] INFO  testBase.TestBase - navigated to LoginPage
2022-08-27 02:22:30.101 [TestNG-test=Regression-4] INFO  testBase.TestBase - Entered a registered email
2022-08-27 02:22:30.169 [TestNG-test=Regression-4] INFO  testBase.TestBase - submitted account creation
2022-08-27 02:22:31.826 [TestNG-test=Regression-4] INFO  testBase.TestBase - Error message displayed
2022-08-27 02:22:31.934 [TestNG-test=Regression-4] INFO  testBase.TestBase - entered an new random email
2022-08-27 02:22:31.989 [TestNG-test=Regression-4] INFO  testBase.TestBase - submitted account creation
2022-08-27 02:22:33.652 [TestNG-test=Regression-4] INFO  testBase.TestBase - changed the default email value to a registered email after navigation to signup page
2022-08-27 02:22:36.173 [TestNG-test=Regression-4] INFO  testBase.TestBase - submitted account creation
2022-08-27 02:22:36.221 [TestNG-test=Regression-4] INFO  testBase.TestBase - Error message displayed
2022-08-27 02:28:47.366 [TestNG-test=Regression-2] INFO  testBase.TestBase - navigated to LoginPage
2022-08-27 02:28:47.524 [TestNG-test=Regression-2] INFO  testBase.TestBase - entered a new email to create an account 
2022-08-27 02:28:50.488 [TestNG-test=Regression-2] INFO  testBase.TestBase - navigated to signupPage
2022-08-27 02:28:52.124 [TestNG-test=Regression-2] INFO  testBase.TestBase - entered personal data 
2022-08-27 02:28:53.226 [TestNG-test=Regression-2] INFO  testBase.TestBase - entered address and contact data
2022-08-27 02:29:00.251 [TestNG-test=Regression-2] INFO  testBase.TestBase - Account created successfully
2022-08-27 02:29:09.024 [TestNG-test=Regression-2] INFO  testBase.TestBase - navigated to login page
2022-08-27 02:29:09.193 [TestNG-test=Regression-2] INFO  testBase.TestBase - entered an username
2022-08-27 02:29:09.372 [TestNG-test=Regression-2] INFO  testBase.TestBase - entered a password
2022-08-27 02:29:13.959 [TestNG-test=Regression-2] INFO  testBase.TestBase - submitted login
2022-08-27 02:29:15.837 [TestNG-test=Regression-2] INFO  testBase.TestBase - logged in successfully with valid data
2022-08-27 02:29:24.593 [TestNG-test=Regression-2] INFO  testBase.TestBase - navigated to login page
2022-08-27 02:29:24.828 [TestNG-test=Regression-2] INFO  testBase.TestBase - entered an username
2022-08-27 02:29:24.960 [TestNG-test=Regression-2] INFO  testBase.TestBase - entered a password
2022-08-27 02:29:27.095 [TestNG-test=Regression-2] INFO  testBase.TestBase - submitted login
2022-08-27 02:29:27.271 [TestNG-test=Regression-2] INFO  testBase.TestBase - can not log in using invalid data
2022-08-27 02:29:32.277 [TestNG-test=Regression-2] INFO  testBase.TestBase - navigated to login page
2022-08-27 02:29:32.443 [TestNG-test=Regression-2] INFO  testBase.TestBase - entered an username
2022-08-27 02:29:32.700 [TestNG-test=Regression-2] INFO  testBase.TestBase - entered a password
2022-08-27 02:29:35.105 [TestNG-test=Regression-2] INFO  testBase.TestBase - submitted login
2022-08-27 02:29:35.267 [TestNG-test=Regression-2] INFO  testBase.TestBase - can not log in using invalid data
2022-08-27 02:29:38.997 [TestNG-test=Regression-2] INFO  testBase.TestBase - navigated to login page
2022-08-27 02:29:39.130 [TestNG-test=Regression-2] INFO  testBase.TestBase - entered an username
2022-08-27 02:29:39.245 [TestNG-test=Regression-2] INFO  testBase.TestBase - entered a password
2022-08-27 02:29:41.426 [TestNG-test=Regression-2] INFO  testBase.TestBase - submitted login
2022-08-27 02:29:41.595 [TestNG-test=Regression-2] INFO  testBase.TestBase - can not log in using invalid data
2022-08-27 02:29:44.504 [TestNG-test=Regression-2] INFO  testBase.TestBase - navigated to login page
2022-08-27 02:29:44.620 [TestNG-test=Regression-2] INFO  testBase.TestBase - entered an username
2022-08-27 02:29:44.708 [TestNG-test=Regression-2] INFO  testBase.TestBase - entered a password
2022-08-27 02:29:46.436 [TestNG-test=Regression-2] INFO  testBase.TestBase - submitted login
2022-08-27 02:29:46.567 [TestNG-test=Regression-2] INFO  testBase.TestBase - can not log in using invalid data
2022-08-27 02:29:49.068 [TestNG-test=Regression-2] INFO  testBase.TestBase - navigated to login page
2022-08-27 02:29:49.154 [TestNG-test=Regression-2] INFO  testBase.TestBase - entered an username
2022-08-27 02:29:49.249 [TestNG-test=Regression-2] INFO  testBase.TestBase - entered a password
2022-08-27 02:29:51.753 [TestNG-test=Regression-2] INFO  testBase.TestBase - submitted login
2022-08-27 02:29:51.925 [TestNG-test=Regression-2] INFO  testBase.TestBase - can not log in using invalid data
2022-08-27 02:29:55.704 [TestNG-test=Regression-2] INFO  testBase.TestBase - navigated to login page
2022-08-27 02:29:55.813 [TestNG-test=Regression-2] INFO  testBase.TestBase - entered an username
2022-08-27 02:29:55.924 [TestNG-test=Regression-2] INFO  testBase.TestBase - entered a password
2022-08-27 02:29:57.772 [TestNG-test=Regression-2] INFO  testBase.TestBase - submitted login
2022-08-27 02:29:57.925 [TestNG-test=Regression-2] INFO  testBase.TestBase - can not log in using invalid data
2022-08-27 02:30:01.302 [TestNG-test=Regression-2] INFO  testBase.TestBase - entered an new random email
2022-08-27 02:30:03.388 [TestNG-test=Regression-2] INFO  testBase.TestBase - Navigated to signup page
2022-08-27 02:30:04.410 [TestNG-test=Regression-2] INFO  testBase.TestBase - entered invalid personal data
2022-08-27 02:30:09.647 [TestNG-test=Regression-2] INFO  testBase.TestBase - all expected messages have been verified
2022-08-27 02:30:12.009 [TestNG-test=Regression-2] INFO  testBase.TestBase - entered an new random email
2022-08-27 02:30:25.792 [TestNG-test=Regression-2] INFO  testBase.TestBase - entered an new random email
2022-08-27 02:30:28.919 [TestNG-test=Regression-2] INFO  testBase.TestBase - Navigated to signup page
2022-08-27 02:30:30.431 [TestNG-test=Regression-2] INFO  testBase.TestBase - entered invalid personal data
2022-08-27 02:30:32.432 [TestNG-test=Regression-2] INFO  testBase.TestBase - all expected messages have been verified
2022-08-27 02:30:36.898 [TestNG-test=Regression-2] INFO  testBase.TestBase - entered an new random email
2022-08-27 02:30:38.986 [TestNG-test=Regression-2] INFO  testBase.TestBase - Navigated to signup page
2022-08-27 02:30:40.118 [TestNG-test=Regression-2] INFO  testBase.TestBase - entered invalid personal data
2022-08-27 02:30:43.027 [TestNG-test=Regression-2] INFO  testBase.TestBase - all expected messages have been verified
2022-08-27 02:30:47.299 [TestNG-test=Regression-4] INFO  testBase.TestBase - navigated to login page
2022-08-27 02:30:51.138 [TestNG-test=Regression-4] INFO  testBase.TestBase - Login submitted
2022-08-27 02:30:53.123 [TestNG-test=Regression-4] INFO  testBase.TestBase - user logged in successfully
2022-08-27 02:31:00.745 [TestNG-test=Regression-4] INFO  testBase.TestBase - navigated to LoginPage
2022-08-27 02:31:00.877 [TestNG-test=Regression-4] INFO  testBase.TestBase - Entered a registered email
2022-08-27 02:31:00.973 [TestNG-test=Regression-4] INFO  testBase.TestBase - submitted account creation
2022-08-27 02:31:02.105 [TestNG-test=Regression-4] INFO  testBase.TestBase - Error message displayed
2022-08-27 02:31:02.244 [TestNG-test=Regression-4] INFO  testBase.TestBase - entered an new random email
2022-08-27 02:31:02.324 [TestNG-test=Regression-4] INFO  testBase.TestBase - submitted account creation
2022-08-27 02:31:04.241 [TestNG-test=Regression-4] INFO  testBase.TestBase - changed the default email value to a registered email after navigation to signup page
2022-08-27 02:31:06.005 [TestNG-test=Regression-4] INFO  testBase.TestBase - submitted account creation
2022-08-27 02:31:06.070 [TestNG-test=Regression-4] INFO  testBase.TestBase - Error message displayed
2022-08-27 02:34:54.650 [main] INFO  testBase.TestBase - entered an new random email
2022-08-27 02:34:56.322 [main] INFO  testBase.TestBase - Navigated to signup page
2022-08-27 02:34:57.564 [main] INFO  testBase.TestBase - entered invalid personal data
2022-08-27 02:34:59.238 [main] INFO  testBase.TestBase - all expected messages have been verified
2022-08-27 02:49:04.887 [TestNG-test=Regression-2] INFO  testBase.TestBase - navigated to LoginPage
2022-08-27 02:49:05.161 [TestNG-test=Regression-2] INFO  testBase.TestBase - entered a new email to create an account 
2022-08-27 02:49:07.376 [TestNG-test=Regression-2] INFO  testBase.TestBase - navigated to signupPage
2022-08-27 02:49:08.841 [TestNG-test=Regression-2] INFO  testBase.TestBase - entered personal data 
2022-08-27 02:49:09.598 [TestNG-test=Regression-2] INFO  testBase.TestBase - entered address and contact data
2022-08-27 02:49:14.065 [TestNG-test=Regression-2] INFO  testBase.TestBase - Account created successfully
2022-08-27 02:49:23.937 [TestNG-test=Regression-2] INFO  testBase.TestBase - navigated to login page
2022-08-27 02:49:24.120 [TestNG-test=Regression-2] INFO  testBase.TestBase - entered an username
2022-08-27 02:49:24.266 [TestNG-test=Regression-2] INFO  testBase.TestBase - entered a password
2022-08-27 02:49:28.991 [TestNG-test=Regression-2] INFO  testBase.TestBase - submitted login
2022-08-27 02:49:30.475 [TestNG-test=Regression-2] INFO  testBase.TestBase - logged in successfully with valid data
2022-08-27 02:49:38.789 [TestNG-test=Regression-2] INFO  testBase.TestBase - navigated to login page
2022-08-27 02:49:38.950 [TestNG-test=Regression-2] INFO  testBase.TestBase - entered an username
2022-08-27 02:49:39.109 [TestNG-test=Regression-2] INFO  testBase.TestBase - entered a password
2022-08-27 02:49:41.246 [TestNG-test=Regression-2] INFO  testBase.TestBase - submitted login
2022-08-27 02:49:41.470 [TestNG-test=Regression-2] INFO  testBase.TestBase - can not log in using invalid data
2022-08-27 02:49:45.883 [TestNG-test=Regression-2] INFO  testBase.TestBase - navigated to login page
2022-08-27 02:49:46.033 [TestNG-test=Regression-2] INFO  testBase.TestBase - entered an username
2022-08-27 02:49:46.241 [TestNG-test=Regression-2] INFO  testBase.TestBase - entered a password
2022-08-27 02:49:47.366 [TestNG-test=Regression-2] INFO  testBase.TestBase - submitted login
2022-08-27 02:49:47.545 [TestNG-test=Regression-2] INFO  testBase.TestBase - can not log in using invalid data
2022-08-27 02:49:49.383 [TestNG-test=Regression-2] INFO  testBase.TestBase - navigated to login page
2022-08-27 02:49:49.529 [TestNG-test=Regression-2] INFO  testBase.TestBase - entered an username
2022-08-27 02:49:49.670 [TestNG-test=Regression-2] INFO  testBase.TestBase - entered a password
2022-08-27 02:49:51.950 [TestNG-test=Regression-2] INFO  testBase.TestBase - submitted login
2022-08-27 02:49:52.143 [TestNG-test=Regression-2] INFO  testBase.TestBase - can not log in using invalid data
2022-08-27 02:49:54.063 [TestNG-test=Regression-2] INFO  testBase.TestBase - navigated to login page
2022-08-27 02:49:54.198 [TestNG-test=Regression-2] INFO  testBase.TestBase - entered an username
2022-08-27 02:49:54.301 [TestNG-test=Regression-2] INFO  testBase.TestBase - entered a password
2022-08-27 02:49:55.783 [TestNG-test=Regression-2] INFO  testBase.TestBase - submitted login
2022-08-27 02:49:55.995 [TestNG-test=Regression-2] INFO  testBase.TestBase - can not log in using invalid data
2022-08-27 02:49:58.570 [TestNG-test=Regression-2] INFO  testBase.TestBase - navigated to login page
2022-08-27 02:49:58.676 [TestNG-test=Regression-2] INFO  testBase.TestBase - entered an username
2022-08-27 02:49:58.804 [TestNG-test=Regression-2] INFO  testBase.TestBase - entered a password
2022-08-27 02:49:59.850 [TestNG-test=Regression-2] INFO  testBase.TestBase - submitted login
2022-08-27 02:50:00.004 [TestNG-test=Regression-2] INFO  testBase.TestBase - can not log in using invalid data
2022-08-27 02:50:01.784 [TestNG-test=Regression-2] INFO  testBase.TestBase - navigated to login page
2022-08-27 02:50:01.897 [TestNG-test=Regression-2] INFO  testBase.TestBase - entered an username
2022-08-27 02:50:02.037 [TestNG-test=Regression-2] INFO  testBase.TestBase - entered a password
2022-08-27 02:50:03.651 [TestNG-test=Regression-2] INFO  testBase.TestBase - submitted login
2022-08-27 02:50:03.817 [TestNG-test=Regression-2] INFO  testBase.TestBase - can not log in using invalid data
2022-08-27 02:50:06.522 [TestNG-test=Regression-2] INFO  testBase.TestBase - entered an new random email
2022-08-27 02:50:08.214 [TestNG-test=Regression-2] INFO  testBase.TestBase - Navigated to signup page
2022-08-27 02:50:09.303 [TestNG-test=Regression-2] INFO  testBase.TestBase - entered invalid personal data
2022-08-27 02:50:11.217 [TestNG-test=Regression-2] INFO  testBase.TestBase - all expected messages have been verified
2022-08-27 02:50:13.493 [TestNG-test=Regression-2] INFO  testBase.TestBase - entered an new random email
2022-08-27 02:50:16.848 [TestNG-test=Regression-2] INFO  testBase.TestBase - Navigated to signup page
2022-08-27 02:50:18.093 [TestNG-test=Regression-2] INFO  testBase.TestBase - entered invalid personal data
2022-08-27 02:50:19.584 [TestNG-test=Regression-2] INFO  testBase.TestBase - all expected messages have been verified
2022-08-27 02:50:22.152 [TestNG-test=Regression-2] INFO  testBase.TestBase - entered an new random email
2022-08-27 02:50:23.950 [TestNG-test=Regression-2] INFO  testBase.TestBase - Navigated to signup page
2022-08-27 02:50:25.218 [TestNG-test=Regression-2] INFO  testBase.TestBase - entered invalid personal data
2022-08-27 02:50:26.927 [TestNG-test=Regression-2] INFO  testBase.TestBase - all expected messages have been verified
2022-08-27 02:50:31.060 [TestNG-test=Regression-2] INFO  testBase.TestBase - entered an new random email
2022-08-27 02:50:32.966 [TestNG-test=Regression-2] INFO  testBase.TestBase - Navigated to signup page
2022-08-27 02:50:34.334 [TestNG-test=Regression-2] INFO  testBase.TestBase - entered invalid personal data
2022-08-27 02:50:35.903 [TestNG-test=Regression-2] INFO  testBase.TestBase - all expected messages have been verified
2022-08-27 02:50:37.984 [TestNG-test=Regression-4] INFO  testBase.TestBase - navigated to login page
2022-08-27 02:50:40.180 [TestNG-test=Regression-4] INFO  testBase.TestBase - Login submitted
2022-08-27 02:50:41.755 [TestNG-test=Regression-4] INFO  testBase.TestBase - user logged in successfully
2022-08-27 02:50:46.976 [TestNG-test=Regression-4] INFO  testBase.TestBase - navigated to LoginPage
2022-08-27 02:50:47.092 [TestNG-test=Regression-4] INFO  testBase.TestBase - Entered a registered email
2022-08-27 02:50:47.158 [TestNG-test=Regression-4] INFO  testBase.TestBase - submitted account creation
2022-08-27 02:50:48.289 [TestNG-test=Regression-4] INFO  testBase.TestBase - Error message displayed
2022-08-27 02:50:48.429 [TestNG-test=Regression-4] INFO  testBase.TestBase - entered an new random email
2022-08-27 02:50:48.485 [TestNG-test=Regression-4] INFO  testBase.TestBase - submitted account creation
2022-08-27 02:50:50.192 [TestNG-test=Regression-4] INFO  testBase.TestBase - changed the default email value to a registered email after navigation to signup page
2022-08-27 02:50:51.745 [TestNG-test=Regression-4] INFO  testBase.TestBase - submitted account creation
2022-08-27 02:50:51.775 [TestNG-test=Regression-4] INFO  testBase.TestBase - Error message displayed
2022-08-27 02:58:42.138 [TestNG-test=Regression-2] INFO  testBase.TestBase - navigated to LoginPage
2022-08-27 02:58:42.369 [TestNG-test=Regression-2] INFO  testBase.TestBase - entered a new email to create an account 
2022-08-27 02:58:46.166 [TestNG-test=Regression-2] INFO  testBase.TestBase - navigated to signupPage
2022-08-27 02:58:47.661 [TestNG-test=Regression-2] INFO  testBase.TestBase - entered personal data 
2022-08-27 02:58:48.787 [TestNG-test=Regression-2] INFO  testBase.TestBase - entered address and contact data
2022-08-27 02:58:56.073 [TestNG-test=Regression-2] INFO  testBase.TestBase - Account created successfully
2022-08-27 02:59:05.480 [TestNG-test=Regression-2] INFO  testBase.TestBase - navigated to login page
2022-08-27 02:59:05.604 [TestNG-test=Regression-2] INFO  testBase.TestBase - entered an username
2022-08-27 02:59:05.710 [TestNG-test=Regression-2] INFO  testBase.TestBase - entered a password
2022-08-27 02:59:08.770 [TestNG-test=Regression-2] INFO  testBase.TestBase - submitted login
2022-08-27 02:59:10.485 [TestNG-test=Regression-2] INFO  testBase.TestBase - logged in successfully with valid data
2022-08-27 02:59:18.417 [TestNG-test=Regression-2] INFO  testBase.TestBase - navigated to login page
2022-08-27 02:59:18.552 [TestNG-test=Regression-2] INFO  testBase.TestBase - entered an username
2022-08-27 02:59:18.726 [TestNG-test=Regression-2] INFO  testBase.TestBase - entered a password
2022-08-27 02:59:21.053 [TestNG-test=Regression-2] INFO  testBase.TestBase - submitted login
2022-08-27 02:59:21.272 [TestNG-test=Regression-2] INFO  testBase.TestBase - can not log in using invalid data
2022-08-27 02:59:23.816 [TestNG-test=Regression-2] INFO  testBase.TestBase - navigated to login page
2022-08-27 02:59:23.910 [TestNG-test=Regression-2] INFO  testBase.TestBase - entered an username
2022-08-27 02:59:24.050 [TestNG-test=Regression-2] INFO  testBase.TestBase - entered a password
2022-08-27 02:59:25.106 [TestNG-test=Regression-2] INFO  testBase.TestBase - submitted login
2022-08-27 02:59:25.254 [TestNG-test=Regression-2] INFO  testBase.TestBase - can not log in using invalid data
2022-08-27 02:59:29.631 [TestNG-test=Regression-2] INFO  testBase.TestBase - navigated to login page
2022-08-27 02:59:29.735 [TestNG-test=Regression-2] INFO  testBase.TestBase - entered an username
2022-08-27 02:59:29.838 [TestNG-test=Regression-2] INFO  testBase.TestBase - entered a password
2022-08-27 02:59:33.267 [TestNG-test=Regression-2] INFO  testBase.TestBase - submitted login
2022-08-27 02:59:33.415 [TestNG-test=Regression-2] INFO  testBase.TestBase - can not log in using invalid data
2022-08-27 02:59:37.718 [TestNG-test=Regression-2] INFO  testBase.TestBase - navigated to login page
2022-08-27 02:59:37.850 [TestNG-test=Regression-2] INFO  testBase.TestBase - entered an username
2022-08-27 02:59:37.942 [TestNG-test=Regression-2] INFO  testBase.TestBase - entered a password
2022-08-27 02:59:39.005 [TestNG-test=Regression-2] INFO  testBase.TestBase - submitted login
2022-08-27 02:59:39.174 [TestNG-test=Regression-2] INFO  testBase.TestBase - can not log in using invalid data
2022-08-27 02:59:42.086 [TestNG-test=Regression-2] INFO  testBase.TestBase - navigated to login page
2022-08-27 02:59:42.178 [TestNG-test=Regression-2] INFO  testBase.TestBase - entered an username
2022-08-27 02:59:42.284 [TestNG-test=Regression-2] INFO  testBase.TestBase - entered a password
2022-08-27 02:59:44.640 [TestNG-test=Regression-2] INFO  testBase.TestBase - submitted login
2022-08-27 02:59:44.766 [TestNG-test=Regression-2] INFO  testBase.TestBase - can not log in using invalid data
2022-08-27 02:59:48.277 [TestNG-test=Regression-2] INFO  testBase.TestBase - navigated to login page
2022-08-27 02:59:48.356 [TestNG-test=Regression-2] INFO  testBase.TestBase - entered an username
2022-08-27 02:59:48.437 [TestNG-test=Regression-2] INFO  testBase.TestBase - entered a password
2022-08-27 02:59:50.771 [TestNG-test=Regression-2] INFO  testBase.TestBase - submitted login
2022-08-27 02:59:50.946 [TestNG-test=Regression-2] INFO  testBase.TestBase - can not log in using invalid data
2022-08-27 02:59:57.719 [TestNG-test=Regression-2] INFO  testBase.TestBase - entered an new random email
2022-08-27 03:00:00.881 [TestNG-test=Regression-2] INFO  testBase.TestBase - Navigated to signup page
2022-08-27 03:00:01.965 [TestNG-test=Regression-2] INFO  testBase.TestBase - entered invalid personal data
2022-08-27 03:00:04.011 [TestNG-test=Regression-2] INFO  testBase.TestBase - all expected messages have been verified
2022-08-27 03:00:07.947 [TestNG-test=Regression-2] INFO  testBase.TestBase - entered an new random email
2022-08-27 03:00:10.556 [TestNG-test=Regression-2] INFO  testBase.TestBase - Navigated to signup page
2022-08-27 03:00:11.919 [TestNG-test=Regression-2] INFO  testBase.TestBase - entered invalid personal data
2022-08-27 03:00:14.341 [TestNG-test=Regression-2] INFO  testBase.TestBase - all expected messages have been verified
2022-08-27 03:00:18.051 [TestNG-test=Regression-2] INFO  testBase.TestBase - entered an new random email
2022-08-27 03:00:19.840 [TestNG-test=Regression-2] INFO  testBase.TestBase - Navigated to signup page
2022-08-27 03:00:21.099 [TestNG-test=Regression-2] INFO  testBase.TestBase - entered invalid personal data
2022-08-27 03:00:22.569 [TestNG-test=Regression-2] INFO  testBase.TestBase - all expected messages have been verified
2022-08-27 03:00:26.722 [TestNG-test=Regression-2] INFO  testBase.TestBase - entered an new random email
2022-08-27 03:00:30.036 [TestNG-test=Regression-2] INFO  testBase.TestBase - Navigated to signup page
2022-08-27 03:00:31.170 [TestNG-test=Regression-2] INFO  testBase.TestBase - entered invalid personal data
2022-08-27 03:00:33.125 [TestNG-test=Regression-2] INFO  testBase.TestBase - all expected messages have been verified
2022-08-27 03:00:35.454 [TestNG-test=Regression-4] INFO  testBase.TestBase - navigated to login page
2022-08-27 03:00:37.884 [TestNG-test=Regression-4] INFO  testBase.TestBase - Login submitted
2022-08-27 03:00:38.938 [TestNG-test=Regression-4] INFO  testBase.TestBase - user logged in successfully
2022-08-27 03:00:44.435 [TestNG-test=Regression-4] INFO  testBase.TestBase - navigated to LoginPage
2022-08-27 03:00:44.568 [TestNG-test=Regression-4] INFO  testBase.TestBase - Entered a registered email
2022-08-27 03:00:44.670 [TestNG-test=Regression-4] INFO  testBase.TestBase - submitted account creation
2022-08-27 03:00:45.800 [TestNG-test=Regression-4] INFO  testBase.TestBase - Error message displayed
2022-08-27 03:00:45.932 [TestNG-test=Regression-4] INFO  testBase.TestBase - entered an new random email
2022-08-27 03:00:45.991 [TestNG-test=Regression-4] INFO  testBase.TestBase - submitted account creation
2022-08-27 03:00:47.753 [TestNG-test=Regression-4] INFO  testBase.TestBase - changed the default email value to a registered email after navigation to signup page
2022-08-27 03:00:49.166 [TestNG-test=Regression-4] INFO  testBase.TestBase - submitted account creation
2022-08-27 03:00:49.209 [TestNG-test=Regression-4] INFO  testBase.TestBase - Error message displayed
2022-08-27 03:05:05.774 [TestNG-test=Regression-2] INFO  testBase.TestBase - navigated to LoginPage
2022-08-27 03:08:06.210 [TestNG-test=Regression-2] INFO  testBase.TestBase - navigated to LoginPage
2022-08-27 03:08:06.410 [TestNG-test=Regression-2] INFO  testBase.TestBase - entered a new email to create an account 
2022-08-27 03:08:11.231 [TestNG-test=Regression-2] INFO  testBase.TestBase - navigated to signupPage
2022-08-27 03:08:12.582 [TestNG-test=Regression-2] INFO  testBase.TestBase - entered personal data 
2022-08-27 03:08:13.277 [TestNG-test=Regression-2] INFO  testBase.TestBase - entered address and contact data
2022-08-27 03:08:21.510 [TestNG-test=Regression-2] INFO  testBase.TestBase - Account created successfully
2022-08-27 03:08:37.000 [TestNG-test=Regression-2] INFO  testBase.TestBase - navigated to login page
2022-08-27 03:08:37.147 [TestNG-test=Regression-2] INFO  testBase.TestBase - entered an username
2022-08-27 03:08:37.290 [TestNG-test=Regression-2] INFO  testBase.TestBase - entered a password
2022-08-27 03:08:44.157 [TestNG-test=Regression-2] INFO  testBase.TestBase - submitted login
2022-08-27 03:08:46.819 [TestNG-test=Regression-2] INFO  testBase.TestBase - logged in successfully with valid data
2022-08-27 03:09:00.827 [TestNG-test=Regression-2] INFO  testBase.TestBase - navigated to login page
2022-08-27 03:09:01.003 [TestNG-test=Regression-2] INFO  testBase.TestBase - entered an username
2022-08-27 03:09:01.155 [TestNG-test=Regression-2] INFO  testBase.TestBase - entered a password
2022-08-27 03:09:02.941 [TestNG-test=Regression-2] INFO  testBase.TestBase - submitted login
2022-08-27 03:09:03.144 [TestNG-test=Regression-2] INFO  testBase.TestBase - can not log in using invalid data
2022-08-27 03:09:06.473 [TestNG-test=Regression-2] INFO  testBase.TestBase - navigated to login page
2022-08-27 03:09:06.634 [TestNG-test=Regression-2] INFO  testBase.TestBase - entered an username
2022-08-27 03:09:06.840 [TestNG-test=Regression-2] INFO  testBase.TestBase - entered a password
2022-08-27 03:09:09.347 [TestNG-test=Regression-2] INFO  testBase.TestBase - submitted login
2022-08-27 03:09:09.509 [TestNG-test=Regression-2] INFO  testBase.TestBase - can not log in using invalid data
2022-08-27 03:09:12.400 [TestNG-test=Regression-2] INFO  testBase.TestBase - navigated to login page
2022-08-27 03:09:12.500 [TestNG-test=Regression-2] INFO  testBase.TestBase - entered an username
2022-08-27 03:09:12.589 [TestNG-test=Regression-2] INFO  testBase.TestBase - entered a password
2022-08-27 03:09:13.853 [TestNG-test=Regression-2] INFO  testBase.TestBase - submitted login
2022-08-27 03:09:14.020 [TestNG-test=Regression-2] INFO  testBase.TestBase - can not log in using invalid data
2022-08-27 03:09:17.707 [TestNG-test=Regression-2] INFO  testBase.TestBase - navigated to login page
2022-08-27 03:09:17.804 [TestNG-test=Regression-2] INFO  testBase.TestBase - entered an username
2022-08-27 03:09:17.884 [TestNG-test=Regression-2] INFO  testBase.TestBase - entered a password
2022-08-27 03:09:19.356 [TestNG-test=Regression-2] INFO  testBase.TestBase - submitted login
2022-08-27 03:09:19.524 [TestNG-test=Regression-2] INFO  testBase.TestBase - can not log in using invalid data
2022-08-27 03:09:24.635 [TestNG-test=Regression-2] INFO  testBase.TestBase - navigated to login page
2022-08-27 03:09:24.730 [TestNG-test=Regression-2] INFO  testBase.TestBase - entered an username
2022-08-27 03:09:24.834 [TestNG-test=Regression-2] INFO  testBase.TestBase - entered a password
2022-08-27 03:09:26.336 [TestNG-test=Regression-2] INFO  testBase.TestBase - submitted login
2022-08-27 03:09:26.471 [TestNG-test=Regression-2] INFO  testBase.TestBase - can not log in using invalid data
2022-08-27 03:09:32.843 [TestNG-test=Regression-2] INFO  testBase.TestBase - navigated to login page
2022-08-27 03:09:32.934 [TestNG-test=Regression-2] INFO  testBase.TestBase - entered an username
2022-08-27 03:09:33.033 [TestNG-test=Regression-2] INFO  testBase.TestBase - entered a password
2022-08-27 03:09:37.699 [TestNG-test=Regression-2] INFO  testBase.TestBase - submitted login
2022-08-27 03:09:37.845 [TestNG-test=Regression-2] INFO  testBase.TestBase - can not log in using invalid data
2022-08-27 03:09:45.411 [TestNG-test=Regression-2] INFO  testBase.TestBase - entered an new random email
2022-08-27 03:09:49.711 [TestNG-test=Regression-2] INFO  testBase.TestBase - Navigated to signup page
2022-08-27 03:09:51.098 [TestNG-test=Regression-2] INFO  testBase.TestBase - entered invalid personal data
2022-08-27 03:09:54.427 [TestNG-test=Regression-2] INFO  testBase.TestBase - all expected messages have been verified
2022-08-27 03:10:00.241 [TestNG-test=Regression-2] INFO  testBase.TestBase - entered an new random email
2022-08-27 03:10:03.963 [TestNG-test=Regression-2] INFO  testBase.TestBase - Navigated to signup page
2022-08-27 03:10:05.291 [TestNG-test=Regression-2] INFO  testBase.TestBase - entered invalid personal data
2022-08-27 03:10:07.181 [TestNG-test=Regression-2] INFO  testBase.TestBase - all expected messages have been verified
2022-08-27 03:10:13.649 [TestNG-test=Regression-2] INFO  testBase.TestBase - entered an new random email
2022-08-27 03:10:18.320 [TestNG-test=Regression-2] INFO  testBase.TestBase - Navigated to signup page
2022-08-27 03:10:20.040 [TestNG-test=Regression-2] INFO  testBase.TestBase - entered invalid personal data
2022-08-27 03:10:22.220 [TestNG-test=Regression-2] INFO  testBase.TestBase - all expected messages have been verified
2022-08-27 03:10:31.420 [TestNG-test=Regression-2] INFO  testBase.TestBase - entered an new random email
2022-08-27 03:10:37.484 [TestNG-test=Regression-2] INFO  testBase.TestBase - Navigated to signup page
2022-08-27 03:10:39.054 [TestNG-test=Regression-2] INFO  testBase.TestBase - entered invalid personal data
2022-08-27 03:10:43.766 [TestNG-test=Regression-2] INFO  testBase.TestBase - all expected messages have been verified
2022-08-27 03:10:48.991 [TestNG-test=Regression-3] INFO  testBase.TestBase - navigated to login page
2022-08-27 03:10:54.546 [TestNG-test=Regression-3] INFO  testBase.TestBase - Login submitted
2022-08-27 03:10:58.636 [TestNG-test=Regression-3] INFO  testBase.TestBase - user logged in successfully
2022-08-27 03:11:06.435 [TestNG-test=Regression-3] INFO  testBase.TestBase - navigated to LoginPage
2022-08-27 03:11:06.586 [TestNG-test=Regression-3] INFO  testBase.TestBase - Entered a registered email
2022-08-27 03:11:06.677 [TestNG-test=Regression-3] INFO  testBase.TestBase - submitted account creation
2022-08-27 03:11:07.831 [TestNG-test=Regression-3] INFO  testBase.TestBase - Error message displayed
2022-08-27 03:11:07.980 [TestNG-test=Regression-3] INFO  testBase.TestBase - entered an new random email
2022-08-27 03:11:08.034 [TestNG-test=Regression-3] INFO  testBase.TestBase - submitted account creation
2022-08-27 03:11:10.063 [TestNG-test=Regression-3] INFO  testBase.TestBase - changed the default email value to a registered email after navigation to signup page
2022-08-27 03:11:11.720 [TestNG-test=Regression-3] INFO  testBase.TestBase - submitted account creation
2022-08-27 03:11:11.784 [TestNG-test=Regression-3] INFO  testBase.TestBase - Error message displayed
