2022-08-25 03:25:13.528 [TestNG-test=Regression-2] INFO  testBase.TestBase - entered an new random email
2022-08-25 03:25:17.113 [TestNG-test=Regression-2] INFO  testBase.TestBase - Navigated to signup page
2022-08-25 03:25:18.801 [TestNG-test=Regression-2] INFO  testBase.TestBase - entered invalid personal data
2022-08-25 03:25:20.711 [TestNG-test=Regression-2] INFO  testBase.TestBase - all expected messages have been verified
2022-08-25 03:25:23.458 [TestNG-test=Regression-2] INFO  testBase.TestBase - entered an new random email
2022-08-25 03:25:25.408 [TestNG-test=Regression-2] INFO  testBase.TestBase - Navigated to signup page
2022-08-25 03:25:28.005 [TestNG-test=Regression-2] INFO  testBase.TestBase - entered invalid personal data
2022-08-25 03:25:30.536 [TestNG-test=Regression-2] INFO  testBase.TestBase - all expected messages have been verified
2022-08-25 03:25:34.401 [TestNG-test=Regression-2] INFO  testBase.TestBase - entered an new random email
2022-08-25 03:25:38.945 [TestNG-test=Regression-2] INFO  testBase.TestBase - Navigated to signup page
2022-08-25 03:25:41.042 [TestNG-test=Regression-2] INFO  testBase.TestBase - entered invalid personal data
2022-08-25 03:25:47.234 [TestNG-test=Regression-2] INFO  testBase.TestBase - all expected messages have been verified
2022-08-25 03:25:55.431 [TestNG-test=Regression-2] INFO  testBase.TestBase - entered an new random email
2022-08-25 03:26:02.922 [TestNG-test=Regression-2] INFO  testBase.TestBase - Navigated to signup page
2022-08-25 03:26:04.953 [TestNG-test=Regression-2] INFO  testBase.TestBase - entered invalid personal data
2022-08-25 03:26:09.907 [TestNG-test=Regression-2] INFO  testBase.TestBase - all expected messages have been verified
2022-08-25 03:26:20.044 [TestNG-test=Regression-2] INFO  testBase.TestBase - navigated to LoginPage
2022-08-25 03:26:20.309 [TestNG-test=Regression-2] INFO  testBase.TestBase - entered a new email to create an account 
2022-08-25 03:26:23.980 [TestNG-test=Regression-2] INFO  testBase.TestBase - navigated to signupPage
2022-08-25 03:26:26.225 [TestNG-test=Regression-2] INFO  testBase.TestBase - entered personal data 
2022-08-25 03:26:28.304 [TestNG-test=Regression-2] INFO  testBase.TestBase - entered address and contact data
2022-08-25 03:26:34.088 [TestNG-test=Regression-2] INFO  testBase.TestBase - Account created successfully
2022-08-25 03:26:41.994 [TestNG-test=Regression-2] INFO  testBase.TestBase - navigated to login page
2022-08-25 03:26:42.166 [TestNG-test=Regression-2] INFO  testBase.TestBase - entered an username
2022-08-25 03:26:42.345 [TestNG-test=Regression-2] INFO  testBase.TestBase - entered a password
2022-08-25 03:26:46.831 [TestNG-test=Regression-2] INFO  testBase.TestBase - submitted login
2022-08-25 03:26:49.053 [TestNG-test=Regression-2] INFO  testBase.TestBase - logged in successfully with valid data
2022-08-25 03:26:57.397 [TestNG-test=Regression-2] INFO  testBase.TestBase - navigated to login page
2022-08-25 03:26:57.646 [TestNG-test=Regression-2] INFO  testBase.TestBase - entered an username
2022-08-25 03:26:57.853 [TestNG-test=Regression-2] INFO  testBase.TestBase - entered a password
2022-08-25 03:27:00.252 [TestNG-test=Regression-2] INFO  testBase.TestBase - submitted login
2022-08-25 03:27:00.612 [TestNG-test=Regression-2] INFO  testBase.TestBase - can not log in using invalid data
2022-08-25 03:27:03.452 [TestNG-test=Regression-2] INFO  testBase.TestBase - navigated to login page
2022-08-25 03:27:03.716 [TestNG-test=Regression-2] INFO  testBase.TestBase - entered an username
2022-08-25 03:27:03.997 [TestNG-test=Regression-2] INFO  testBase.TestBase - entered a password
2022-08-25 03:27:07.002 [TestNG-test=Regression-2] INFO  testBase.TestBase - submitted login
2022-08-25 03:27:07.344 [TestNG-test=Regression-2] INFO  testBase.TestBase - can not log in using invalid data
2022-08-25 03:27:10.033 [TestNG-test=Regression-2] INFO  testBase.TestBase - navigated to login page
2022-08-25 03:27:10.249 [TestNG-test=Regression-2] INFO  testBase.TestBase - entered an username
2022-08-25 03:27:10.466 [TestNG-test=Regression-2] INFO  testBase.TestBase - entered a password
2022-08-25 03:27:12.312 [TestNG-test=Regression-2] INFO  testBase.TestBase - submitted login
2022-08-25 03:27:12.641 [TestNG-test=Regression-2] INFO  testBase.TestBase - can not log in using invalid data
2022-08-25 03:27:15.624 [TestNG-test=Regression-2] INFO  testBase.TestBase - navigated to login page
2022-08-25 03:27:15.876 [TestNG-test=Regression-2] INFO  testBase.TestBase - entered an username
2022-08-25 03:27:16.037 [TestNG-test=Regression-2] INFO  testBase.TestBase - entered a password
2022-08-25 03:27:17.550 [TestNG-test=Regression-2] INFO  testBase.TestBase - submitted login
2022-08-25 03:27:17.875 [TestNG-test=Regression-2] INFO  testBase.TestBase - can not log in using invalid data
2022-08-25 03:27:20.024 [TestNG-test=Regression-2] INFO  testBase.TestBase - navigated to login page
2022-08-25 03:27:20.160 [TestNG-test=Regression-2] INFO  testBase.TestBase - entered an username
2022-08-25 03:27:20.316 [TestNG-test=Regression-2] INFO  testBase.TestBase - entered a password
2022-08-25 03:27:21.678 [TestNG-test=Regression-2] INFO  testBase.TestBase - submitted login
2022-08-25 03:27:21.936 [TestNG-test=Regression-2] INFO  testBase.TestBase - can not log in using invalid data
2022-08-25 03:27:25.573 [TestNG-test=Regression-2] INFO  testBase.TestBase - navigated to login page
2022-08-25 03:27:25.705 [TestNG-test=Regression-2] INFO  testBase.TestBase - entered an username
2022-08-25 03:27:25.868 [TestNG-test=Regression-2] INFO  testBase.TestBase - entered a password
2022-08-25 03:27:33.280 [TestNG-test=Regression-2] INFO  testBase.TestBase - submitted login
2022-08-25 03:27:33.610 [TestNG-test=Regression-2] INFO  testBase.TestBase - can not log in using invalid data
2022-08-25 03:27:39.632 [TestNG-test=Regression-3] INFO  testBase.TestBase - navigated to LoginPage
2022-08-25 03:27:39.923 [TestNG-test=Regression-3] INFO  testBase.TestBase - Entered a registered email
2022-08-25 03:27:40.063 [TestNG-test=Regression-3] INFO  testBase.TestBase - submitted account creation
2022-08-25 03:27:43.408 [TestNG-test=Regression-3] INFO  testBase.TestBase - Error message displayed
2022-08-25 03:27:43.628 [TestNG-test=Regression-3] INFO  testBase.TestBase - entered an new random email
2022-08-25 03:27:43.736 [TestNG-test=Regression-3] INFO  testBase.TestBase - submitted account creation
2022-08-25 03:27:47.120 [TestNG-test=Regression-3] INFO  testBase.TestBase - change the default email value to a registered email after navigating to signup page
2022-08-25 03:27:49.666 [TestNG-test=Regression-3] INFO  testBase.TestBase - submitted account creation
2022-08-25 03:27:49.769 [TestNG-test=Regression-3] INFO  testBase.TestBase - Error message displayed
2022-08-25 03:27:51.981 [TestNG-test=Regression-3] INFO  testBase.TestBase - navigated to login page
2022-08-25 03:27:55.498 [TestNG-test=Regression-3] INFO  testBase.TestBase - Login submitted
2022-08-25 03:27:58.093 [TestNG-test=Regression-3] INFO  testBase.TestBase - user logged in successfully
2022-08-25 03:33:57.990 [TestNG-test=Smoke-1] INFO  testBase.TestBase - navigated to LoginPage
2022-08-25 03:33:58.266 [TestNG-test=Smoke-1] INFO  testBase.TestBase - entered a new email to create an account 
2022-08-25 03:34:01.355 [TestNG-test=Smoke-1] INFO  testBase.TestBase - navigated to signupPage
2022-08-25 03:34:03.199 [TestNG-test=Smoke-1] INFO  testBase.TestBase - entered personal data 
2022-08-25 03:34:04.995 [TestNG-test=Smoke-1] INFO  testBase.TestBase - entered address and contact data
2022-08-25 03:34:10.045 [TestNG-test=Smoke-1] INFO  testBase.TestBase - Account created successfully
2022-08-25 03:34:20.729 [TestNG-test=Smoke-1] INFO  testBase.TestBase - navigated to login page
2022-08-25 03:34:20.947 [TestNG-test=Smoke-1] INFO  testBase.TestBase - entered an username
2022-08-25 03:34:21.142 [TestNG-test=Smoke-1] INFO  testBase.TestBase - entered a password
2022-08-25 03:34:25.506 [TestNG-test=Smoke-1] INFO  testBase.TestBase - submitted login
2022-08-25 03:34:28.363 [TestNG-test=Smoke-1] INFO  testBase.TestBase - logged in successfully with valid data
2022-08-25 03:34:33.293 [TestNG-test=Smoke-1] INFO  testBase.TestBase - navigated to login page
2022-08-25 03:34:33.441 [TestNG-test=Smoke-1] INFO  testBase.TestBase - entered an username
2022-08-25 03:34:33.596 [TestNG-test=Smoke-1] INFO  testBase.TestBase - entered a password
2022-08-25 03:34:38.541 [TestNG-test=Smoke-1] INFO  testBase.TestBase - submitted login
2022-08-25 03:34:38.803 [TestNG-test=Smoke-1] INFO  testBase.TestBase - can not log in using invalid data
2022-08-25 03:34:43.540 [TestNG-test=Smoke-1] INFO  testBase.TestBase - navigated to login page
2022-08-25 03:34:43.682 [TestNG-test=Smoke-1] INFO  testBase.TestBase - entered an username
2022-08-25 03:34:43.868 [TestNG-test=Smoke-1] INFO  testBase.TestBase - entered a password
2022-08-25 03:34:45.848 [TestNG-test=Smoke-1] INFO  testBase.TestBase - submitted login
2022-08-25 03:34:46.091 [TestNG-test=Smoke-1] INFO  testBase.TestBase - can not log in using invalid data
2022-08-25 03:34:50.312 [TestNG-test=Smoke-1] INFO  testBase.TestBase - navigated to login page
2022-08-25 03:34:50.445 [TestNG-test=Smoke-1] INFO  testBase.TestBase - entered an username
2022-08-25 03:34:50.591 [TestNG-test=Smoke-1] INFO  testBase.TestBase - entered a password
2022-08-25 03:34:52.404 [TestNG-test=Smoke-1] INFO  testBase.TestBase - submitted login
2022-08-25 03:34:52.650 [TestNG-test=Smoke-1] INFO  testBase.TestBase - can not log in using invalid data
2022-08-25 03:34:58.929 [TestNG-test=Smoke-1] INFO  testBase.TestBase - navigated to login page
2022-08-25 03:34:59.107 [TestNG-test=Smoke-1] INFO  testBase.TestBase - entered an username
2022-08-25 03:34:59.270 [TestNG-test=Smoke-1] INFO  testBase.TestBase - entered a password
2022-08-25 03:35:01.782 [TestNG-test=Smoke-1] INFO  testBase.TestBase - submitted login
2022-08-25 03:35:02.037 [TestNG-test=Smoke-1] INFO  testBase.TestBase - can not log in using invalid data
2022-08-25 03:35:07.503 [TestNG-test=Smoke-1] INFO  testBase.TestBase - navigated to login page
2022-08-25 03:35:07.620 [TestNG-test=Smoke-1] INFO  testBase.TestBase - entered an username
2022-08-25 03:35:07.907 [TestNG-test=Smoke-1] INFO  testBase.TestBase - entered a password
2022-08-25 03:35:09.470 [TestNG-test=Smoke-1] INFO  testBase.TestBase - submitted login
2022-08-25 03:35:09.733 [TestNG-test=Smoke-1] INFO  testBase.TestBase - can not log in using invalid data
2022-08-25 03:35:13.008 [TestNG-test=Smoke-1] INFO  testBase.TestBase - navigated to login page
2022-08-25 03:35:13.113 [TestNG-test=Smoke-1] INFO  testBase.TestBase - entered an username
2022-08-25 03:35:13.232 [TestNG-test=Smoke-1] INFO  testBase.TestBase - entered a password
2022-08-25 03:35:15.987 [TestNG-test=Smoke-1] INFO  testBase.TestBase - submitted login
2022-08-25 03:35:16.233 [TestNG-test=Smoke-1] INFO  testBase.TestBase - can not log in using invalid data
2022-08-25 03:35:19.407 [TestNG-test=Smoke-3] INFO  testBase.TestBase - navigated to login page
2022-08-25 03:35:23.906 [TestNG-test=Smoke-3] INFO  testBase.TestBase - Login submitted
2022-08-25 03:35:25.187 [TestNG-test=Smoke-3] INFO  testBase.TestBase - user logged in successfully
