2022-08-21 15:10:28.767 [main] INFO  testBase.TestBase - entered an new random email
2022-08-21 15:10:30.742 [main] INFO  testBase.TestBase - Navigated to signup page
2022-08-21 15:10:31.648 [main] INFO  testBase.TestBase - entered invalid personal data
2022-08-21 15:10:36.831 [main] INFO  testBase.TestBase - entered an new random email
2022-08-21 15:10:39.062 [main] INFO  testBase.TestBase - Navigated to signup page
2022-08-21 15:10:40.225 [main] INFO  testBase.TestBase - entered invalid personal data
2022-08-21 15:10:48.071 [main] INFO  testBase.TestBase - entered an new random email
2022-08-21 15:10:52.419 [main] INFO  testBase.TestBase - Navigated to signup page
2022-08-21 15:10:53.637 [main] INFO  testBase.TestBase - entered invalid personal data
2022-08-21 15:11:05.781 [main] INFO  testBase.TestBase - entered an new random email
2022-08-21 15:11:11.162 [main] INFO  testBase.TestBase - Navigated to signup page
2022-08-21 15:11:12.295 [main] INFO  testBase.TestBase - entered invalid personal data
2022-08-21 15:11:24.725 [main] INFO  testBase.TestBase - navigated to LoginPage
2022-08-21 15:11:24.813 [main] INFO  testBase.TestBase - entered a new email to create an account 
2022-08-21 15:11:28.583 [main] INFO  testBase.TestBase - navigated to signupPage
2022-08-21 15:11:29.729 [main] INFO  testBase.TestBase - entered personal data 
2022-08-21 15:11:30.370 [main] INFO  testBase.TestBase - entered address and contact data
2022-08-21 15:11:45.433 [main] INFO  testBase.TestBase - Account created successfully
2022-08-21 15:12:02.254 [main] INFO  testBase.TestBase - navigated to login page
2022-08-21 15:12:02.346 [main] INFO  testBase.TestBase - entered an username
2022-08-21 15:12:02.437 [main] INFO  testBase.TestBase - entered a password
2022-08-21 15:12:06.398 [main] INFO  testBase.TestBase - submitted login
2022-08-21 15:12:08.790 [main] INFO  testBase.TestBase - logged in successfully with valid data
2022-08-21 15:12:18.582 [main] INFO  testBase.TestBase - navigated to login page
2022-08-21 15:12:18.697 [main] INFO  testBase.TestBase - entered an username
2022-08-21 15:12:18.779 [main] INFO  testBase.TestBase - entered a password
2022-08-21 15:12:21.053 [main] INFO  testBase.TestBase - submitted login
2022-08-21 15:12:21.177 [main] INFO  testBase.TestBase - can not log in using invalid data
2022-08-21 15:12:25.585 [main] INFO  testBase.TestBase - navigated to login page
2022-08-21 15:12:25.655 [main] INFO  testBase.TestBase - entered an username
2022-08-21 15:12:25.760 [main] INFO  testBase.TestBase - entered a password
2022-08-21 15:12:30.583 [main] INFO  testBase.TestBase - submitted login
2022-08-21 15:12:30.688 [main] INFO  testBase.TestBase - can not log in using invalid data
2022-08-21 15:12:34.488 [main] INFO  testBase.TestBase - navigated to login page
2022-08-21 15:12:34.564 [main] INFO  testBase.TestBase - entered an username
2022-08-21 15:12:34.628 [main] INFO  testBase.TestBase - entered a password
2022-08-21 15:12:36.437 [main] INFO  testBase.TestBase - submitted login
2022-08-21 15:12:36.537 [main] INFO  testBase.TestBase - can not log in using invalid data
2022-08-21 15:12:43.019 [main] INFO  testBase.TestBase - navigated to login page
2022-08-21 15:12:43.101 [main] INFO  testBase.TestBase - entered an username
2022-08-21 15:12:43.160 [main] INFO  testBase.TestBase - entered a password
2022-08-21 15:12:49.084 [main] INFO  testBase.TestBase - submitted login
2022-08-21 15:12:49.185 [main] INFO  testBase.TestBase - can not log in using invalid data
2022-08-21 15:12:52.498 [main] INFO  testBase.TestBase - navigated to login page
2022-08-21 15:12:52.567 [main] INFO  testBase.TestBase - entered an username
2022-08-21 15:12:52.646 [main] INFO  testBase.TestBase - entered a password
2022-08-21 15:12:53.671 [main] INFO  testBase.TestBase - submitted login
2022-08-21 15:12:53.768 [main] INFO  testBase.TestBase - can not log in using invalid data
2022-08-21 15:12:56.655 [main] INFO  testBase.TestBase - navigated to login page
2022-08-21 15:12:56.720 [main] INFO  testBase.TestBase - entered an username
2022-08-21 15:12:56.783 [main] INFO  testBase.TestBase - entered a password
2022-08-21 15:12:58.605 [main] INFO  testBase.TestBase - submitted login
2022-08-21 15:12:58.723 [main] INFO  testBase.TestBase - can not log in using invalid data
2022-08-21 15:13:01.846 [main] INFO  testBase.TestBase - navigated to LoginPage
2022-08-21 15:13:01.946 [main] INFO  testBase.TestBase - Entered a registered email
2022-08-21 15:13:02.011 [main] INFO  testBase.TestBase - submitted account creation
2022-08-21 15:13:04.186 [main] INFO  testBase.TestBase - Error message displayed
2022-08-21 15:13:04.318 [main] INFO  testBase.TestBase - entered an new random email
2022-08-21 15:13:04.352 [main] INFO  testBase.TestBase - submitted account creation
2022-08-21 15:13:06.245 [main] INFO  testBase.TestBase - change the default email value to a registered email after navigating to signup page
2022-08-21 15:13:07.640 [main] INFO  testBase.TestBase - submitted account creation
2022-08-21 15:13:07.671 [main] INFO  testBase.TestBase - Error message displayed
2022-08-21 15:13:12.168 [main] INFO  testBase.TestBase - navigated to login page
2022-08-21 15:13:12.249 [main] INFO  testBase.TestBase - entered an email
2022-08-21 15:13:12.317 [main] INFO  testBase.TestBase - entered an Password
2022-08-21 15:13:19.615 [main] INFO  testBase.TestBase - Clicked on submit
2022-08-21 15:13:22.258 [main] INFO  testBase.TestBase - user logged in successfully
2022-08-21 18:10:08.670 [main] INFO  testBase.TestBase - entered an new random email
2022-08-21 18:10:12.264 [main] INFO  testBase.TestBase - Navigated to signup page
2022-08-21 18:10:13.579 [main] INFO  testBase.TestBase - entered invalid personal data
2022-08-21 18:10:23.190 [main] INFO  testBase.TestBase - entered an new random email
2022-08-21 18:10:25.232 [main] INFO  testBase.TestBase - Navigated to signup page
2022-08-21 18:10:26.939 [main] INFO  testBase.TestBase - entered invalid personal data
2022-08-21 18:10:31.454 [main] INFO  testBase.TestBase - entered an new random email
2022-08-21 18:10:34.059 [main] INFO  testBase.TestBase - Navigated to signup page
2022-08-21 18:10:35.803 [main] INFO  testBase.TestBase - entered invalid personal data
2022-08-21 18:10:44.339 [main] INFO  testBase.TestBase - entered an new random email
2022-08-21 18:10:46.815 [main] INFO  testBase.TestBase - Navigated to signup page
2022-08-21 18:10:48.336 [main] INFO  testBase.TestBase - entered invalid personal data
2022-08-21 18:11:01.411 [main] INFO  testBase.TestBase - navigated to LoginPage
2022-08-21 18:11:01.596 [main] INFO  testBase.TestBase - entered a new email to create an account 
2022-08-21 18:11:08.671 [main] INFO  testBase.TestBase - navigated to signupPage
2022-08-21 18:11:10.263 [main] INFO  testBase.TestBase - entered personal data 
2022-08-21 18:11:11.472 [main] INFO  testBase.TestBase - entered address and contact data
2022-08-21 18:11:20.698 [main] INFO  testBase.TestBase - Account created successfully
2022-08-21 18:11:30.659 [main] INFO  testBase.TestBase - navigated to login page
2022-08-21 18:11:30.805 [main] INFO  testBase.TestBase - entered an username
2022-08-21 18:11:30.943 [main] INFO  testBase.TestBase - entered a password
2022-08-21 18:11:37.180 [main] INFO  testBase.TestBase - submitted login
2022-08-21 18:11:39.837 [main] INFO  testBase.TestBase - logged in successfully with valid data
2022-08-21 18:11:48.795 [main] INFO  testBase.TestBase - navigated to login page
2022-08-21 18:11:49.005 [main] INFO  testBase.TestBase - entered an username
2022-08-21 18:11:49.164 [main] INFO  testBase.TestBase - entered a password
2022-08-21 18:11:53.267 [main] INFO  testBase.TestBase - submitted login
2022-08-21 18:11:53.586 [main] INFO  testBase.TestBase - can not log in using invalid data
2022-08-21 18:11:58.999 [main] INFO  testBase.TestBase - navigated to login page
2022-08-21 18:11:59.156 [main] INFO  testBase.TestBase - entered an username
2022-08-21 18:11:59.358 [main] INFO  testBase.TestBase - entered a password
2022-08-21 18:12:02.776 [main] INFO  testBase.TestBase - submitted login
2022-08-21 18:12:03.055 [main] INFO  testBase.TestBase - can not log in using invalid data
2022-08-21 18:12:06.173 [main] INFO  testBase.TestBase - navigated to login page
2022-08-21 18:12:06.336 [main] INFO  testBase.TestBase - entered an username
2022-08-21 18:12:06.511 [main] INFO  testBase.TestBase - entered a password
2022-08-21 18:12:07.896 [main] INFO  testBase.TestBase - submitted login
2022-08-21 18:12:08.194 [main] INFO  testBase.TestBase - can not log in using invalid data
2022-08-21 18:12:10.315 [main] INFO  testBase.TestBase - navigated to login page
2022-08-21 18:12:10.509 [main] INFO  testBase.TestBase - entered an username
2022-08-21 18:12:10.660 [main] INFO  testBase.TestBase - entered a password
2022-08-21 18:12:12.510 [main] INFO  testBase.TestBase - submitted login
2022-08-21 18:12:12.795 [main] INFO  testBase.TestBase - can not log in using invalid data
2022-08-21 18:12:14.935 [main] INFO  testBase.TestBase - navigated to login page
2022-08-21 18:12:15.062 [main] INFO  testBase.TestBase - entered an username
2022-08-21 18:12:15.200 [main] INFO  testBase.TestBase - entered a password
2022-08-21 18:12:16.761 [main] INFO  testBase.TestBase - submitted login
2022-08-21 18:12:17.010 [main] INFO  testBase.TestBase - can not log in using invalid data
2022-08-21 18:12:19.358 [main] INFO  testBase.TestBase - navigated to login page
2022-08-21 18:12:19.465 [main] INFO  testBase.TestBase - entered an username
2022-08-21 18:12:19.564 [main] INFO  testBase.TestBase - entered a password
2022-08-21 18:12:23.334 [main] INFO  testBase.TestBase - submitted login
2022-08-21 18:12:23.628 [main] INFO  testBase.TestBase - can not log in using invalid data
2022-08-21 18:12:39.244 [main] INFO  testBase.TestBase - navigated to LoginPage
2022-08-21 18:12:39.457 [main] INFO  testBase.TestBase - Entered a registered email
2022-08-21 18:12:39.579 [main] INFO  testBase.TestBase - submitted account creation
2022-08-21 18:12:56.312 [main] INFO  testBase.TestBase - navigated to login page
2022-08-21 18:13:11.436 [main] INFO  testBase.TestBase - Login submitted
2022-08-21 18:13:19.163 [main] INFO  testBase.TestBase - user logged in successfully
2022-08-21 18:14:41.664 [main] INFO  testBase.TestBase - navigated to LoginPage
2022-08-21 18:14:41.960 [main] INFO  testBase.TestBase - entered a new email to create an account 
2022-08-21 18:14:47.485 [main] INFO  testBase.TestBase - navigated to signupPage
2022-08-21 18:14:49.179 [main] INFO  testBase.TestBase - entered personal data 
2022-08-21 18:14:50.515 [main] INFO  testBase.TestBase - entered address and contact data
2022-08-21 18:14:56.959 [main] INFO  testBase.TestBase - Account created successfully
2022-08-21 18:15:06.414 [main] INFO  testBase.TestBase - navigated to LoginPage
2022-08-21 18:15:06.669 [main] INFO  testBase.TestBase - Entered a registered email
2022-08-21 18:15:06.814 [main] INFO  testBase.TestBase - submitted account creation
2022-08-21 18:15:09.632 [main] INFO  testBase.TestBase - Error message displayed
2022-08-21 18:15:09.796 [main] INFO  testBase.TestBase - entered an new random email
2022-08-21 18:15:09.898 [main] INFO  testBase.TestBase - submitted account creation
2022-08-21 18:15:14.215 [main] INFO  testBase.TestBase - change the default email value to a registered email after navigating to signup page
2022-08-21 18:15:18.159 [main] INFO  testBase.TestBase - submitted account creation
2022-08-21 18:15:18.201 [main] INFO  testBase.TestBase - Error message displayed
