2022-08-18 01:10:43.321 [TestNG-test=Regression-2] INFO  testBase.TestBase - URL opened
2022-08-18 01:10:43.812 [TestNG-test=Regression-1] INFO  testBase.TestBase - URL opened
2022-08-18 01:10:52.982 [TestNG-test=Regression-1] INFO  testBase.TestBase - URL opened
2022-08-18 01:11:06.653 [TestNG-test=Regression-1] INFO  testBase.TestBase - navigated to LoginPage
2022-08-18 01:11:06.872 [TestNG-test=Regression-1] INFO  testBase.TestBase - entered a new email to create an account 
2022-08-18 01:11:11.605 [TestNG-test=Regression-1] INFO  testBase.TestBase - navigated to signupPage
2022-08-18 01:11:13.689 [TestNG-test=Regression-1] INFO  testBase.TestBase - entered personal data 
2022-08-18 01:11:15.376 [TestNG-test=Regression-1] INFO  testBase.TestBase - entered address and contact data
2022-08-18 01:11:34.496 [TestNG-test=Regression-1] INFO  testBase.TestBase - Account created successfully
2022-08-18 01:11:45.753 [TestNG-test=Regression-1] INFO  testBase.TestBase - navigated to login page
2022-08-18 01:11:45.948 [TestNG-test=Regression-1] INFO  testBase.TestBase - entered an username
2022-08-18 01:11:46.135 [TestNG-test=Regression-1] INFO  testBase.TestBase - entered a password
2022-08-18 01:11:54.297 [TestNG-test=Regression-1] INFO  testBase.TestBase - submitted login
2022-08-18 01:11:54.430 [TestNG-test=Regression-1] INFO  testBase.TestBase - logged in successfully with valid data
2022-08-18 01:12:03.974 [TestNG-test=Regression-1] INFO  testBase.TestBase - navigated to login page
2022-08-18 01:12:04.137 [TestNG-test=Regression-1] INFO  testBase.TestBase - entered an username
2022-08-18 01:12:04.318 [TestNG-test=Regression-1] INFO  testBase.TestBase - entered a password
2022-08-18 01:12:06.455 [TestNG-test=Regression-1] INFO  testBase.TestBase - submitted login
2022-08-18 01:12:06.637 [TestNG-test=Regression-1] INFO  testBase.TestBase - can not log in using invalid data
2022-08-18 01:12:09.438 [TestNG-test=Regression-1] INFO  testBase.TestBase - navigated to login page
2022-08-18 01:12:09.626 [TestNG-test=Regression-1] INFO  testBase.TestBase - entered an username
2022-08-18 01:12:09.890 [TestNG-test=Regression-1] INFO  testBase.TestBase - entered a password
2022-08-18 01:12:11.578 [TestNG-test=Regression-1] INFO  testBase.TestBase - submitted login
2022-08-18 01:12:11.726 [TestNG-test=Regression-1] INFO  testBase.TestBase - can not log in using invalid data
2022-08-18 01:12:17.619 [TestNG-test=Regression-1] INFO  testBase.TestBase - navigated to login page
2022-08-18 01:12:18.205 [TestNG-test=Regression-1] INFO  testBase.TestBase - entered an username
2022-08-18 01:12:18.417 [TestNG-test=Regression-1] INFO  testBase.TestBase - entered a password
2022-08-18 01:12:20.063 [TestNG-test=Regression-1] INFO  testBase.TestBase - submitted login
2022-08-18 01:12:20.223 [TestNG-test=Regression-1] INFO  testBase.TestBase - can not log in using invalid data
2022-08-18 01:12:26.586 [TestNG-test=Regression-1] INFO  testBase.TestBase - navigated to login page
2022-08-18 01:12:26.787 [TestNG-test=Regression-1] INFO  testBase.TestBase - entered an username
2022-08-18 01:12:26.919 [TestNG-test=Regression-1] INFO  testBase.TestBase - entered a password
2022-08-18 01:12:28.838 [TestNG-test=Regression-1] INFO  testBase.TestBase - submitted login
2022-08-18 01:12:28.953 [TestNG-test=Regression-1] INFO  testBase.TestBase - can not log in using invalid data
2022-08-18 01:12:32.654 [TestNG-test=Regression-1] INFO  testBase.TestBase - navigated to login page
2022-08-18 01:12:32.784 [TestNG-test=Regression-1] INFO  testBase.TestBase - entered an username
2022-08-18 01:12:32.945 [TestNG-test=Regression-1] INFO  testBase.TestBase - entered a password
2022-08-18 01:12:35.656 [TestNG-test=Regression-1] INFO  testBase.TestBase - submitted login
2022-08-18 01:12:35.794 [TestNG-test=Regression-1] INFO  testBase.TestBase - can not log in using invalid data
2022-08-18 01:12:38.717 [TestNG-test=Regression-1] INFO  testBase.TestBase - navigated to login page
2022-08-18 01:12:38.841 [TestNG-test=Regression-1] INFO  testBase.TestBase - entered an username
2022-08-18 01:12:38.964 [TestNG-test=Regression-1] INFO  testBase.TestBase - entered a password
2022-08-18 01:12:41.027 [TestNG-test=Regression-1] INFO  testBase.TestBase - submitted login
2022-08-18 01:12:41.171 [TestNG-test=Regression-1] INFO  testBase.TestBase - can not log in using invalid data
2022-08-18 01:12:46.425 [TestNG-test=Regression-1] INFO  testBase.TestBase - entered an new random email
2022-08-18 01:12:49.758 [TestNG-test=Regression-1] INFO  testBase.TestBase - Navigated to signup page
2022-08-18 01:12:51.232 [TestNG-test=Regression-1] INFO  testBase.TestBase - entered invalid personal data
2022-08-18 01:13:02.278 [TestNG-test=Regression-1] INFO  testBase.TestBase - entered an new random email
2022-08-18 01:13:05.514 [TestNG-test=Regression-1] INFO  testBase.TestBase - Navigated to signup page
2022-08-18 01:13:07.513 [TestNG-test=Regression-1] INFO  testBase.TestBase - entered invalid personal data
2022-08-18 01:13:17.569 [TestNG-test=Regression-1] INFO  testBase.TestBase - entered an new random email
2022-08-18 01:13:21.793 [TestNG-test=Regression-1] INFO  testBase.TestBase - Navigated to signup page
2022-08-18 01:13:23.865 [TestNG-test=Regression-1] INFO  testBase.TestBase - entered invalid personal data
2022-08-18 01:13:30.320 [TestNG-test=Regression-1] INFO  testBase.TestBase - entered an new random email
2022-08-18 01:13:33.370 [TestNG-test=Regression-1] INFO  testBase.TestBase - Navigated to signup page
2022-08-18 01:13:35.130 [TestNG-test=Regression-1] INFO  testBase.TestBase - entered invalid personal data
2022-08-18 01:13:45.983 [TestNG-test=Regression-3] INFO  testBase.TestBase - navigated to LoginPage
2022-08-18 01:13:46.161 [TestNG-test=Regression-3] INFO  testBase.TestBase - Entered a registered email
2022-08-18 01:13:46.317 [TestNG-test=Regression-3] INFO  testBase.TestBase - submitted account creation
2022-08-18 01:13:50.124 [TestNG-test=Regression-3] INFO  testBase.TestBase - Error message displayed
2022-08-18 01:13:50.349 [TestNG-test=Regression-3] INFO  testBase.TestBase - entered an new random email
2022-08-18 01:13:50.462 [TestNG-test=Regression-3] INFO  testBase.TestBase - submitted account creation
2022-08-18 01:13:52.851 [TestNG-test=Regression-3] INFO  testBase.TestBase - change the default email value to a registered email after navigating to signup page
2022-08-18 01:13:57.539 [TestNG-test=Regression-3] INFO  testBase.TestBase - submitted account creation
2022-08-18 01:13:57.610 [TestNG-test=Regression-3] INFO  testBase.TestBase - Error message displayed
2022-08-18 01:14:02.787 [TestNG-test=Regression-3] INFO  testBase.TestBase - navigated to login page
2022-08-18 01:14:02.982 [TestNG-test=Regression-3] INFO  testBase.TestBase - entered an email
2022-08-18 01:14:03.130 [TestNG-test=Regression-3] INFO  testBase.TestBase - entered an Password
2022-08-18 01:14:06.011 [TestNG-test=Regression-3] INFO  testBase.TestBase - Clicked on submit
2022-08-18 01:14:06.142 [TestNG-test=Regression-3] INFO  testBase.TestBase - user logged in successfully
2022-08-18 01:14:59.657 [main] INFO  testBase.TestBase - URL opened
2022-08-18 01:16:28.601 [main] INFO  testBase.TestBase - URL opened
2022-08-18 01:16:34.886 [main] INFO  testBase.TestBase - entered an new random email
2022-08-18 01:16:39.122 [main] INFO  testBase.TestBase - Navigated to signup page
2022-08-18 01:16:41.452 [main] INFO  testBase.TestBase - entered invalid personal data
2022-08-18 01:16:47.317 [main] INFO  testBase.TestBase - entered an new random email
2022-08-18 01:16:49.425 [main] INFO  testBase.TestBase - Navigated to signup page
2022-08-18 01:16:51.234 [main] INFO  testBase.TestBase - entered invalid personal data
2022-08-18 01:16:56.925 [main] INFO  testBase.TestBase - entered an new random email
2022-08-18 01:17:00.599 [main] INFO  testBase.TestBase - Navigated to signup page
2022-08-18 01:17:02.560 [main] INFO  testBase.TestBase - entered invalid personal data
2022-08-18 01:18:04.017 [main] INFO  testBase.TestBase - URL opened
2022-08-18 01:18:55.533 [main] INFO  testBase.TestBase - URL opened
2022-08-18 01:18:57.835 [main] INFO  testBase.TestBase - entered an new random email
2022-08-18 01:18:59.575 [main] INFO  testBase.TestBase - Navigated to signup page
2022-08-18 01:19:01.444 [main] INFO  testBase.TestBase - entered invalid personal data
2022-08-18 01:19:08.129 [main] INFO  testBase.TestBase - entered an new random email
2022-08-18 01:19:10.930 [main] INFO  testBase.TestBase - Navigated to signup page
2022-08-18 01:19:14.662 [main] INFO  testBase.TestBase - entered invalid personal data
2022-08-18 01:19:20.197 [main] INFO  testBase.TestBase - entered an new random email
2022-08-18 01:19:22.351 [main] INFO  testBase.TestBase - Navigated to signup page
2022-08-18 01:19:23.937 [main] INFO  testBase.TestBase - entered invalid personal data
2022-08-18 01:21:29.642 [main] INFO  testBase.TestBase - URL opened
2022-08-18 01:21:32.127 [main] INFO  testBase.TestBase - Navigated to LoginPage
2022-08-18 01:21:35.808 [main] INFO  testBase.TestBase - logged in using: test8888@gmail.com
2022-08-18 01:21:38.882 [main] INFO  testBase.TestBase - navigated to summer dresses page
2022-08-18 01:21:39.165 [main] INFO  testBase.TestBase - Products sorted by Price Asc.
2022-08-18 01:21:49.489 [main] INFO  testBase.TestBase - Products sorted by Price desc.
2022-08-18 01:26:35.411 [main] INFO  testBase.TestBase - URL opened
2022-08-18 01:26:37.661 [main] INFO  testBase.TestBase - Navigated to LoginPage
2022-08-18 01:26:43.514 [main] INFO  testBase.TestBase - logged in using: test8888@gmail.com
2022-08-18 01:26:53.584 [main] INFO  testBase.TestBase - navigated to summer dresses page
2022-08-18 01:26:53.794 [main] INFO  testBase.TestBase - Products sorted by Price Asc.
2022-08-18 01:27:04.098 [main] INFO  testBase.TestBase - Products sorted by Price desc.
2022-08-18 01:27:44.606 [main] INFO  testBase.TestBase - URL opened
2022-08-18 01:27:51.283 [main] INFO  testBase.TestBase - Navigated to LoginPage
2022-08-18 01:27:53.317 [main] INFO  testBase.TestBase - logged in using: test8888@gmail.com
2022-08-18 01:27:55.885 [main] INFO  testBase.TestBase - navigated to summer dresses page
2022-08-18 01:27:56.186 [main] INFO  testBase.TestBase - Products sorted by Price Asc.
2022-08-18 01:28:55.939 [main] INFO  testBase.TestBase - URL opened
2022-08-18 01:29:09.359 [main] INFO  testBase.TestBase - Navigated to LoginPage
2022-08-18 01:29:12.718 [main] INFO  testBase.TestBase - logged in using: test8888@gmail.com
2022-08-18 01:29:17.209 [main] INFO  testBase.TestBase - navigated to summer dresses page
2022-08-18 01:29:17.502 [main] INFO  testBase.TestBase - Products sorted by Price Asc.
2022-08-18 01:29:27.820 [main] INFO  testBase.TestBase - Products sorted by Price desc.
2022-08-18 01:50:18.198 [main] INFO  testBase.TestBase - URL opened
2022-08-18 01:50:21.077 [main] INFO  testBase.TestBase - URL opened
2022-08-18 01:50:24.286 [main] INFO  testBase.TestBase - navigated to LoginPage
2022-08-18 01:50:24.407 [main] INFO  testBase.TestBase - entered a new email to create an account 
2022-08-18 01:50:26.659 [main] INFO  testBase.TestBase - navigated to signupPage
2022-08-18 01:50:27.867 [main] INFO  testBase.TestBase - entered personal data 
2022-08-18 01:50:28.602 [main] INFO  testBase.TestBase - entered address and contact data
2022-08-18 01:50:32.638 [main] INFO  testBase.TestBase - Account created successfully
2022-08-18 02:09:23.727 [TestNG-test=Regression-2] INFO  testBase.TestBase - URL opened
2022-08-18 02:09:23.886 [TestNG-test=Regression-1] INFO  testBase.TestBase - URL opened
2022-08-18 02:09:23.895 [TestNG-test=Regression-1] INFO  testBase.TestBase - URL opened
2022-08-18 02:09:28.316 [TestNG-test=Regression-1] INFO  testBase.TestBase - navigated to LoginPage
2022-08-18 02:09:28.446 [TestNG-test=Regression-1] INFO  testBase.TestBase - entered a new email to create an account 
2022-08-18 02:09:32.585 [TestNG-test=Regression-1] INFO  testBase.TestBase - navigated to signupPage
2022-08-18 02:09:34.080 [TestNG-test=Regression-1] INFO  testBase.TestBase - entered personal data 
2022-08-18 02:09:34.976 [TestNG-test=Regression-1] INFO  testBase.TestBase - entered address and contact data
2022-08-18 02:09:38.934 [TestNG-test=Regression-1] INFO  testBase.TestBase - Account created successfully
2022-08-18 02:09:48.233 [TestNG-test=Regression-1] INFO  testBase.TestBase - navigated to login page
2022-08-18 02:09:48.312 [TestNG-test=Regression-1] INFO  testBase.TestBase - entered an username
2022-08-18 02:09:48.381 [TestNG-test=Regression-1] INFO  testBase.TestBase - entered a password
2022-08-18 02:09:53.259 [TestNG-test=Regression-1] INFO  testBase.TestBase - submitted login
2022-08-18 02:09:53.354 [TestNG-test=Regression-1] INFO  testBase.TestBase - logged in successfully with valid data
2022-08-18 02:10:04.517 [TestNG-test=Regression-1] INFO  testBase.TestBase - navigated to login page
2022-08-18 02:10:04.611 [TestNG-test=Regression-1] INFO  testBase.TestBase - entered an username
2022-08-18 02:10:04.695 [TestNG-test=Regression-1] INFO  testBase.TestBase - entered a password
2022-08-18 02:10:07.316 [TestNG-test=Regression-1] INFO  testBase.TestBase - submitted login
2022-08-18 02:10:07.382 [TestNG-test=Regression-1] INFO  testBase.TestBase - can not log in using invalid data
2022-08-18 02:10:11.379 [TestNG-test=Regression-1] INFO  testBase.TestBase - navigated to login page
2022-08-18 02:10:11.466 [TestNG-test=Regression-1] INFO  testBase.TestBase - entered an username
2022-08-18 02:10:11.588 [TestNG-test=Regression-1] INFO  testBase.TestBase - entered a password
2022-08-18 02:10:14.017 [TestNG-test=Regression-1] INFO  testBase.TestBase - submitted login
2022-08-18 02:10:14.100 [TestNG-test=Regression-1] INFO  testBase.TestBase - can not log in using invalid data
2022-08-18 02:10:17.370 [TestNG-test=Regression-1] INFO  testBase.TestBase - navigated to login page
2022-08-18 02:10:17.457 [TestNG-test=Regression-1] INFO  testBase.TestBase - entered an username
2022-08-18 02:10:17.532 [TestNG-test=Regression-1] INFO  testBase.TestBase - entered a password
2022-08-18 02:10:19.381 [TestNG-test=Regression-1] INFO  testBase.TestBase - submitted login
2022-08-18 02:10:19.453 [TestNG-test=Regression-1] INFO  testBase.TestBase - can not log in using invalid data
2022-08-18 02:10:21.224 [TestNG-test=Regression-1] INFO  testBase.TestBase - navigated to login page
2022-08-18 02:10:21.314 [TestNG-test=Regression-1] INFO  testBase.TestBase - entered an username
2022-08-18 02:10:21.369 [TestNG-test=Regression-1] INFO  testBase.TestBase - entered a password
2022-08-18 02:10:22.977 [TestNG-test=Regression-1] INFO  testBase.TestBase - submitted login
2022-08-18 02:10:23.062 [TestNG-test=Regression-1] INFO  testBase.TestBase - can not log in using invalid data
2022-08-18 02:10:25.382 [TestNG-test=Regression-1] INFO  testBase.TestBase - navigated to login page
2022-08-18 02:10:25.464 [TestNG-test=Regression-1] INFO  testBase.TestBase - entered an username
2022-08-18 02:10:25.537 [TestNG-test=Regression-1] INFO  testBase.TestBase - entered a password
2022-08-18 02:10:27.591 [TestNG-test=Regression-1] INFO  testBase.TestBase - submitted login
2022-08-18 02:10:27.661 [TestNG-test=Regression-1] INFO  testBase.TestBase - can not log in using invalid data
2022-08-18 02:10:31.983 [TestNG-test=Regression-1] INFO  testBase.TestBase - navigated to login page
2022-08-18 02:10:32.033 [TestNG-test=Regression-1] INFO  testBase.TestBase - entered an username
2022-08-18 02:10:32.083 [TestNG-test=Regression-1] INFO  testBase.TestBase - entered a password
2022-08-18 02:10:36.412 [TestNG-test=Regression-1] INFO  testBase.TestBase - submitted login
2022-08-18 02:10:36.479 [TestNG-test=Regression-1] INFO  testBase.TestBase - can not log in using invalid data
2022-08-18 02:10:40.812 [TestNG-test=Regression-1] INFO  testBase.TestBase - entered an new random email
2022-08-18 02:10:42.995 [TestNG-test=Regression-1] INFO  testBase.TestBase - Navigated to signup page
2022-08-18 02:10:43.994 [TestNG-test=Regression-1] INFO  testBase.TestBase - entered invalid personal data
2022-08-18 02:10:51.427 [TestNG-test=Regression-1] INFO  testBase.TestBase - entered an new random email
2022-08-18 02:10:52.960 [TestNG-test=Regression-1] INFO  testBase.TestBase - Navigated to signup page
2022-08-18 02:10:54.340 [TestNG-test=Regression-1] INFO  testBase.TestBase - entered invalid personal data
2022-08-18 02:11:00.825 [TestNG-test=Regression-1] INFO  testBase.TestBase - entered an new random email
2022-08-18 02:11:03.868 [TestNG-test=Regression-1] INFO  testBase.TestBase - Navigated to signup page
2022-08-18 02:11:05.032 [TestNG-test=Regression-1] INFO  testBase.TestBase - entered invalid personal data
2022-08-18 02:11:08.865 [TestNG-test=Regression-1] INFO  testBase.TestBase - entered an new random email
2022-08-18 02:11:10.352 [TestNG-test=Regression-1] INFO  testBase.TestBase - Navigated to signup page
2022-08-18 02:11:11.344 [TestNG-test=Regression-1] INFO  testBase.TestBase - entered invalid personal data
2022-08-18 02:11:23.701 [TestNG-test=Regression-3] INFO  testBase.TestBase - navigated to LoginPage
2022-08-18 02:11:23.788 [TestNG-test=Regression-3] INFO  testBase.TestBase - Entered a registered email
2022-08-18 02:11:23.844 [TestNG-test=Regression-3] INFO  testBase.TestBase - submitted account creation
2022-08-18 02:11:26.024 [TestNG-test=Regression-3] INFO  testBase.TestBase - Error message displayed
2022-08-18 02:11:26.179 [TestNG-test=Regression-3] INFO  testBase.TestBase - entered an new random email
2022-08-18 02:11:26.220 [TestNG-test=Regression-3] INFO  testBase.TestBase - submitted account creation
2022-08-18 02:11:31.113 [TestNG-test=Regression-3] INFO  testBase.TestBase - change the default email value to a registered email after navigating to signup page
2022-08-18 02:11:34.973 [TestNG-test=Regression-3] INFO  testBase.TestBase - submitted account creation
2022-08-18 02:11:35.021 [TestNG-test=Regression-3] INFO  testBase.TestBase - Error message displayed
2022-08-18 02:11:38.912 [TestNG-test=Regression-3] INFO  testBase.TestBase - navigated to login page
2022-08-18 02:11:39.008 [TestNG-test=Regression-3] INFO  testBase.TestBase - entered an email
2022-08-18 02:11:39.087 [TestNG-test=Regression-3] INFO  testBase.TestBase - entered an Password
2022-08-18 02:11:43.538 [TestNG-test=Regression-3] INFO  testBase.TestBase - Clicked on submit
2022-08-18 02:11:43.606 [TestNG-test=Regression-3] INFO  testBase.TestBase - user logged in successfully
2022-08-18 02:16:44.377 [main] INFO  testBase.TestBase - URL opened
2022-08-18 02:25:49.651 [main] INFO  testBase.TestBase - URL opened
