[INFO ] 2022-08-28 01:22:49.831-FE.LoginFeature-loginValidation - =========== TC: loginValidation started: ===========
[INFO ] 2022-08-28 01:22:58.436-FE.LoginFeature-loginValidation -  clicked on Logout
[INFO ] 2022-08-28 01:23:03.567-FE.LoginFeature-loginValidation - set username as: test8888@gmail.com
[INFO ] 2022-08-28 01:23:03.850-FE.LoginFeature-loginValidation - set password as: A1hS#!25
[INFO ] 2022-08-28 01:23:07.239-FE.LoginFeature-loginValidation - submitted login
[INFO ] 2022-08-28 01:23:09.318-FE.LoginFeature-loginValidation -  navigated to myAccount page
[INFO ] 2022-08-28 01:23:09.481-FE.LoginFeature-loginValidation - =========== TC: loginValidation passed  ===========
[INFO ] 2022-08-28 01:23:09.489-FE.LoginFeature-loginValidation - =========== TC: loginValidation started: ===========
[INFO ] 2022-08-28 01:23:14.188-FE.LoginFeature-loginValidation -  clicked on Logout
[INFO ] 2022-08-28 01:23:19.183-FE.LoginFeature-loginValidation - set username as: Araafat.abdo@gmail.com
[INFO ] 2022-08-28 01:23:19.432-FE.LoginFeature-loginValidation - set password as: $!@)(#%@@
[INFO ] 2022-08-28 01:23:21.888-FE.LoginFeature-loginValidation - submitted login
[INFO ] 2022-08-28 01:23:22.028-FE.LoginFeature-loginValidation - Can not navigate to myAccount page: User is not logged in
[INFO ] 2022-08-28 01:23:22.236-FE.LoginFeature-loginValidation - =========== TC: loginValidation passed  ===========
[INFO ] 2022-08-28 01:23:22.236-FE.LoginFeature-loginValidation - =========== TC: loginValidation started: ===========
[INFO ] 2022-08-28 01:23:26.899-FE.LoginFeature-loginValidation - set username as: nasr@gmail.com
[INFO ] 2022-08-28 01:23:27.224-FE.LoginFeature-loginValidation - set password as: 99999999999999999999999999999999999999
[INFO ] 2022-08-28 01:23:31.738-FE.LoginFeature-loginValidation - submitted login
[INFO ] 2022-08-28 01:23:31.854-FE.LoginFeature-loginValidation - Can not navigate to myAccount page: User is not logged in
[INFO ] 2022-08-28 01:23:32.031-FE.LoginFeature-loginValidation - =========== TC: loginValidation passed  ===========
[INFO ] 2022-08-28 01:23:32.031-FE.LoginFeature-loginValidation - =========== TC: loginValidation started: ===========
[INFO ] 2022-08-28 01:23:39.760-FE.LoginFeature-loginValidation - set username as: moagmail.com
[INFO ] 2022-08-28 01:23:39.981-FE.LoginFeature-loginValidation - set password as: guyg54@d
[INFO ] 2022-08-28 01:23:44.836-FE.LoginFeature-loginValidation - submitted login
[INFO ] 2022-08-28 01:23:44.958-FE.LoginFeature-loginValidation - Can not navigate to myAccount page: User is not logged in
[INFO ] 2022-08-28 01:23:45.139-FE.LoginFeature-loginValidation - =========== TC: loginValidation passed  ===========
[INFO ] 2022-08-28 01:23:45.148-FE.LoginFeature-loginValidation - =========== TC: loginValidation started: ===========
[INFO ] 2022-08-28 01:23:51.312-FE.LoginFeature-loginValidation - set username as: test8888@gmail.com
[INFO ] 2022-08-28 01:23:51.504-FE.LoginFeature-loginValidation - set password as: 
[INFO ] 2022-08-28 01:23:52.841-FE.LoginFeature-loginValidation - submitted login
[INFO ] 2022-08-28 01:23:52.933-FE.LoginFeature-loginValidation - Can not navigate to myAccount page: User is not logged in
[INFO ] 2022-08-28 01:23:53.071-FE.LoginFeature-loginValidation - =========== TC: loginValidation passed  ===========
[INFO ] 2022-08-28 01:23:53.071-FE.LoginFeature-loginValidation - =========== TC: loginValidation started: ===========
[INFO ] 2022-08-28 01:23:57.077-FE.LoginFeature-loginValidation - set username as: 
[INFO ] 2022-08-28 01:23:57.272-FE.LoginFeature-loginValidation - set password as: A1hS#!25
[INFO ] 2022-08-28 01:24:01.755-FE.LoginFeature-loginValidation - submitted login
[INFO ] 2022-08-28 01:24:01.855-FE.LoginFeature-loginValidation - Can not navigate to myAccount page: User is not logged in
[INFO ] 2022-08-28 01:24:02.018-FE.LoginFeature-loginValidation - =========== TC: loginValidation passed  ===========
[INFO ] 2022-08-28 01:24:02.018-FE.LoginFeature-loginValidation - =========== TC: loginValidation started: ===========
[INFO ] 2022-08-28 01:24:05.464-FE.LoginFeature-loginValidation - set username as: 
[INFO ] 2022-08-28 01:24:05.613-FE.LoginFeature-loginValidation - set password as: 
[INFO ] 2022-08-28 01:24:08.353-FE.LoginFeature-loginValidation - submitted login
[INFO ] 2022-08-28 01:24:08.499-FE.LoginFeature-loginValidation - Can not navigate to myAccount page: User is not logged in
[INFO ] 2022-08-28 01:24:08.701-FE.LoginFeature-loginValidation - =========== TC: loginValidation passed  ===========
