[INFO ] 2022-08-28 01:24:08.874-FE.LoginFeature-accountCreationUsingInvalidPersonalData - =========== TC: accountCreationUsingInvalidPersonalData started: ===========
[INFO ] 2022-08-28 01:24:12.768-FE.LoginFeature-accountCreationUsingInvalidPersonalData - Created a new  random email: test33371@gmail.com
[INFO ] 2022-08-28 01:24:13.161-FE.LoginFeature-accountCreationUsingInvalidPersonalData - Set test33371@gmail.com as a new email to create an account
[INFO ] 2022-08-28 01:24:13.351-FE.LoginFeature-accountCreationUsingInvalidPersonalData - Navigated to signup page
[INFO ] 2022-08-28 01:24:17.139-FE.LoginFeature-accountCreationUsingInvalidPersonalData - Selected gender as: male
[INFO ] 2022-08-28 01:24:17.284-FE.LoginFeature-accountCreationUsingInvalidPersonalData - Selected gender as: female
[INFO ] 2022-08-28 01:24:17.480-FE.LoginFeature-accountCreationUsingInvalidPersonalData - set firstname as: 
[INFO ] 2022-08-28 01:24:17.608-FE.LoginFeature-accountCreationUsingInvalidPersonalData - set lastName as: 
[INFO ] 2022-08-28 01:24:17.837-FE.LoginFeature-accountCreationUsingInvalidPersonalData - changed the default email to: 
[INFO ] 2022-08-28 01:24:17.953-FE.LoginFeature-accountCreationUsingInvalidPersonalData - set password as: 
[INFO ] 2022-08-28 01:24:18.040-FE.LoginFeature-accountCreationUsingInvalidPersonalData - Date:  selected
[INFO ] 2022-08-28 01:24:21.556-FE.LoginFeature-accountCreationUsingInvalidPersonalData - submitted account creation 
[INFO ] 2022-08-28 01:24:21.627-FE.LoginFeature-accountCreationUsingInvalidPersonalData - =========== TC: accountCreationUsingInvalidPersonalData passed  ===========
[INFO ] 2022-08-28 01:24:21.627-FE.LoginFeature-accountCreationUsingInvalidPersonalData - =========== TC: accountCreationUsingInvalidPersonalData started: ===========
[INFO ] 2022-08-28 01:24:25.185-FE.LoginFeature-accountCreationUsingInvalidPersonalData - Created a new  random email: test43309@gmail.com
[INFO ] 2022-08-28 01:24:25.529-FE.LoginFeature-accountCreationUsingInvalidPersonalData - Set test43309@gmail.com as a new email to create an account
[INFO ] 2022-08-28 01:24:25.724-FE.LoginFeature-accountCreationUsingInvalidPersonalData - Navigated to signup page
[INFO ] 2022-08-28 01:24:29.405-FE.LoginFeature-accountCreationUsingInvalidPersonalData - Selected gender as: male
[INFO ] 2022-08-28 01:24:29.484-FE.LoginFeature-accountCreationUsingInvalidPersonalData - Selected gender as: female
[INFO ] 2022-08-28 01:24:29.658-FE.LoginFeature-accountCreationUsingInvalidPersonalData - set firstname as: 9999999999
[INFO ] 2022-08-28 01:24:29.789-FE.LoginFeature-accountCreationUsingInvalidPersonalData - set lastName as: 88888888885
[INFO ] 2022-08-28 01:24:30.001-FE.LoginFeature-accountCreationUsingInvalidPersonalData - changed the default email to: raadelkader.gmail.com
[INFO ] 2022-08-28 01:24:30.122-FE.LoginFeature-accountCreationUsingInvalidPersonalData - set password as: 123
[INFO ] 2022-08-28 01:24:30.462-FE.LoginFeature-accountCreationUsingInvalidPersonalData - Date: 15//1993 selected
[INFO ] 2022-08-28 01:24:33.207-FE.LoginFeature-accountCreationUsingInvalidPersonalData - submitted account creation 
[INFO ] 2022-08-28 01:24:33.287-FE.LoginFeature-accountCreationUsingInvalidPersonalData - =========== TC: accountCreationUsingInvalidPersonalData passed  ===========
[INFO ] 2022-08-28 01:24:33.287-FE.LoginFeature-accountCreationUsingInvalidPersonalData - =========== TC: accountCreationUsingInvalidPersonalData started: ===========
[INFO ] 2022-08-28 01:24:37.102-FE.LoginFeature-accountCreationUsingInvalidPersonalData - Created a new  random email: test40942@gmail.com
[INFO ] 2022-08-28 01:24:37.424-FE.LoginFeature-accountCreationUsingInvalidPersonalData - Set test40942@gmail.com as a new email to create an account
[INFO ] 2022-08-28 01:24:37.609-FE.LoginFeature-accountCreationUsingInvalidPersonalData - Navigated to signup page
[INFO ] 2022-08-28 01:24:39.800-FE.LoginFeature-accountCreationUsingInvalidPersonalData - Selected gender as: male
[INFO ] 2022-08-28 01:24:39.890-FE.LoginFeature-accountCreationUsingInvalidPersonalData - Selected gender as: female
[INFO ] 2022-08-28 01:24:40.082-FE.LoginFeature-accountCreationUsingInvalidPersonalData - set firstname as: !#?//?@//
[INFO ] 2022-08-28 01:24:40.214-FE.LoginFeature-accountCreationUsingInvalidPersonalData - set lastName as: !#?//?@//
[INFO ] 2022-08-28 01:24:40.428-FE.LoginFeature-accountCreationUsingInvalidPersonalData - changed the default email to: test@
[INFO ] 2022-08-28 01:24:40.639-FE.LoginFeature-accountCreationUsingInvalidPersonalData - set password as: /999999999999999999999999999999999999999999999999999999999999999
[INFO ] 2022-08-28 01:24:41.012-FE.LoginFeature-accountCreationUsingInvalidPersonalData - Date: /10/1994 selected
[INFO ] 2022-08-28 01:24:43.053-FE.LoginFeature-accountCreationUsingInvalidPersonalData - submitted account creation 
[INFO ] 2022-08-28 01:24:43.116-FE.LoginFeature-accountCreationUsingInvalidPersonalData - =========== TC: accountCreationUsingInvalidPersonalData passed  ===========
[INFO ] 2022-08-28 01:24:43.116-FE.LoginFeature-accountCreationUsingInvalidPersonalData - =========== TC: accountCreationUsingInvalidPersonalData started: ===========
[INFO ] 2022-08-28 01:24:47.110-FE.LoginFeature-accountCreationUsingInvalidPersonalData - Created a new  random email: test23471@gmail.com
[INFO ] 2022-08-28 01:24:47.418-FE.LoginFeature-accountCreationUsingInvalidPersonalData - Set test23471@gmail.com as a new email to create an account
[INFO ] 2022-08-28 01:24:47.589-FE.LoginFeature-accountCreationUsingInvalidPersonalData - Navigated to signup page
[INFO ] 2022-08-28 01:24:50.951-FE.LoginFeature-accountCreationUsingInvalidPersonalData - Selected gender as: male
[INFO ] 2022-08-28 01:24:51.027-FE.LoginFeature-accountCreationUsingInvalidPersonalData - Selected gender as: female
[INFO ] 2022-08-28 01:24:51.201-FE.LoginFeature-accountCreationUsingInvalidPersonalData - set firstname as: 15.15.1998
[INFO ] 2022-08-28 01:24:51.366-FE.LoginFeature-accountCreationUsingInvalidPersonalData - set lastName as: 15.15.1998
[INFO ] 2022-08-28 01:24:51.675-FE.LoginFeature-accountCreationUsingInvalidPersonalData - changed the default email to: 77777
[INFO ] 2022-08-28 01:24:51.856-FE.LoginFeature-accountCreationUsingInvalidPersonalData - set password as: x
[INFO ] 2022-08-28 01:24:52.190-FE.LoginFeature-accountCreationUsingInvalidPersonalData - Date: 15/10/ selected
[INFO ] 2022-08-28 01:24:55.256-FE.LoginFeature-accountCreationUsingInvalidPersonalData - submitted account creation 
[INFO ] 2022-08-28 01:24:55.319-FE.LoginFeature-accountCreationUsingInvalidPersonalData - =========== TC: accountCreationUsingInvalidPersonalData passed  ===========
