[INFO ] 2022-09-25 02:07:36.725-FE.LoginFeature-accountCreationUsingInvalidPersonalData - =========== TC: accountCreationUsingInvalidPersonalData started: ===========
[INFO ] 2022-09-25 02:07:40.183-FE.LoginFeature-accountCreationUsingInvalidPersonalData - Created a new  random email: test74241@gmail.com
[INFO ] 2022-09-25 02:07:40.613-FE.LoginFeature-accountCreationUsingInvalidPersonalData - Set test74241@gmail.com as a new email to create an account
[INFO ] 2022-09-25 02:07:40.888-FE.LoginFeature-accountCreationUsingInvalidPersonalData - Navigated to signup page
[INFO ] 2022-09-25 02:07:44.502-FE.LoginFeature-accountCreationUsingInvalidPersonalData - Selected gender as: male
[INFO ] 2022-09-25 02:07:44.614-FE.LoginFeature-accountCreationUsingInvalidPersonalData - Selected gender as: female
[INFO ] 2022-09-25 02:07:44.810-FE.LoginFeature-accountCreationUsingInvalidPersonalData - set firstname as: 
[INFO ] 2022-09-25 02:07:44.932-FE.LoginFeature-accountCreationUsingInvalidPersonalData - set lastName as: 
[INFO ] 2022-09-25 02:07:45.140-FE.LoginFeature-accountCreationUsingInvalidPersonalData - changed the default email to: 
[INFO ] 2022-09-25 02:07:45.265-FE.LoginFeature-accountCreationUsingInvalidPersonalData - set password as: 
[INFO ] 2022-09-25 02:07:45.378-FE.LoginFeature-accountCreationUsingInvalidPersonalData - Date:  selected
[INFO ] 2022-09-25 02:07:48.226-FE.LoginFeature-accountCreationUsingInvalidPersonalData - submitted account creation 
[INFO ] 2022-09-25 02:07:48.307-FE.LoginFeature-accountCreationUsingInvalidPersonalData - =========== TC: accountCreationUsingInvalidPersonalData passed  ===========
[INFO ] 2022-09-25 02:07:48.307-FE.LoginFeature-accountCreationUsingInvalidPersonalData - =========== TC: accountCreationUsingInvalidPersonalData started: ===========
[INFO ] 2022-09-25 02:07:52.057-FE.LoginFeature-accountCreationUsingInvalidPersonalData - Created a new  random email: test25234@gmail.com
[INFO ] 2022-09-25 02:07:52.437-FE.LoginFeature-accountCreationUsingInvalidPersonalData - Set test25234@gmail.com as a new email to create an account
[INFO ] 2022-09-25 02:07:52.647-FE.LoginFeature-accountCreationUsingInvalidPersonalData - Navigated to signup page
[INFO ] 2022-09-25 02:07:57.037-FE.LoginFeature-accountCreationUsingInvalidPersonalData - Selected gender as: male
[INFO ] 2022-09-25 02:07:57.155-FE.LoginFeature-accountCreationUsingInvalidPersonalData - Selected gender as: female
[INFO ] 2022-09-25 02:07:57.331-FE.LoginFeature-accountCreationUsingInvalidPersonalData - set firstname as: 9999999999
[INFO ] 2022-09-25 02:07:57.478-FE.LoginFeature-accountCreationUsingInvalidPersonalData - set lastName as: 88888888885
[INFO ] 2022-09-25 02:07:57.714-FE.LoginFeature-accountCreationUsingInvalidPersonalData - changed the default email to: raadelkader.gmail.com
[INFO ] 2022-09-25 02:07:57.831-FE.LoginFeature-accountCreationUsingInvalidPersonalData - set password as: 123
[INFO ] 2022-09-25 02:07:58.198-FE.LoginFeature-accountCreationUsingInvalidPersonalData - Date: 15//1993 selected
[INFO ] 2022-09-25 02:08:00.674-FE.LoginFeature-accountCreationUsingInvalidPersonalData - submitted account creation 
[INFO ] 2022-09-25 02:08:00.760-FE.LoginFeature-accountCreationUsingInvalidPersonalData - =========== TC: accountCreationUsingInvalidPersonalData passed  ===========
[INFO ] 2022-09-25 02:08:00.771-FE.LoginFeature-accountCreationUsingInvalidPersonalData - =========== TC: accountCreationUsingInvalidPersonalData started: ===========
[INFO ] 2022-09-25 02:08:03.694-FE.LoginFeature-accountCreationUsingInvalidPersonalData - Created a new  random email: test99984@gmail.com
[INFO ] 2022-09-25 02:08:04.054-FE.LoginFeature-accountCreationUsingInvalidPersonalData - Set test99984@gmail.com as a new email to create an account
[INFO ] 2022-09-25 02:08:04.279-FE.LoginFeature-accountCreationUsingInvalidPersonalData - Navigated to signup page
[INFO ] 2022-09-25 02:08:08.532-FE.LoginFeature-accountCreationUsingInvalidPersonalData - Selected gender as: male
[INFO ] 2022-09-25 02:08:08.691-FE.LoginFeature-accountCreationUsingInvalidPersonalData - Selected gender as: female
[INFO ] 2022-09-25 02:08:08.939-FE.LoginFeature-accountCreationUsingInvalidPersonalData - set firstname as: !#?//?@//
[INFO ] 2022-09-25 02:08:09.155-FE.LoginFeature-accountCreationUsingInvalidPersonalData - set lastName as: !#?//?@//
[INFO ] 2022-09-25 02:08:09.430-FE.LoginFeature-accountCreationUsingInvalidPersonalData - changed the default email to: test@
[INFO ] 2022-09-25 02:08:09.722-FE.LoginFeature-accountCreationUsingInvalidPersonalData - set password as: /999999999999999999999999999999999999999999999999999999999999999
[INFO ] 2022-09-25 02:08:10.148-FE.LoginFeature-accountCreationUsingInvalidPersonalData - Date: /10/1994 selected
[INFO ] 2022-09-25 02:08:14.724-FE.LoginFeature-accountCreationUsingInvalidPersonalData - submitted account creation 
[INFO ] 2022-09-25 02:08:14.825-FE.LoginFeature-accountCreationUsingInvalidPersonalData - =========== TC: accountCreationUsingInvalidPersonalData passed  ===========
[INFO ] 2022-09-25 02:08:14.834-FE.LoginFeature-accountCreationUsingInvalidPersonalData - =========== TC: accountCreationUsingInvalidPersonalData started: ===========
[INFO ] 2022-09-25 02:08:20.507-FE.LoginFeature-accountCreationUsingInvalidPersonalData - Created a new  random email: test9674@gmail.com
[INFO ] 2022-09-25 02:08:20.959-FE.LoginFeature-accountCreationUsingInvalidPersonalData - Set test9674@gmail.com as a new email to create an account
[INFO ] 2022-09-25 02:08:21.181-FE.LoginFeature-accountCreationUsingInvalidPersonalData - Navigated to signup page
[INFO ] 2022-09-25 02:08:25.968-FE.LoginFeature-accountCreationUsingInvalidPersonalData - Selected gender as: male
[INFO ] 2022-09-25 02:08:26.119-FE.LoginFeature-accountCreationUsingInvalidPersonalData - Selected gender as: female
[INFO ] 2022-09-25 02:08:26.370-FE.LoginFeature-accountCreationUsingInvalidPersonalData - set firstname as: 15.15.1998
[INFO ] 2022-09-25 02:08:26.604-FE.LoginFeature-accountCreationUsingInvalidPersonalData - set lastName as: 15.15.1998
[INFO ] 2022-09-25 02:08:26.922-FE.LoginFeature-accountCreationUsingInvalidPersonalData - changed the default email to: 77777
[INFO ] 2022-09-25 02:08:27.115-FE.LoginFeature-accountCreationUsingInvalidPersonalData - set password as: x
[INFO ] 2022-09-25 02:08:27.506-FE.LoginFeature-accountCreationUsingInvalidPersonalData - Date: 15/10/ selected
[INFO ] 2022-09-25 02:08:33.379-FE.LoginFeature-accountCreationUsingInvalidPersonalData - submitted account creation 
[INFO ] 2022-09-25 02:08:33.463-FE.LoginFeature-accountCreationUsingInvalidPersonalData - =========== TC: accountCreationUsingInvalidPersonalData passed  ===========
