[INFO ] 2022-08-29 02:21:15.992-FE.LoginFeature-accountCreationUsingInvalidPersonalData - =========== TC: accountCreationUsingInvalidPersonalData started: ===========
[INFO ] 2022-08-29 02:21:20.889-FE.LoginFeature-accountCreationUsingInvalidPersonalData - Created a new  random email: test16579@gmail.com
[INFO ] 2022-08-29 02:21:21.127-FE.LoginFeature-accountCreationUsingInvalidPersonalData - Set test16579@gmail.com as a new email to create an account
[INFO ] 2022-08-29 02:21:21.226-FE.LoginFeature-accountCreationUsingInvalidPersonalData - Navigated to signup page
[INFO ] 2022-08-29 02:21:24.811-FE.LoginFeature-accountCreationUsingInvalidPersonalData - Selected gender as: male
[INFO ] 2022-08-29 02:21:24.884-FE.LoginFeature-accountCreationUsingInvalidPersonalData - Selected gender as: female
[INFO ] 2022-08-29 02:21:24.975-FE.LoginFeature-accountCreationUsingInvalidPersonalData - set firstname as: 
[INFO ] 2022-08-29 02:21:25.051-FE.LoginFeature-accountCreationUsingInvalidPersonalData - set lastName as: 
[INFO ] 2022-08-29 02:21:25.320-FE.LoginFeature-accountCreationUsingInvalidPersonalData - changed the default email to: 
[INFO ] 2022-08-29 02:21:25.423-FE.LoginFeature-accountCreationUsingInvalidPersonalData - set password as: 
[INFO ] 2022-08-29 02:21:25.512-FE.LoginFeature-accountCreationUsingInvalidPersonalData - Date:  selected
[INFO ] 2022-08-29 02:21:28.606-FE.LoginFeature-accountCreationUsingInvalidPersonalData - submitted account creation 
[INFO ] 2022-08-29 02:21:28.685-FE.LoginFeature-accountCreationUsingInvalidPersonalData - =========== TC: accountCreationUsingInvalidPersonalData passed  ===========
[INFO ] 2022-08-29 02:21:28.685-FE.LoginFeature-accountCreationUsingInvalidPersonalData - =========== TC: accountCreationUsingInvalidPersonalData started: ===========
[INFO ] 2022-08-29 02:21:38.048-FE.LoginFeature-accountCreationUsingInvalidPersonalData - Created a new  random email: test67736@gmail.com
[INFO ] 2022-08-29 02:21:38.356-FE.LoginFeature-accountCreationUsingInvalidPersonalData - Set test67736@gmail.com as a new email to create an account
[INFO ] 2022-08-29 02:21:38.559-FE.LoginFeature-accountCreationUsingInvalidPersonalData - Navigated to signup page
[INFO ] 2022-08-29 02:21:41.753-FE.LoginFeature-accountCreationUsingInvalidPersonalData - Selected gender as: male
[INFO ] 2022-08-29 02:21:41.890-FE.LoginFeature-accountCreationUsingInvalidPersonalData - Selected gender as: female
[INFO ] 2022-08-29 02:21:42.153-FE.LoginFeature-accountCreationUsingInvalidPersonalData - set firstname as: 9999999999
[INFO ] 2022-08-29 02:21:42.350-FE.LoginFeature-accountCreationUsingInvalidPersonalData - set lastName as: 88888888885
[INFO ] 2022-08-29 02:21:42.669-FE.LoginFeature-accountCreationUsingInvalidPersonalData - changed the default email to: raadelkader.gmail.com
[INFO ] 2022-08-29 02:21:42.864-FE.LoginFeature-accountCreationUsingInvalidPersonalData - set password as: 123
[INFO ] 2022-08-29 02:21:43.378-FE.LoginFeature-accountCreationUsingInvalidPersonalData - Date: 15//1993 selected
[INFO ] 2022-08-29 02:21:45.102-FE.LoginFeature-accountCreationUsingInvalidPersonalData - submitted account creation 
[INFO ] 2022-08-29 02:21:45.177-FE.LoginFeature-accountCreationUsingInvalidPersonalData - =========== TC: accountCreationUsingInvalidPersonalData passed  ===========
[INFO ] 2022-08-29 02:21:45.186-FE.LoginFeature-accountCreationUsingInvalidPersonalData - =========== TC: accountCreationUsingInvalidPersonalData started: ===========
[INFO ] 2022-08-29 02:21:47.697-FE.LoginFeature-accountCreationUsingInvalidPersonalData - Created a new  random email: test61431@gmail.com
[INFO ] 2022-08-29 02:21:47.967-FE.LoginFeature-accountCreationUsingInvalidPersonalData - Set test61431@gmail.com as a new email to create an account
[INFO ] 2022-08-29 02:21:48.125-FE.LoginFeature-accountCreationUsingInvalidPersonalData - Navigated to signup page
[INFO ] 2022-08-29 02:21:51.116-FE.LoginFeature-accountCreationUsingInvalidPersonalData - Selected gender as: male
[INFO ] 2022-08-29 02:21:51.220-FE.LoginFeature-accountCreationUsingInvalidPersonalData - Selected gender as: female
[INFO ] 2022-08-29 02:21:51.421-FE.LoginFeature-accountCreationUsingInvalidPersonalData - set firstname as: !#?//?@//
[INFO ] 2022-08-29 02:21:51.561-FE.LoginFeature-accountCreationUsingInvalidPersonalData - set lastName as: !#?//?@//
[INFO ] 2022-08-29 02:21:51.759-FE.LoginFeature-accountCreationUsingInvalidPersonalData - changed the default email to: test@
[INFO ] 2022-08-29 02:21:52.003-FE.LoginFeature-accountCreationUsingInvalidPersonalData - set password as: /999999999999999999999999999999999999999999999999999999999999999
[INFO ] 2022-08-29 02:21:52.375-FE.LoginFeature-accountCreationUsingInvalidPersonalData - Date: /10/1994 selected
[INFO ] 2022-08-29 02:21:53.999-FE.LoginFeature-accountCreationUsingInvalidPersonalData - submitted account creation 
[INFO ] 2022-08-29 02:21:54.067-FE.LoginFeature-accountCreationUsingInvalidPersonalData - =========== TC: accountCreationUsingInvalidPersonalData passed  ===========
[INFO ] 2022-08-29 02:21:54.071-FE.LoginFeature-accountCreationUsingInvalidPersonalData - =========== TC: accountCreationUsingInvalidPersonalData started: ===========
[INFO ] 2022-08-29 02:21:57.037-FE.LoginFeature-accountCreationUsingInvalidPersonalData - Created a new  random email: test54513@gmail.com
[INFO ] 2022-08-29 02:21:57.310-FE.LoginFeature-accountCreationUsingInvalidPersonalData - Set test54513@gmail.com as a new email to create an account
[INFO ] 2022-08-29 02:21:57.467-FE.LoginFeature-accountCreationUsingInvalidPersonalData - Navigated to signup page
[INFO ] 2022-08-29 02:22:01.118-FE.LoginFeature-accountCreationUsingInvalidPersonalData - Selected gender as: male
[INFO ] 2022-08-29 02:22:01.224-FE.LoginFeature-accountCreationUsingInvalidPersonalData - Selected gender as: female
[INFO ] 2022-08-29 02:22:01.408-FE.LoginFeature-accountCreationUsingInvalidPersonalData - set firstname as: 15.15.1998
[INFO ] 2022-08-29 02:22:01.534-FE.LoginFeature-accountCreationUsingInvalidPersonalData - set lastName as: 15.15.1998
[INFO ] 2022-08-29 02:22:01.746-FE.LoginFeature-accountCreationUsingInvalidPersonalData - changed the default email to: 77777
[INFO ] 2022-08-29 02:22:01.854-FE.LoginFeature-accountCreationUsingInvalidPersonalData - set password as: x
[INFO ] 2022-08-29 02:22:02.146-FE.LoginFeature-accountCreationUsingInvalidPersonalData - Date: 15/10/ selected
[INFO ] 2022-08-29 02:22:03.901-FE.LoginFeature-accountCreationUsingInvalidPersonalData - submitted account creation 
[INFO ] 2022-08-29 02:22:03.959-FE.LoginFeature-accountCreationUsingInvalidPersonalData - =========== TC: accountCreationUsingInvalidPersonalData passed  ===========
